[0.041s] Invoking command in '/home/ekyriakos/my_ws/src/build/turtle_fusion': CMAKE_PREFIX_PATH=${CMAKE_PREFIX_PATH}:/opt/ros/galactic /usr/bin/cmake /home/ekyriakos/my_ws/src/turtle_fusion -DCMAKE_INSTALL_PREFIX=/home/ekyriakos/my_ws/src/install/turtle_fusion
[0.147s] -- The C compiler identification is GNU 9.4.0
[0.277s] -- The CXX compiler identification is GNU 9.4.0
[0.292s] -- Check for working C compiler: /usr/bin/cc
[0.435s] -- Check for working C compiler: /usr/bin/cc -- works
[0.435s] -- Detecting C compiler ABI info
[0.642s] -- Detecting C compiler ABI info - done
[0.661s] -- Detecting C compile features
[0.662s] -- Detecting C compile features - done
[0.667s] -- Check for working CXX compiler: /usr/bin/c++
[0.805s] -- Check for working CXX compiler: /usr/bin/c++ -- works
[0.807s] -- Detecting CXX compiler ABI info
[0.977s] -- Detecting CXX compiler ABI info - done
[0.996s] -- Detecting CXX compile features
[0.999s] -- Detecting CXX compile features - done
[1.002s] -- Found ament_cmake: 1.1.5 (/opt/ros/galactic/share/ament_cmake/cmake)
[1.048s] -- Found PythonInterp: /usr/bin/python3 (found suitable version "3.8.10", minimum required is "3") 
[1.048s] -- Using PYTHON_EXECUTABLE: /usr/bin/python3
[1.190s] -- Found rclcpp: 9.2.1 (/opt/ros/galactic/share/rclcpp/cmake)
[1.310s] -- Using all available rosidl_typesupport_c: rosidl_typesupport_fastrtps_c;rosidl_typesupport_introspection_c
[1.323s] -- Found rosidl_adapter: 2.2.2 (/opt/ros/galactic/share/rosidl_adapter/cmake)
[1.497s] -- Found OpenSSL: /usr/lib/x86_64-linux-gnu/libcrypto.so (found version "1.1.1f")  
[1.573s] -- Found FastRTPS: /opt/ros/galactic/include  
[1.761s] -- Using all available rosidl_typesupport_cpp: rosidl_typesupport_fastrtps_cpp;rosidl_typesupport_introspection_cpp
[1.919s] -- Found rmw_implementation_cmake: 3.3.1 (/opt/ros/galactic/share/rmw_implementation_cmake/cmake)
[1.927s] -- Found rmw_cyclonedds_cpp: 0.22.5 (/opt/ros/galactic/share/rmw_cyclonedds_cpp/cmake)
[1.987s] -- Using RMW implementation 'rmw_cyclonedds_cpp' as default
[1.990s] -- Looking for pthread.h
[2.179s] -- Looking for pthread.h - found
[2.179s] -- Performing Test CMAKE_HAVE_LIBC_PTHREAD
[2.345s] -- Performing Test CMAKE_HAVE_LIBC_PTHREAD - Failed
[2.345s] -- Looking for pthread_create in pthreads
[2.445s] -- Looking for pthread_create in pthreads - not found
[2.446s] -- Looking for pthread_create in pthread
[2.581s] -- Looking for pthread_create in pthread - found
[2.583s] -- Found Threads: TRUE  
[2.967s] -- Found turtle_interfaces: 0.0.0 (/home/ekyriakos/my_ws/install/turtle_interfaces/share/turtle_interfaces/cmake)
[3.244s] -- Found turtle_common: 0.0.0 (/home/ekyriakos/my_ws/install/turtle_common/share/turtle_common/cmake)
[3.730s] -- Found OpenCV: /usr (found version "4.2.0") 
[3.744s] -- Found tf2_ros: 0.17.4 (/opt/ros/galactic/share/tf2_ros/cmake)
[4.794s] -- Found rosbag2_cpp: 0.9.1 (/opt/ros/galactic/share/rosbag2_cpp/cmake)
[4.901s] -- Found ament_lint_auto: 0.10.7 (/opt/ros/galactic/share/ament_lint_auto/cmake)
[5.093s] -- Added test 'copyright' to check source files copyright and LICENSE
[5.103s] -- Added test 'cppcheck' to perform static code analysis on C / C++ code
[5.105s] -- Configured cppcheck include dirs: /home/ekyriakos/my_ws/src/turtle_fusion/include
[5.105s] -- Configured cppcheck exclude dirs and/or files: 
[5.113s] -- Added test 'cpplint' to check C / C++ code against the Google style
[5.114s] -- Configured cpplint exclude dirs and/or files: 
[5.124s] -- Added test 'lint_cmake' to check CMake code style
[5.132s] -- Added test 'uncrustify' to check C / C++ code style
[5.132s] -- Configured uncrustify additional arguments: 
[5.138s] -- Added test 'xmllint' to check XML markup files
[5.145s] -- Configuring done
[5.207s] -- Generating done
[5.213s] -- Build files have been written to: /home/ekyriakos/my_ws/src/build/turtle_fusion
[5.241s] Invoked command in '/home/ekyriakos/my_ws/src/build/turtle_fusion' returned '0': CMAKE_PREFIX_PATH=${CMAKE_PREFIX_PATH}:/opt/ros/galactic /usr/bin/cmake /home/ekyriakos/my_ws/src/turtle_fusion -DCMAKE_INSTALL_PREFIX=/home/ekyriakos/my_ws/src/install/turtle_fusion
[5.243s] Invoking command in '/home/ekyriakos/my_ws/src/build/turtle_fusion': CMAKE_PREFIX_PATH=${CMAKE_PREFIX_PATH}:/opt/ros/galactic /usr/bin/cmake --build /home/ekyriakos/my_ws/src/build/turtle_fusion -- -j4 -l4
[5.437s] [35m[1mScanning dependencies of target fusion[0m
[5.704s] [ 25%] [32mBuilding CXX object CMakeFiles/fusion.dir/src/early_fusion.cpp.o[0m
[22.554s] In file included from [01m[K/home/ekyriakos/my_ws/src/turtle_fusion/include/turtle_fusion/FusionHandler.hpp:12[m[K,
[22.556s]                  from [01m[K/home/ekyriakos/my_ws/src/turtle_fusion/src/early_fusion.cpp:10[m[K:
[22.556s] [01m[K/home/ekyriakos/my_ws/src/turtle_fusion/include/turtle_fusion/Fusion.hpp:[m[K In member function ‘[01m[Kvoid Fusion::find_inside_bounding_boxes(turtle_interfaces::msg::BoundingBoxes)[m[K’:
[22.557s] [01m[K/home/ekyriakos/my_ws/src/turtle_fusion/include/turtle_fusion/Fusion.hpp:184:19:[m[K [01;35m[Kwarning: [m[Kcomparison of integer expressions of different signedness: ‘[01m[Kint[m[K’ and ‘[01m[Kstd::vector<double, std::allocator<double> >::size_type[m[K’ {aka ‘[01m[Klong unsigned int[m[K’} [[01;35m[K-Wsign-compare[m[K]
[22.557s]   184 |     for(int i=0; [01;35m[Ki<cam_msg.x.size()[m[K; i++){
[22.558s]       |                  [01;35m[K~^~~~~~~~~~~~~~~~~[m[K
[22.558s] In file included from [01m[K/home/ekyriakos/my_ws/src/turtle_fusion/include/turtle_fusion/FusionHandler.hpp:12[m[K,
[22.558s]                  from [01m[K/home/ekyriakos/my_ws/src/turtle_fusion/src/early_fusion.cpp:10[m[K:
[22.559s] [01m[K/home/ekyriakos/my_ws/src/turtle_fusion/include/turtle_fusion/Fusion.hpp:189:23:[m[K [01;35m[Kwarning: [m[Kcomparison of integer expressions of different signedness: ‘[01m[Kint[m[K’ and ‘[01m[Kstd::vector<cv::Point_<float> >::size_type[m[K’ {aka ‘[01m[Klong unsigned int[m[K’} [[01;35m[K-Wsign-compare[m[K]
[22.560s]   189 |         for(int j=0; [01;35m[Kj<px.size()[m[K; j++){
[22.560s]       |                      [01;35m[K~^~~~~~~~~~[m[K
[22.561s] [01m[K/home/ekyriakos/my_ws/src/turtle_fusion/include/turtle_fusion/Fusion.hpp:[m[K In member function ‘[01m[Kvoid Fusion::assign_bb_pcl(std::vector<float>)[m[K’:
[22.561s] [01m[K/home/ekyriakos/my_ws/src/turtle_fusion/include/turtle_fusion/Fusion.hpp:221:20:[m[K [01;35m[Kwarning: [m[Kcomparison of integer expressions of different signedness: ‘[01m[Kint[m[K’ and ‘[01m[Kstd::vector<float>::size_type[m[K’ {aka ‘[01m[Klong unsigned int[m[K’} [[01;35m[K-Wsign-compare[m[K]
[22.562s]   221 |     for (int i=0; [01;35m[Ki<id.size()[m[K; i++){
[22.562s]       |                   [01;35m[K~^~~~~~~~~~[m[K
[22.562s] [01m[K/home/ekyriakos/my_ws/src/turtle_fusion/include/turtle_fusion/Fusion.hpp:[m[K In member function ‘[01m[Kvoid Fusion::extract_distance(std::vector<float>, std::vector<float>, std::vector<float>, int)[m[K’:
[22.563s] [01m[K/home/ekyriakos/my_ws/src/turtle_fusion/include/turtle_fusion/Fusion.hpp:235:19:[m[K [01;35m[Kwarning: [m[Kcomparison of integer expressions of different signedness: ‘[01m[Kint[m[K’ and ‘[01m[Kstd::vector<float>::size_type[m[K’ {aka ‘[01m[Klong unsigned int[m[K’} [[01;35m[K-Wsign-compare[m[K]
[22.563s]   235 |     for(int i=0; [01;35m[Ki<v_x.size()[m[K; i++){
[22.563s]       |                  [01;35m[K~^~~~~~~~~~~[m[K
[22.563s] [01m[K/home/ekyriakos/my_ws/src/turtle_fusion/include/turtle_fusion/Fusion.hpp:253:19:[m[K [01;35m[Kwarning: [m[Kcomparison of integer expressions of different signedness: ‘[01m[Kint[m[K’ and ‘[01m[Kstd::vector<float>::size_type[m[K’ {aka ‘[01m[Klong unsigned int[m[K’} [[01;35m[K-Wsign-compare[m[K]
[22.563s]   253 |     for(int i=0; [01;35m[Ki<v_x.size()[m[K; i++){
[22.564s]       |                  [01;35m[K~^~~~~~~~~~~[m[K
[65.707s] [ 50%] [32m[1mLinking CXX static library libfusion.a[0m
[66.515s] [ 50%] Built target fusion
[66.548s] [35m[1mScanning dependencies of target camera_lidar_fusion[0m
[66.822s] [ 75%] [32mBuilding CXX object CMakeFiles/camera_lidar_fusion.dir/src/main.cpp.o[0m
[85.016s] In file included from [01m[K/home/ekyriakos/my_ws/src/turtle_fusion/include/turtle_fusion/FusionHandler.hpp:12[m[K,
[85.016s]                  from [01m[K/home/ekyriakos/my_ws/src/turtle_fusion/src/early_fusion.cpp:10[m[K,
[85.016s]                  from [01m[K/home/ekyriakos/my_ws/src/turtle_fusion/src/main.cpp:1[m[K:
[85.017s] [01m[K/home/ekyriakos/my_ws/src/turtle_fusion/include/turtle_fusion/Fusion.hpp:[m[K In member function ‘[01m[Kvoid Fusion::find_inside_bounding_boxes(turtle_interfaces::msg::BoundingBoxes)[m[K’:
[85.017s] [01m[K/home/ekyriakos/my_ws/src/turtle_fusion/include/turtle_fusion/Fusion.hpp:184:19:[m[K [01;35m[Kwarning: [m[Kcomparison of integer expressions of different signedness: ‘[01m[Kint[m[K’ and ‘[01m[Kstd::vector<double, std::allocator<double> >::size_type[m[K’ {aka ‘[01m[Klong unsigned int[m[K’} [[01;35m[K-Wsign-compare[m[K]
[85.018s]   184 |     for(int i=0; [01;35m[Ki<cam_msg.x.size()[m[K; i++){
[85.018s]       |                  [01;35m[K~^~~~~~~~~~~~~~~~~[m[K
[85.019s] In file included from [01m[K/home/ekyriakos/my_ws/src/turtle_fusion/include/turtle_fusion/FusionHandler.hpp:12[m[K,
[85.019s]                  from [01m[K/home/ekyriakos/my_ws/src/turtle_fusion/src/early_fusion.cpp:10[m[K,
[85.020s]                  from [01m[K/home/ekyriakos/my_ws/src/turtle_fusion/src/main.cpp:1[m[K:
[85.020s] [01m[K/home/ekyriakos/my_ws/src/turtle_fusion/include/turtle_fusion/Fusion.hpp:189:23:[m[K [01;35m[Kwarning: [m[Kcomparison of integer expressions of different signedness: ‘[01m[Kint[m[K’ and ‘[01m[Kstd::vector<cv::Point_<float> >::size_type[m[K’ {aka ‘[01m[Klong unsigned int[m[K’} [[01;35m[K-Wsign-compare[m[K]
[85.020s]   189 |         for(int j=0; [01;35m[Kj<px.size()[m[K; j++){
[85.021s]       |                      [01;35m[K~^~~~~~~~~~[m[K
[85.024s] [01m[K/home/ekyriakos/my_ws/src/turtle_fusion/include/turtle_fusion/Fusion.hpp:[m[K In member function ‘[01m[Kvoid Fusion::assign_bb_pcl(std::vector<float>)[m[K’:
[85.025s] [01m[K/home/ekyriakos/my_ws/src/turtle_fusion/include/turtle_fusion/Fusion.hpp:221:20:[m[K [01;35m[Kwarning: [m[Kcomparison of integer expressions of different signedness: ‘[01m[Kint[m[K’ and ‘[01m[Kstd::vector<float>::size_type[m[K’ {aka ‘[01m[Klong unsigned int[m[K’} [[01;35m[K-Wsign-compare[m[K]
[85.026s]   221 |     for (int i=0; [01;35m[Ki<id.size()[m[K; i++){
[85.026s]       |                   [01;35m[K~^~~~~~~~~~[m[K
[85.028s] [01m[K/home/ekyriakos/my_ws/src/turtle_fusion/include/turtle_fusion/Fusion.hpp:[m[K In member function ‘[01m[Kvoid Fusion::extract_distance(std::vector<float>, std::vector<float>, std::vector<float>, int)[m[K’:
[85.028s] [01m[K/home/ekyriakos/my_ws/src/turtle_fusion/include/turtle_fusion/Fusion.hpp:235:19:[m[K [01;35m[Kwarning: [m[Kcomparison of integer expressions of different signedness: ‘[01m[Kint[m[K’ and ‘[01m[Kstd::vector<float>::size_type[m[K’ {aka ‘[01m[Klong unsigned int[m[K’} [[01;35m[K-Wsign-compare[m[K]
[85.029s]   235 |     for(int i=0; [01;35m[Ki<v_x.size()[m[K; i++){
[85.029s]       |                  [01;35m[K~^~~~~~~~~~~[m[K
[85.031s] [01m[K/home/ekyriakos/my_ws/src/turtle_fusion/include/turtle_fusion/Fusion.hpp:253:19:[m[K [01;35m[Kwarning: [m[Kcomparison of integer expressions of different signedness: ‘[01m[Kint[m[K’ and ‘[01m[Kstd::vector<float>::size_type[m[K’ {aka ‘[01m[Klong unsigned int[m[K’} [[01;35m[K-Wsign-compare[m[K]
[85.031s]   253 |     for(int i=0; [01;35m[Ki<v_x.size()[m[K; i++){
[85.032s]       |                  [01;35m[K~^~~~~~~~~~~[m[K
[106.080s] [100%] [32m[1mLinking CXX executable camera_lidar_fusion[0m
[108.042s] [100%] Built target camera_lidar_fusion
[108.086s] Invoked command in '/home/ekyriakos/my_ws/src/build/turtle_fusion' returned '0': CMAKE_PREFIX_PATH=${CMAKE_PREFIX_PATH}:/opt/ros/galactic /usr/bin/cmake --build /home/ekyriakos/my_ws/src/build/turtle_fusion -- -j4 -l4
[108.149s] Invoking command in '/home/ekyriakos/my_ws/src/build/turtle_fusion': CMAKE_PREFIX_PATH=${CMAKE_PREFIX_PATH}:/opt/ros/galactic /usr/bin/cmake --install /home/ekyriakos/my_ws/src/build/turtle_fusion
[108.169s] -- Install configuration: ""
[108.169s] -- Installing: /home/ekyriakos/my_ws/src/install/turtle_fusion/share/turtle_fusion/settings
[108.170s] -- Installing: /home/ekyriakos/my_ws/src/install/turtle_fusion/share/turtle_fusion/settings/topic_settings.ini
[108.171s] -- Installing: /home/ekyriakos/my_ws/src/install/turtle_fusion/lib/turtle_fusion/camera_lidar_fusion
[108.185s] -- Set runtime path of "/home/ekyriakos/my_ws/src/install/turtle_fusion/lib/turtle_fusion/camera_lidar_fusion" to ""
[108.185s] -- Installing: /home/ekyriakos/my_ws/src/install/turtle_fusion/share/ament_index/resource_index/package_run_dependencies/turtle_fusion
[108.187s] -- Installing: /home/ekyriakos/my_ws/src/install/turtle_fusion/share/ament_index/resource_index/parent_prefix_path/turtle_fusion
[108.188s] -- Installing: /home/ekyriakos/my_ws/src/install/turtle_fusion/share/turtle_fusion/environment/ament_prefix_path.sh
[108.189s] -- Installing: /home/ekyriakos/my_ws/src/install/turtle_fusion/share/turtle_fusion/environment/ament_prefix_path.dsv
[108.190s] -- Installing: /home/ekyriakos/my_ws/src/install/turtle_fusion/share/turtle_fusion/environment/path.sh
[108.191s] -- Installing: /home/ekyriakos/my_ws/src/install/turtle_fusion/share/turtle_fusion/environment/path.dsv
[108.192s] -- Installing: /home/ekyriakos/my_ws/src/install/turtle_fusion/share/turtle_fusion/local_setup.bash
[108.193s] -- Installing: /home/ekyriakos/my_ws/src/install/turtle_fusion/share/turtle_fusion/local_setup.sh
[108.193s] -- Installing: /home/ekyriakos/my_ws/src/install/turtle_fusion/share/turtle_fusion/local_setup.zsh
[108.194s] -- Installing: /home/ekyriakos/my_ws/src/install/turtle_fusion/share/turtle_fusion/local_setup.dsv
[108.194s] -- Installing: /home/ekyriakos/my_ws/src/install/turtle_fusion/share/turtle_fusion/package.dsv
[108.196s] -- Installing: /home/ekyriakos/my_ws/src/install/turtle_fusion/share/ament_index/resource_index/packages/turtle_fusion
[108.197s] -- Installing: /home/ekyriakos/my_ws/src/install/turtle_fusion/share/turtle_fusion/cmake/turtle_fusionConfig.cmake
[108.197s] -- Installing: /home/ekyriakos/my_ws/src/install/turtle_fusion/share/turtle_fusion/cmake/turtle_fusionConfig-version.cmake
[108.198s] -- Installing: /home/ekyriakos/my_ws/src/install/turtle_fusion/share/turtle_fusion/package.xml
[108.208s] Invoked command in '/home/ekyriakos/my_ws/src/build/turtle_fusion' returned '0': CMAKE_PREFIX_PATH=${CMAKE_PREFIX_PATH}:/opt/ros/galactic /usr/bin/cmake --install /home/ekyriakos/my_ws/src/build/turtle_fusion
