[100%] Built target fsmath
-- Install configuration: ""
-- Up-to-date: /home/ekyriakos/my_ws/src/install/turtle_common/share/turtle_common/environment/library_path.sh
-- Up-to-date: /home/ekyriakos/my_ws/src/install/turtle_common/share/turtle_common/environment/library_path.dsv
-- Up-to-date: /home/ekyriakos/my_ws/src/install/turtle_common/include
-- Up-to-date: /home/ekyriakos/my_ws/src/install/turtle_common/include/turtle_common
-- Up-to-date: /home/ekyriakos/my_ws/src/install/turtle_common/include/turtle_common/cone.cpp
-- Up-to-date: /home/ekyriakos/my_ws/src/install/turtle_common/include/turtle_common/pose.hpp
-- Up-to-date: /home/ekyriakos/my_ws/src/install/turtle_common/include/turtle_common/twist.hpp
-- Up-to-date: /home/ekyriakos/my_ws/src/install/turtle_common/include/turtle_common/cone.hpp
-- Up-to-date: /home/ekyriakos/my_ws/src/install/turtle_common/include/turtle_common/start_finish_line.hpp
-- Up-to-date: /home/ekyriakos/my_ws/src/install/turtle_common/include/turtle_common/ECUParams.hpp
-- Up-to-date: /home/ekyriakos/my_ws/src/install/turtle_common/include/turtle_common/vehicle_model.h
-- Up-to-date: /home/ekyriakos/my_ws/src/install/turtle_common/include/turtle_common/VehicleParams.h
-- Up-to-date: /home/ekyriakos/my_ws/src/install/turtle_common/include/turtle_common/fsmath_conversions.hpp
-- Up-to-date: /home/ekyriakos/my_ws/src/install/turtle_common/include/turtle_common/State.h
-- Up-to-date: /home/ekyriakos/my_ws/src/install/turtle_common/include/turtle_common/odometry.hpp
-- Up-to-date: /home/ekyriakos/my_ws/src/install/turtle_common/include/turtle_common/cone_color.hpp
-- Up-to-date: /home/ekyriakos/my_ws/src/install/turtle_common/include/turtle_common/fsmath.h
-- Up-to-date: /home/ekyriakos/my_ws/src/install/turtle_common/include/turtle_common/g2o
-- Up-to-date: /home/ekyriakos/my_ws/src/install/turtle_common/include/turtle_common/g2o/eigen_types.h
-- Up-to-date: /home/ekyriakos/my_ws/src/install/turtle_common/include/turtle_common/g2o/se2.h
-- Up-to-date: /home/ekyriakos/my_ws/src/install/turtle_common/include/turtle_common/track.hpp
-- Up-to-date: /home/ekyriakos/my_ws/src/install/turtle_common/include/turtle_common/Input.h
-- Up-to-date: /home/ekyriakos/my_ws/src/install/turtle_common/share/turtle_common//track_points
-- Up-to-date: /home/ekyriakos/my_ws/src/install/turtle_common/share/turtle_common//track_points/raceway4
-- Up-to-date: /home/ekyriakos/my_ws/src/install/turtle_common/share/turtle_common//track_points/raceway4/info.yaml
-- Up-to-date: /home/ekyriakos/my_ws/src/install/turtle_common/share/turtle_common//track_points/raceway4/orange_big.txt
-- Up-to-date: /home/ekyriakos/my_ws/src/install/turtle_common/share/turtle_common//track_points/raceway4/middles.txt
-- Up-to-date: /home/ekyriakos/my_ws/src/install/turtle_common/share/turtle_common//track_points/raceway4/right.txt
-- Up-to-date: /home/ekyriakos/my_ws/src/install/turtle_common/share/turtle_common//track_points/raceway4/left.txt
-- Up-to-date: /home/ekyriakos/my_ws/src/install/turtle_common/share/turtle_common//track_points/narrow1
-- Up-to-date: /home/ekyriakos/my_ws/src/install/turtle_common/share/turtle_common//track_points/narrow1/info.yaml
-- Up-to-date: /home/ekyriakos/my_ws/src/install/turtle_common/share/turtle_common//track_points/narrow1/orange_big.txt
-- Up-to-date: /home/ekyriakos/my_ws/src/install/turtle_common/share/turtle_common//track_points/narrow1/middles.txt
-- Up-to-date: /home/ekyriakos/my_ws/src/install/turtle_common/share/turtle_common//track_points/narrow1/right.txt
-- Up-to-date: /home/ekyriakos/my_ws/src/install/turtle_common/share/turtle_common//track_points/narrow1/left.txt
-- Up-to-date: /home/ekyriakos/my_ws/src/install/turtle_common/share/turtle_common//track_points/skidpad
-- Up-to-date: /home/ekyriakos/my_ws/src/install/turtle_common/share/turtle_common//track_points/skidpad/orange.txt
-- Up-to-date: /home/ekyriakos/my_ws/src/install/turtle_common/share/turtle_common//track_points/skidpad/info.yaml
-- Up-to-date: /home/ekyriakos/my_ws/src/install/turtle_common/share/turtle_common//track_points/skidpad/orange_big.txt
-- Up-to-date: /home/ekyriakos/my_ws/src/install/turtle_common/share/turtle_common//track_points/skidpad/right.txt
-- Up-to-date: /home/ekyriakos/my_ws/src/install/turtle_common/share/turtle_common//track_points/skidpad/left.txt
-- Up-to-date: /home/ekyriakos/my_ws/src/install/turtle_common/share/turtle_common//track_points/acceleration
-- Up-to-date: /home/ekyriakos/my_ws/src/install/turtle_common/share/turtle_common//track_points/acceleration/orange.txt
-- Up-to-date: /home/ekyriakos/my_ws/src/install/turtle_common/share/turtle_common//track_points/acceleration/info.yaml
-- Up-to-date: /home/ekyriakos/my_ws/src/install/turtle_common/share/turtle_common//track_points/acceleration/orange_big.txt
-- Up-to-date: /home/ekyriakos/my_ws/src/install/turtle_common/share/turtle_common//track_points/acceleration/right.txt
-- Up-to-date: /home/ekyriakos/my_ws/src/install/turtle_common/share/turtle_common//track_points/acceleration/left.txt
-- Up-to-date: /home/ekyriakos/my_ws/src/install/turtle_common/share/turtle_common//track_points/autocross_hungaroring_2021_08_10_reconstructed
-- Up-to-date: /home/ekyriakos/my_ws/src/install/turtle_common/share/turtle_common//track_points/autocross_hungaroring_2021_08_10_reconstructed/orange.txt
-- Up-to-date: /home/ekyriakos/my_ws/src/install/turtle_common/share/turtle_common//track_points/autocross_hungaroring_2021_08_10_reconstructed/info.yaml
-- Up-to-date: /home/ekyriakos/my_ws/src/install/turtle_common/share/turtle_common//track_points/autocross_hungaroring_2021_08_10_reconstructed/orange_big.txt
-- Up-to-date: /home/ekyriakos/my_ws/src/install/turtle_common/share/turtle_common//track_points/autocross_hungaroring_2021_08_10_reconstructed/right.txt
-- Up-to-date: /home/ekyriakos/my_ws/src/install/turtle_common/share/turtle_common//track_points/autocross_hungaroring_2021_08_10_reconstructed/left.txt
-- Up-to-date: /home/ekyriakos/my_ws/src/install/turtle_common/share/turtle_common//track_points/raceway1
-- Up-to-date: /home/ekyriakos/my_ws/src/install/turtle_common/share/turtle_common//track_points/raceway1/info.yaml
-- Up-to-date: /home/ekyriakos/my_ws/src/install/turtle_common/share/turtle_common//track_points/raceway1/orange_big.txt
-- Up-to-date: /home/ekyriakos/my_ws/src/install/turtle_common/share/turtle_common//track_points/raceway1/middles.txt
-- Up-to-date: /home/ekyriakos/my_ws/src/install/turtle_common/share/turtle_common//track_points/raceway1/right.txt
-- Up-to-date: /home/ekyriakos/my_ws/src/install/turtle_common/share/turtle_common//track_points/raceway1/layout.png
-- Up-to-date: /home/ekyriakos/my_ws/src/install/turtle_common/share/turtle_common//track_points/raceway1/left.txt
-- Up-to-date: /home/ekyriakos/my_ws/src/install/turtle_common/share/turtle_common//track_points/trackdrive_hungaroring_2021_08_11_reconstructed
-- Up-to-date: /home/ekyriakos/my_ws/src/install/turtle_common/share/turtle_common//track_points/trackdrive_hungaroring_2021_08_11_reconstructed/orange.txt
-- Up-to-date: /home/ekyriakos/my_ws/src/install/turtle_common/share/turtle_common//track_points/trackdrive_hungaroring_2021_08_11_reconstructed/info.yaml
-- Up-to-date: /home/ekyriakos/my_ws/src/install/turtle_common/share/turtle_common//track_points/trackdrive_hungaroring_2021_08_11_reconstructed/orange_big.txt
-- Up-to-date: /home/ekyriakos/my_ws/src/install/turtle_common/share/turtle_common//track_points/trackdrive_hungaroring_2021_08_11_reconstructed/right.txt
-- Up-to-date: /home/ekyriakos/my_ws/src/install/turtle_common/share/turtle_common//track_points/trackdrive_hungaroring_2021_08_11_reconstructed/left.txt
-- Up-to-date: /home/ekyriakos/my_ws/src/install/turtle_common/share/turtle_common//track_points/raceway3
-- Up-to-date: /home/ekyriakos/my_ws/src/install/turtle_common/share/turtle_common//track_points/raceway3/info.yaml
-- Up-to-date: /home/ekyriakos/my_ws/src/install/turtle_common/share/turtle_common//track_points/raceway3/orange_big.txt
-- Up-to-date: /home/ekyriakos/my_ws/src/install/turtle_common/share/turtle_common//track_points/raceway3/middles.txt
-- Up-to-date: /home/ekyriakos/my_ws/src/install/turtle_common/share/turtle_common//track_points/raceway3/right.txt
-- Up-to-date: /home/ekyriakos/my_ws/src/install/turtle_common/share/turtle_common//track_points/raceway3/left.txt
-- Up-to-date: /home/ekyriakos/my_ws/src/install/turtle_common/share/turtle_common//track_points/narrow2
-- Up-to-date: /home/ekyriakos/my_ws/src/install/turtle_common/share/turtle_common//track_points/narrow2/info.yaml
-- Up-to-date: /home/ekyriakos/my_ws/src/install/turtle_common/share/turtle_common//track_points/narrow2/orange_big.txt
-- Up-to-date: /home/ekyriakos/my_ws/src/install/turtle_common/share/turtle_common//track_points/narrow2/middles.txt
-- Up-to-date: /home/ekyriakos/my_ws/src/install/turtle_common/share/turtle_common//track_points/narrow2/right.txt
-- Up-to-date: /home/ekyriakos/my_ws/src/install/turtle_common/share/turtle_common//track_points/narrow2/left.txt
-- Up-to-date: /home/ekyriakos/my_ws/src/install/turtle_common/share/turtle_common//track_points/raceway2
-- Up-to-date: /home/ekyriakos/my_ws/src/install/turtle_common/share/turtle_common//track_points/raceway2/info.yaml
-- Up-to-date: /home/ekyriakos/my_ws/src/install/turtle_common/share/turtle_common//track_points/raceway2/orange_big.txt
-- Up-to-date: /home/ekyriakos/my_ws/src/install/turtle_common/share/turtle_common//track_points/raceway2/middles.txt
-- Up-to-date: /home/ekyriakos/my_ws/src/install/turtle_common/share/turtle_common//track_points/raceway2/right.txt
-- Up-to-date: /home/ekyriakos/my_ws/src/install/turtle_common/share/turtle_common//track_points/raceway2/left.txt
-- Up-to-date: /home/ekyriakos/my_ws/src/install/turtle_common/share/turtle_common//config
-- Up-to-date: /home/ekyriakos/my_ws/src/install/turtle_common/share/turtle_common//config/car_models
-- Up-to-date: /home/ekyriakos/my_ws/src/install/turtle_common/share/turtle_common//config/car_models/thetis.yaml
-- Up-to-date: /home/ekyriakos/my_ws/src/install/turtle_common/lib/libfsmath.a
-- Up-to-date: /home/ekyriakos/my_ws/src/install/turtle_common/share/ament_index/resource_index/package_run_dependencies/turtle_common
-- Up-to-date: /home/ekyriakos/my_ws/src/install/turtle_common/share/ament_index/resource_index/parent_prefix_path/turtle_common
-- Up-to-date: /home/ekyriakos/my_ws/src/install/turtle_common/share/turtle_common/environment/ament_prefix_path.sh
-- Up-to-date: /home/ekyriakos/my_ws/src/install/turtle_common/share/turtle_common/environment/ament_prefix_path.dsv
-- Up-to-date: /home/ekyriakos/my_ws/src/install/turtle_common/share/turtle_common/environment/path.sh
-- Up-to-date: /home/ekyriakos/my_ws/src/install/turtle_common/share/turtle_common/environment/path.dsv
-- Up-to-date: /home/ekyriakos/my_ws/src/install/turtle_common/share/turtle_common/local_setup.bash
-- Up-to-date: /home/ekyriakos/my_ws/src/install/turtle_common/share/turtle_common/local_setup.sh
-- Up-to-date: /home/ekyriakos/my_ws/src/install/turtle_common/share/turtle_common/local_setup.zsh
-- Up-to-date: /home/ekyriakos/my_ws/src/install/turtle_common/share/turtle_common/local_setup.dsv
-- Installing: /home/ekyriakos/my_ws/src/install/turtle_common/share/turtle_common/package.dsv
-- Up-to-date: /home/ekyriakos/my_ws/src/install/turtle_common/share/ament_index/resource_index/packages/turtle_common
-- Up-to-date: /home/ekyriakos/my_ws/src/install/turtle_common/share/turtle_common/cmake/export_fsmathExport.cmake
-- Up-to-date: /home/ekyriakos/my_ws/src/install/turtle_common/share/turtle_common/cmake/export_fsmathExport-noconfig.cmake
-- Up-to-date: /home/ekyriakos/my_ws/src/install/turtle_common/share/turtle_common/cmake/ament_cmake_export_targets-extras.cmake
-- Up-to-date: /home/ekyriakos/my_ws/src/install/turtle_common/share/turtle_common/cmake/ament_cmake_export_dependencies-extras.cmake
-- Up-to-date: /home/ekyriakos/my_ws/src/install/turtle_common/share/turtle_common/cmake/turtle_commonConfig.cmake
-- Up-to-date: /home/ekyriakos/my_ws/src/install/turtle_common/share/turtle_common/cmake/turtle_commonConfig-version.cmake
-- Up-to-date: /home/ekyriakos/my_ws/src/install/turtle_common/share/turtle_common/package.xml
