[0.087s] Invoking command in '/home/ekyriakos/my_ws/src/build/turtle_common': CMAKE_PREFIX_PATH=${CMAKE_PREFIX_PATH}:/opt/ros/galactic /usr/bin/cmake --build /home/ekyriakos/my_ws/src/build/turtle_common -- -j4 -l4
[0.265s] [100%] Built target fsmath
[0.313s] Invoked command in '/home/ekyriakos/my_ws/src/build/turtle_common' returned '0': CMAKE_PREFIX_PATH=${CMAKE_PREFIX_PATH}:/opt/ros/galactic /usr/bin/cmake --build /home/ekyriakos/my_ws/src/build/turtle_common -- -j4 -l4
[0.558s] Invoking command in '/home/ekyriakos/my_ws/src/build/turtle_common': CMAKE_PREFIX_PATH=${CMAKE_PREFIX_PATH}:/opt/ros/galactic /usr/bin/cmake --install /home/ekyriakos/my_ws/src/build/turtle_common
[0.595s] -- Install configuration: ""
[0.596s] -- Up-to-date: /home/ekyriakos/my_ws/src/install/turtle_common/share/turtle_common/environment/library_path.sh
[0.596s] -- Up-to-date: /home/ekyriakos/my_ws/src/install/turtle_common/share/turtle_common/environment/library_path.dsv
[0.596s] -- Up-to-date: /home/ekyriakos/my_ws/src/install/turtle_common/include
[0.596s] -- Up-to-date: /home/ekyriakos/my_ws/src/install/turtle_common/include/turtle_common
[0.597s] -- Up-to-date: /home/ekyriakos/my_ws/src/install/turtle_common/include/turtle_common/cone.cpp
[0.597s] -- Up-to-date: /home/ekyriakos/my_ws/src/install/turtle_common/include/turtle_common/pose.hpp
[0.597s] -- Up-to-date: /home/ekyriakos/my_ws/src/install/turtle_common/include/turtle_common/twist.hpp
[0.597s] -- Up-to-date: /home/ekyriakos/my_ws/src/install/turtle_common/include/turtle_common/cone.hpp
[0.597s] -- Up-to-date: /home/ekyriakos/my_ws/src/install/turtle_common/include/turtle_common/start_finish_line.hpp
[0.597s] -- Up-to-date: /home/ekyriakos/my_ws/src/install/turtle_common/include/turtle_common/ECUParams.hpp
[0.598s] -- Up-to-date: /home/ekyriakos/my_ws/src/install/turtle_common/include/turtle_common/vehicle_model.h
[0.598s] -- Up-to-date: /home/ekyriakos/my_ws/src/install/turtle_common/include/turtle_common/VehicleParams.h
[0.598s] -- Up-to-date: /home/ekyriakos/my_ws/src/install/turtle_common/include/turtle_common/fsmath_conversions.hpp
[0.600s] -- Up-to-date: /home/ekyriakos/my_ws/src/install/turtle_common/include/turtle_common/State.h
[0.600s] -- Up-to-date: /home/ekyriakos/my_ws/src/install/turtle_common/include/turtle_common/odometry.hpp
[0.600s] -- Up-to-date: /home/ekyriakos/my_ws/src/install/turtle_common/include/turtle_common/cone_color.hpp
[0.601s] -- Up-to-date: /home/ekyriakos/my_ws/src/install/turtle_common/include/turtle_common/fsmath.h
[0.601s] -- Up-to-date: /home/ekyriakos/my_ws/src/install/turtle_common/include/turtle_common/g2o
[0.601s] -- Up-to-date: /home/ekyriakos/my_ws/src/install/turtle_common/include/turtle_common/g2o/eigen_types.h
[0.601s] -- Up-to-date: /home/ekyriakos/my_ws/src/install/turtle_common/include/turtle_common/g2o/se2.h
[0.602s] -- Up-to-date: /home/ekyriakos/my_ws/src/install/turtle_common/include/turtle_common/track.hpp
[0.602s] -- Up-to-date: /home/ekyriakos/my_ws/src/install/turtle_common/include/turtle_common/Input.h
[0.602s] -- Up-to-date: /home/ekyriakos/my_ws/src/install/turtle_common/share/turtle_common//track_points
[0.602s] -- Up-to-date: /home/ekyriakos/my_ws/src/install/turtle_common/share/turtle_common//track_points/raceway4
[0.602s] -- Up-to-date: /home/ekyriakos/my_ws/src/install/turtle_common/share/turtle_common//track_points/raceway4/info.yaml
[0.604s] -- Up-to-date: /home/ekyriakos/my_ws/src/install/turtle_common/share/turtle_common//track_points/raceway4/orange_big.txt
[0.606s] -- Up-to-date: /home/ekyriakos/my_ws/src/install/turtle_common/share/turtle_common//track_points/raceway4/middles.txt
[0.609s] -- Up-to-date: /home/ekyriakos/my_ws/src/install/turtle_common/share/turtle_common//track_points/raceway4/right.txt
[0.609s] -- Up-to-date: /home/ekyriakos/my_ws/src/install/turtle_common/share/turtle_common//track_points/raceway4/left.txt
[0.610s] -- Up-to-date: /home/ekyriakos/my_ws/src/install/turtle_common/share/turtle_common//track_points/narrow1
[0.610s] -- Up-to-date: /home/ekyriakos/my_ws/src/install/turtle_common/share/turtle_common//track_points/narrow1/info.yaml
[0.610s] -- Up-to-date: /home/ekyriakos/my_ws/src/install/turtle_common/share/turtle_common//track_points/narrow1/orange_big.txt
[0.612s] -- Up-to-date: /home/ekyriakos/my_ws/src/install/turtle_common/share/turtle_common//track_points/narrow1/middles.txt
[0.617s] -- Up-to-date: /home/ekyriakos/my_ws/src/install/turtle_common/share/turtle_common//track_points/narrow1/right.txt
[0.635s] -- Up-to-date: /home/ekyriakos/my_ws/src/install/turtle_common/share/turtle_common//track_points/narrow1/left.txt
[0.635s] -- Up-to-date: /home/ekyriakos/my_ws/src/install/turtle_common/share/turtle_common//track_points/skidpad
[0.635s] -- Up-to-date: /home/ekyriakos/my_ws/src/install/turtle_common/share/turtle_common//track_points/skidpad/orange.txt
[0.635s] -- Up-to-date: /home/ekyriakos/my_ws/src/install/turtle_common/share/turtle_common//track_points/skidpad/info.yaml
[0.636s] -- Up-to-date: /home/ekyriakos/my_ws/src/install/turtle_common/share/turtle_common//track_points/skidpad/orange_big.txt
[0.636s] -- Up-to-date: /home/ekyriakos/my_ws/src/install/turtle_common/share/turtle_common//track_points/skidpad/right.txt
[0.636s] -- Up-to-date: /home/ekyriakos/my_ws/src/install/turtle_common/share/turtle_common//track_points/skidpad/left.txt
[0.636s] -- Up-to-date: /home/ekyriakos/my_ws/src/install/turtle_common/share/turtle_common//track_points/acceleration
[0.636s] -- Up-to-date: /home/ekyriakos/my_ws/src/install/turtle_common/share/turtle_common//track_points/acceleration/orange.txt
[0.636s] -- Up-to-date: /home/ekyriakos/my_ws/src/install/turtle_common/share/turtle_common//track_points/acceleration/info.yaml
[0.637s] -- Up-to-date: /home/ekyriakos/my_ws/src/install/turtle_common/share/turtle_common//track_points/acceleration/orange_big.txt
[0.637s] -- Up-to-date: /home/ekyriakos/my_ws/src/install/turtle_common/share/turtle_common//track_points/acceleration/right.txt
[0.637s] -- Up-to-date: /home/ekyriakos/my_ws/src/install/turtle_common/share/turtle_common//track_points/acceleration/left.txt
[0.637s] -- Up-to-date: /home/ekyriakos/my_ws/src/install/turtle_common/share/turtle_common//track_points/autocross_hungaroring_2021_08_10_reconstructed
[0.637s] -- Up-to-date: /home/ekyriakos/my_ws/src/install/turtle_common/share/turtle_common//track_points/autocross_hungaroring_2021_08_10_reconstructed/orange.txt
[0.638s] -- Up-to-date: /home/ekyriakos/my_ws/src/install/turtle_common/share/turtle_common//track_points/autocross_hungaroring_2021_08_10_reconstructed/info.yaml
[0.638s] -- Up-to-date: /home/ekyriakos/my_ws/src/install/turtle_common/share/turtle_common//track_points/autocross_hungaroring_2021_08_10_reconstructed/orange_big.txt
[0.638s] -- Up-to-date: /home/ekyriakos/my_ws/src/install/turtle_common/share/turtle_common//track_points/autocross_hungaroring_2021_08_10_reconstructed/right.txt
[0.638s] -- Up-to-date: /home/ekyriakos/my_ws/src/install/turtle_common/share/turtle_common//track_points/autocross_hungaroring_2021_08_10_reconstructed/left.txt
[0.638s] -- Up-to-date: /home/ekyriakos/my_ws/src/install/turtle_common/share/turtle_common//track_points/raceway1
[0.639s] -- Up-to-date: /home/ekyriakos/my_ws/src/install/turtle_common/share/turtle_common//track_points/raceway1/info.yaml
[0.639s] -- Up-to-date: /home/ekyriakos/my_ws/src/install/turtle_common/share/turtle_common//track_points/raceway1/orange_big.txt
[0.640s] -- Up-to-date: /home/ekyriakos/my_ws/src/install/turtle_common/share/turtle_common//track_points/raceway1/middles.txt
[0.640s] -- Up-to-date: /home/ekyriakos/my_ws/src/install/turtle_common/share/turtle_common//track_points/raceway1/right.txt
[0.640s] -- Up-to-date: /home/ekyriakos/my_ws/src/install/turtle_common/share/turtle_common//track_points/raceway1/layout.png
[0.640s] -- Up-to-date: /home/ekyriakos/my_ws/src/install/turtle_common/share/turtle_common//track_points/raceway1/left.txt
[0.640s] -- Up-to-date: /home/ekyriakos/my_ws/src/install/turtle_common/share/turtle_common//track_points/trackdrive_hungaroring_2021_08_11_reconstructed
[0.641s] -- Up-to-date: /home/ekyriakos/my_ws/src/install/turtle_common/share/turtle_common//track_points/trackdrive_hungaroring_2021_08_11_reconstructed/orange.txt
[0.641s] -- Up-to-date: /home/ekyriakos/my_ws/src/install/turtle_common/share/turtle_common//track_points/trackdrive_hungaroring_2021_08_11_reconstructed/info.yaml
[0.641s] -- Up-to-date: /home/ekyriakos/my_ws/src/install/turtle_common/share/turtle_common//track_points/trackdrive_hungaroring_2021_08_11_reconstructed/orange_big.txt
[0.641s] -- Up-to-date: /home/ekyriakos/my_ws/src/install/turtle_common/share/turtle_common//track_points/trackdrive_hungaroring_2021_08_11_reconstructed/right.txt
[0.641s] -- Up-to-date: /home/ekyriakos/my_ws/src/install/turtle_common/share/turtle_common//track_points/trackdrive_hungaroring_2021_08_11_reconstructed/left.txt
[0.641s] -- Up-to-date: /home/ekyriakos/my_ws/src/install/turtle_common/share/turtle_common//track_points/raceway3
[0.642s] -- Up-to-date: /home/ekyriakos/my_ws/src/install/turtle_common/share/turtle_common//track_points/raceway3/info.yaml
[0.642s] -- Up-to-date: /home/ekyriakos/my_ws/src/install/turtle_common/share/turtle_common//track_points/raceway3/orange_big.txt
[0.642s] -- Up-to-date: /home/ekyriakos/my_ws/src/install/turtle_common/share/turtle_common//track_points/raceway3/middles.txt
[0.642s] -- Up-to-date: /home/ekyriakos/my_ws/src/install/turtle_common/share/turtle_common//track_points/raceway3/right.txt
[0.642s] -- Up-to-date: /home/ekyriakos/my_ws/src/install/turtle_common/share/turtle_common//track_points/raceway3/left.txt
[0.649s] -- Up-to-date: /home/ekyriakos/my_ws/src/install/turtle_common/share/turtle_common//track_points/narrow2
[0.650s] -- Up-to-date: /home/ekyriakos/my_ws/src/install/turtle_common/share/turtle_common//track_points/narrow2/info.yaml
[0.650s] -- Up-to-date: /home/ekyriakos/my_ws/src/install/turtle_common/share/turtle_common//track_points/narrow2/orange_big.txt
[0.652s] -- Up-to-date: /home/ekyriakos/my_ws/src/install/turtle_common/share/turtle_common//track_points/narrow2/middles.txt
[0.653s] -- Up-to-date: /home/ekyriakos/my_ws/src/install/turtle_common/share/turtle_common//track_points/narrow2/right.txt
[0.653s] -- Up-to-date: /home/ekyriakos/my_ws/src/install/turtle_common/share/turtle_common//track_points/narrow2/left.txt
[0.653s] -- Up-to-date: /home/ekyriakos/my_ws/src/install/turtle_common/share/turtle_common//track_points/raceway2
[0.653s] -- Up-to-date: /home/ekyriakos/my_ws/src/install/turtle_common/share/turtle_common//track_points/raceway2/info.yaml
[0.654s] -- Up-to-date: /home/ekyriakos/my_ws/src/install/turtle_common/share/turtle_common//track_points/raceway2/orange_big.txt
[0.654s] -- Up-to-date: /home/ekyriakos/my_ws/src/install/turtle_common/share/turtle_common//track_points/raceway2/middles.txt
[0.655s] -- Up-to-date: /home/ekyriakos/my_ws/src/install/turtle_common/share/turtle_common//track_points/raceway2/right.txt
[0.655s] -- Up-to-date: /home/ekyriakos/my_ws/src/install/turtle_common/share/turtle_common//track_points/raceway2/left.txt
[0.656s] -- Up-to-date: /home/ekyriakos/my_ws/src/install/turtle_common/share/turtle_common//config
[0.656s] -- Up-to-date: /home/ekyriakos/my_ws/src/install/turtle_common/share/turtle_common//config/car_models
[0.656s] -- Up-to-date: /home/ekyriakos/my_ws/src/install/turtle_common/share/turtle_common//config/car_models/thetis.yaml
[0.656s] -- Up-to-date: /home/ekyriakos/my_ws/src/install/turtle_common/lib/libfsmath.a
[0.657s] -- Up-to-date: /home/ekyriakos/my_ws/src/install/turtle_common/share/ament_index/resource_index/package_run_dependencies/turtle_common
[0.657s] -- Up-to-date: /home/ekyriakos/my_ws/src/install/turtle_common/share/ament_index/resource_index/parent_prefix_path/turtle_common
[0.657s] -- Up-to-date: /home/ekyriakos/my_ws/src/install/turtle_common/share/turtle_common/environment/ament_prefix_path.sh
[0.657s] -- Up-to-date: /home/ekyriakos/my_ws/src/install/turtle_common/share/turtle_common/environment/ament_prefix_path.dsv
[0.657s] -- Up-to-date: /home/ekyriakos/my_ws/src/install/turtle_common/share/turtle_common/environment/path.sh
[0.658s] -- Up-to-date: /home/ekyriakos/my_ws/src/install/turtle_common/share/turtle_common/environment/path.dsv
[0.658s] -- Up-to-date: /home/ekyriakos/my_ws/src/install/turtle_common/share/turtle_common/local_setup.bash
[0.658s] -- Up-to-date: /home/ekyriakos/my_ws/src/install/turtle_common/share/turtle_common/local_setup.sh
[0.659s] -- Up-to-date: /home/ekyriakos/my_ws/src/install/turtle_common/share/turtle_common/local_setup.zsh
[0.660s] -- Up-to-date: /home/ekyriakos/my_ws/src/install/turtle_common/share/turtle_common/local_setup.dsv
[0.661s] -- Installing: /home/ekyriakos/my_ws/src/install/turtle_common/share/turtle_common/package.dsv
[0.661s] -- Up-to-date: /home/ekyriakos/my_ws/src/install/turtle_common/share/ament_index/resource_index/packages/turtle_common
[0.661s] -- Up-to-date: /home/ekyriakos/my_ws/src/install/turtle_common/share/turtle_common/cmake/export_fsmathExport.cmake
[0.662s] -- Up-to-date: /home/ekyriakos/my_ws/src/install/turtle_common/share/turtle_common/cmake/export_fsmathExport-noconfig.cmake
[0.662s] -- Up-to-date: /home/ekyriakos/my_ws/src/install/turtle_common/share/turtle_common/cmake/ament_cmake_export_targets-extras.cmake
[0.663s] -- Up-to-date: /home/ekyriakos/my_ws/src/install/turtle_common/share/turtle_common/cmake/ament_cmake_export_dependencies-extras.cmake
[0.663s] -- Up-to-date: /home/ekyriakos/my_ws/src/install/turtle_common/share/turtle_common/cmake/turtle_commonConfig.cmake
[0.663s] -- Up-to-date: /home/ekyriakos/my_ws/src/install/turtle_common/share/turtle_common/cmake/turtle_commonConfig-version.cmake
[0.663s] -- Up-to-date: /home/ekyriakos/my_ws/src/install/turtle_common/share/turtle_common/package.xml
[0.664s] Invoked command in '/home/ekyriakos/my_ws/src/build/turtle_common' returned '0': CMAKE_PREFIX_PATH=${CMAKE_PREFIX_PATH}:/opt/ros/galactic /usr/bin/cmake --install /home/ekyriakos/my_ws/src/build/turtle_common
