[0.023s] Invoking command in '/home/ekyriakos/my_ws/src/build/turtle_doctor_cpp': AMENT_PREFIX_PATH=/home/ekyriakos/my_ws/src/install/turtle_interfaces:${AMENT_PREFIX_PATH} CMAKE_PREFIX_PATH=/home/ekyriakos/my_ws/src/install/turtle_interfaces:/home/ekyriakos/my_ws/install/turtle_fusion:/home/ekyriakos/my_ws/install/turtle_interfaces:/home/ekyriakos/my_ws/install/turtle_common:/opt/ros/galactic LD_LIBRARY_PATH=/home/ekyriakos/my_ws/src/install/turtle_interfaces/lib:${LD_LIBRARY_PATH} PYTHONPATH=/home/ekyriakos/my_ws/src/install/turtle_interfaces/lib/python3.8/site-packages:${PYTHONPATH} /usr/bin/cmake /home/ekyriakos/my_ws/src/turtle_doctor_cpp -DCMAKE_INSTALL_PREFIX=/home/ekyriakos/my_ws/src/install/turtle_doctor_cpp
[0.114s] -- The C compiler identification is GNU 9.4.0
[0.193s] -- The CXX compiler identification is GNU 9.4.0
[0.200s] -- Check for working C compiler: /usr/bin/cc
[0.329s] -- Check for working C compiler: /usr/bin/cc -- works
[0.332s] -- Detecting C compiler ABI info
[0.481s] -- Detecting C compiler ABI info - done
[0.515s] -- Detecting C compile features
[0.516s] -- Detecting C compile features - done
[0.523s] -- Check for working CXX compiler: /usr/bin/c++
[0.668s] -- Check for working CXX compiler: /usr/bin/c++ -- works
[0.670s] -- Detecting CXX compiler ABI info
[0.841s] -- Detecting CXX compiler ABI info - done
[0.858s] -- Detecting CXX compile features
[0.859s] -- Detecting CXX compile features - done
[0.863s] -- Found ament_cmake: 1.1.5 (/opt/ros/galactic/share/ament_cmake/cmake)
[0.901s] -- Found PythonInterp: /usr/bin/python3 (found suitable version "3.8.10", minimum required is "3") 
[0.901s] -- Using PYTHON_EXECUTABLE: /usr/bin/python3
[1.027s] -- Found rclcpp: 9.2.1 (/opt/ros/galactic/share/rclcpp/cmake)
[1.129s] -- Using all available rosidl_typesupport_c: rosidl_typesupport_fastrtps_c;rosidl_typesupport_introspection_c
[1.139s] -- Found rosidl_adapter: 2.2.2 (/opt/ros/galactic/share/rosidl_adapter/cmake)
[1.270s] -- Found OpenSSL: /usr/lib/x86_64-linux-gnu/libcrypto.so (found version "1.1.1f")  
[1.338s] -- Found FastRTPS: /opt/ros/galactic/include  
[1.522s] -- Using all available rosidl_typesupport_cpp: rosidl_typesupport_fastrtps_cpp;rosidl_typesupport_introspection_cpp
[1.675s] -- Found rmw_implementation_cmake: 3.3.1 (/opt/ros/galactic/share/rmw_implementation_cmake/cmake)
[1.682s] -- Found rmw_cyclonedds_cpp: 0.22.5 (/opt/ros/galactic/share/rmw_cyclonedds_cpp/cmake)
[1.730s] -- Using RMW implementation 'rmw_cyclonedds_cpp' as default
[1.732s] -- Looking for pthread.h
[1.842s] -- Looking for pthread.h - found
[1.843s] -- Performing Test CMAKE_HAVE_LIBC_PTHREAD
[1.953s] -- Performing Test CMAKE_HAVE_LIBC_PTHREAD - Failed
[1.954s] -- Looking for pthread_create in pthreads
[2.039s] -- Looking for pthread_create in pthreads - not found
[2.039s] -- Looking for pthread_create in pthread
[2.165s] -- Looking for pthread_create in pthread - found
[2.167s] -- Found Threads: TRUE  
[2.452s] -- Found sensor_msgs: 2.2.4 (/opt/ros/galactic/share/sensor_msgs/cmake)
[2.707s] -- Found nav_msgs: 2.2.4 (/opt/ros/galactic/share/nav_msgs/cmake)
[2.876s] -- Found turtle_interfaces: 0.0.0 (/home/ekyriakos/my_ws/src/install/turtle_interfaces/share/turtle_interfaces/cmake)
[2.982s] -- Found message_filters: 3.2.6 (/opt/ros/galactic/share/message_filters/cmake)
[2.998s] -- Found ament_lint_auto: 0.10.7 (/opt/ros/galactic/share/ament_lint_auto/cmake)
[3.126s] -- Added test 'copyright' to check source files copyright and LICENSE
[3.137s] -- Added test 'cppcheck' to perform static code analysis on C / C++ code
[3.137s] -- Configured cppcheck include dirs: /home/ekyriakos/my_ws/src/turtle_doctor_cpp/include
[3.137s] -- Configured cppcheck exclude dirs and/or files: 
[3.143s] -- Added test 'cpplint' to check C / C++ code against the Google style
[3.143s] -- Configured cpplint exclude dirs and/or files: 
[3.146s] -- Added test 'lint_cmake' to check CMake code style
[3.152s] -- Added test 'uncrustify' to check C / C++ code style
[3.152s] -- Configured uncrustify additional arguments: 
[3.155s] -- Added test 'xmllint' to check XML markup files
[3.162s] -- Configuring done
[3.169s] -- Generating done
[3.172s] -- Build files have been written to: /home/ekyriakos/my_ws/src/build/turtle_doctor_cpp
[3.186s] Invoked command in '/home/ekyriakos/my_ws/src/build/turtle_doctor_cpp' returned '0': AMENT_PREFIX_PATH=/home/ekyriakos/my_ws/src/install/turtle_interfaces:${AMENT_PREFIX_PATH} CMAKE_PREFIX_PATH=/home/ekyriakos/my_ws/src/install/turtle_interfaces:/home/ekyriakos/my_ws/install/turtle_fusion:/home/ekyriakos/my_ws/install/turtle_interfaces:/home/ekyriakos/my_ws/install/turtle_common:/opt/ros/galactic LD_LIBRARY_PATH=/home/ekyriakos/my_ws/src/install/turtle_interfaces/lib:${LD_LIBRARY_PATH} PYTHONPATH=/home/ekyriakos/my_ws/src/install/turtle_interfaces/lib/python3.8/site-packages:${PYTHONPATH} /usr/bin/cmake /home/ekyriakos/my_ws/src/turtle_doctor_cpp -DCMAKE_INSTALL_PREFIX=/home/ekyriakos/my_ws/src/install/turtle_doctor_cpp
[3.191s] Invoking command in '/home/ekyriakos/my_ws/src/build/turtle_doctor_cpp': AMENT_PREFIX_PATH=/home/ekyriakos/my_ws/src/install/turtle_interfaces:${AMENT_PREFIX_PATH} CMAKE_PREFIX_PATH=/home/ekyriakos/my_ws/src/install/turtle_interfaces:/home/ekyriakos/my_ws/install/turtle_fusion:/home/ekyriakos/my_ws/install/turtle_interfaces:/home/ekyriakos/my_ws/install/turtle_common:/opt/ros/galactic LD_LIBRARY_PATH=/home/ekyriakos/my_ws/src/install/turtle_interfaces/lib:${LD_LIBRARY_PATH} PYTHONPATH=/home/ekyriakos/my_ws/src/install/turtle_interfaces/lib/python3.8/site-packages:${PYTHONPATH} /usr/bin/cmake --build /home/ekyriakos/my_ws/src/build/turtle_doctor_cpp -- -j4 -l4
[3.248s] [35m[1mScanning dependencies of target doctor[0m
[3.252s] [35m[1mScanning dependencies of target turtle_doctor[0m
[3.267s] [ 25%] [32mBuilding CXX object CMakeFiles/doctor.dir/doctor.cpp.o[0m
[3.275s] [ 50%] [32mBuilding CXX object CMakeFiles/turtle_doctor.dir/doctor.cpp.o[0m
[3.343s] In file included from [01m[K/home/ekyriakos/my_ws/src/turtle_doctor_cpp/doctor.cpp:1[m[K:
[3.343s] [01m[K/home/ekyriakos/my_ws/src/turtle_doctor_cpp/include/doctor.hpp:9:10:[m[K [01;31m[Kfatal error: [m[Krclcpp/rclcpp.hpp: No such file or directory
[3.344s]     9 | #include [01;31m[K<rclcpp/rclcpp.hpp>[m[K
[3.344s]       |          [01;31m[K^~~~~~~~~~~~~~~~~~~[m[K
[3.344s] compilation terminated.
[3.346s] make[2]: *** [CMakeFiles/doctor.dir/build.make:63: CMakeFiles/doctor.dir/doctor.cpp.o] Error 1
[3.348s] make[1]: *** [CMakeFiles/Makefile2:80: CMakeFiles/doctor.dir/all] Error 2
[3.349s] make[1]: *** Waiting for unfinished jobs....
[3.389s] In file included from [01m[K/home/ekyriakos/my_ws/src/turtle_doctor_cpp/doctor.cpp:1[m[K:
[3.389s] [01m[K/home/ekyriakos/my_ws/src/turtle_doctor_cpp/include/doctor.hpp:9:10:[m[K [01;31m[Kfatal error: [m[Krclcpp/rclcpp.hpp: No such file or directory
[3.389s]     9 | #include [01;31m[K<rclcpp/rclcpp.hpp>[m[K
[3.389s]       |          [01;31m[K^~~~~~~~~~~~~~~~~~~[m[K
[3.390s] compilation terminated.
[3.392s] make[2]: *** [CMakeFiles/turtle_doctor.dir/build.make:63: CMakeFiles/turtle_doctor.dir/doctor.cpp.o] Error 1
[3.392s] make[1]: *** [CMakeFiles/Makefile2:107: CMakeFiles/turtle_doctor.dir/all] Error 2
[3.393s] make: *** [Makefile:141: all] Error 2
[3.395s] Invoked command in '/home/ekyriakos/my_ws/src/build/turtle_doctor_cpp' returned '2': AMENT_PREFIX_PATH=/home/ekyriakos/my_ws/src/install/turtle_interfaces:${AMENT_PREFIX_PATH} CMAKE_PREFIX_PATH=/home/ekyriakos/my_ws/src/install/turtle_interfaces:/home/ekyriakos/my_ws/install/turtle_fusion:/home/ekyriakos/my_ws/install/turtle_interfaces:/home/ekyriakos/my_ws/install/turtle_common:/opt/ros/galactic LD_LIBRARY_PATH=/home/ekyriakos/my_ws/src/install/turtle_interfaces/lib:${LD_LIBRARY_PATH} PYTHONPATH=/home/ekyriakos/my_ws/src/install/turtle_interfaces/lib/python3.8/site-packages:${PYTHONPATH} /usr/bin/cmake --build /home/ekyriakos/my_ws/src/build/turtle_doctor_cpp -- -j4 -l4
