[  0%] Built target turtle_interfaces__cpp
[ 12%] Built target turtle_interfaces__rosidl_generator_c
[ 25%] Built target turtle_interfaces__rosidl_typesupport_c
[ 38%] Built target turtle_interfaces__rosidl_typesupport_introspection_cpp
[ 50%] Built target turtle_interfaces__rosidl_typesupport_cpp
[ 62%] Built target turtle_interfaces__rosidl_typesupport_fastrtps_cpp
[ 75%] Built target turtle_interfaces__rosidl_typesupport_introspection_c
[ 88%] Built target turtle_interfaces__rosidl_typesupport_fastrtps_c
[ 88%] Built target turtle_interfaces
[ 88%] Built target turtle_interfaces__py
[100%] Built target turtle_interfaces__python
[100%] Built target turtle_interfaces__rosidl_typesupport_c__pyext
[100%] Built target turtle_interfaces__rosidl_typesupport_introspection_c__pyext
[100%] Built target turtle_interfaces__rosidl_typesupport_fastrtps_c__pyext
-- Install configuration: ""
-- Up-to-date: /home/ekyriakos/my_ws/src/install/turtle_interfaces/share/ament_index/resource_index/rosidl_interfaces/turtle_interfaces
-- Up-to-date: /home/ekyriakos/my_ws/src/install/turtle_interfaces/include/turtle_interfaces
-- Up-to-date: /home/ekyriakos/my_ws/src/install/turtle_interfaces/include/turtle_interfaces/msg
-- Up-to-date: /home/ekyriakos/my_ws/src/install/turtle_interfaces/include/turtle_interfaces/msg/control_info.h
-- Up-to-date: /home/ekyriakos/my_ws/src/install/turtle_interfaces/include/turtle_interfaces/msg/res_status.h
-- Up-to-date: /home/ekyriakos/my_ws/src/install/turtle_interfaces/include/turtle_interfaces/msg/psu_monitor.h
-- Up-to-date: /home/ekyriakos/my_ws/src/install/turtle_interfaces/include/turtle_interfaces/msg/mission_status.h
-- Up-to-date: /home/ekyriakos/my_ws/src/install/turtle_interfaces/include/turtle_interfaces/msg/rosidl_generator_c__visibility_control.h
-- Up-to-date: /home/ekyriakos/my_ws/src/install/turtle_interfaces/include/turtle_interfaces/msg/vn_euler.h
-- Up-to-date: /home/ekyriakos/my_ws/src/install/turtle_interfaces/include/turtle_interfaces/msg/ecu_control_systems.h
-- Up-to-date: /home/ekyriakos/my_ws/src/install/turtle_interfaces/include/turtle_interfaces/msg/camera_cones_publish.h
-- Up-to-date: /home/ekyriakos/my_ws/src/install/turtle_interfaces/include/turtle_interfaces/msg/ouster_imu.h
-- Up-to-date: /home/ekyriakos/my_ws/src/install/turtle_interfaces/include/turtle_interfaces/msg/vn_gps_velocity.h
-- Up-to-date: /home/ekyriakos/my_ws/src/install/turtle_interfaces/include/turtle_interfaces/msg/rpm.h
-- Up-to-date: /home/ekyriakos/my_ws/src/install/turtle_interfaces/include/turtle_interfaces/msg/apps.h
-- Up-to-date: /home/ekyriakos/my_ws/src/install/turtle_interfaces/include/turtle_interfaces/msg/steering.h
-- Up-to-date: /home/ekyriakos/my_ws/src/install/turtle_interfaces/include/turtle_interfaces/msg/can_status.h
-- Up-to-date: /home/ekyriakos/my_ws/src/install/turtle_interfaces/include/turtle_interfaces/msg/cpu_status.h
-- Up-to-date: /home/ekyriakos/my_ws/src/install/turtle_interfaces/include/turtle_interfaces/msg/dio_status.h
-- Up-to-date: /home/ekyriakos/my_ws/src/install/turtle_interfaces/include/turtle_interfaces/msg/bounding_boxes.h
-- Up-to-date: /home/ekyriakos/my_ws/src/install/turtle_interfaces/include/turtle_interfaces/msg/actuator_cmd.h
-- Up-to-date: /home/ekyriakos/my_ws/src/install/turtle_interfaces/include/turtle_interfaces/msg/state_machine_state.h
-- Up-to-date: /home/ekyriakos/my_ws/src/install/turtle_interfaces/include/turtle_interfaces/msg/vn_utc_time.h
-- Up-to-date: /home/ekyriakos/my_ws/src/install/turtle_interfaces/include/turtle_interfaces/msg/inverter_info.h
-- Up-to-date: /home/ekyriakos/my_ws/src/install/turtle_interfaces/include/turtle_interfaces/msg/slam_statistics.h
-- Up-to-date: /home/ekyriakos/my_ws/src/install/turtle_interfaces/include/turtle_interfaces/msg/vn_imu.h
-- Up-to-date: /home/ekyriakos/my_ws/src/install/turtle_interfaces/include/turtle_interfaces/msg/mpc_info.h
-- Up-to-date: /home/ekyriakos/my_ws/src/install/turtle_interfaces/include/turtle_interfaces/msg/slam_info.h
-- Up-to-date: /home/ekyriakos/my_ws/src/install/turtle_interfaces/include/turtle_interfaces/msg/dash_bools.h
-- Up-to-date: /home/ekyriakos/my_ws/src/install/turtle_interfaces/include/turtle_interfaces/msg/detail
-- Up-to-date: /home/ekyriakos/my_ws/src/install/turtle_interfaces/include/turtle_interfaces/msg/detail/ebs_supervisor_info__struct.h
-- Up-to-date: /home/ekyriakos/my_ws/src/install/turtle_interfaces/include/turtle_interfaces/msg/detail/isabellen__struct.h
-- Up-to-date: /home/ekyriakos/my_ws/src/install/turtle_interfaces/include/turtle_interfaces/msg/detail/mission__type_support.h
-- Up-to-date: /home/ekyriakos/my_ws/src/install/turtle_interfaces/include/turtle_interfaces/msg/detail/ebs_tank_pressure__functions.c
-- Up-to-date: /home/ekyriakos/my_ws/src/install/turtle_interfaces/include/turtle_interfaces/msg/detail/brake__functions.h
-- Up-to-date: /home/ekyriakos/my_ws/src/install/turtle_interfaces/include/turtle_interfaces/msg/detail/brake_light__functions.c
-- Up-to-date: /home/ekyriakos/my_ws/src/install/turtle_interfaces/include/turtle_interfaces/msg/detail/ebs_service_brake__type_support.h
-- Up-to-date: /home/ekyriakos/my_ws/src/install/turtle_interfaces/include/turtle_interfaces/msg/detail/steering__functions.h
-- Up-to-date: /home/ekyriakos/my_ws/src/install/turtle_interfaces/include/turtle_interfaces/msg/detail/vn_imu__functions.h
-- Up-to-date: /home/ekyriakos/my_ws/src/install/turtle_interfaces/include/turtle_interfaces/msg/detail/vn_utc_time__struct.h
-- Up-to-date: /home/ekyriakos/my_ws/src/install/turtle_interfaces/include/turtle_interfaces/msg/detail/ebs_tank_pressure__functions.h
-- Up-to-date: /home/ekyriakos/my_ws/src/install/turtle_interfaces/include/turtle_interfaces/msg/detail/camera_cones_publish__functions.h
-- Up-to-date: /home/ekyriakos/my_ws/src/install/turtle_interfaces/include/turtle_interfaces/msg/detail/psu_monitor__struct.h
-- Up-to-date: /home/ekyriakos/my_ws/src/install/turtle_interfaces/include/turtle_interfaces/msg/detail/dash_buttons__functions.h
-- Up-to-date: /home/ekyriakos/my_ws/src/install/turtle_interfaces/include/turtle_interfaces/msg/detail/inverter_info__type_support.h
-- Up-to-date: /home/ekyriakos/my_ws/src/install/turtle_interfaces/include/turtle_interfaces/msg/detail/isabellen__functions.h
-- Up-to-date: /home/ekyriakos/my_ws/src/install/turtle_interfaces/include/turtle_interfaces/msg/detail/rpm__functions.h
-- Up-to-date: /home/ekyriakos/my_ws/src/install/turtle_interfaces/include/turtle_interfaces/msg/detail/dash_buttons__functions.c
-- Up-to-date: /home/ekyriakos/my_ws/src/install/turtle_interfaces/include/turtle_interfaces/msg/detail/dio_status__functions.c
-- Up-to-date: /home/ekyriakos/my_ws/src/install/turtle_interfaces/include/turtle_interfaces/msg/detail/bounding_boxes__functions.h
-- Up-to-date: /home/ekyriakos/my_ws/src/install/turtle_interfaces/include/turtle_interfaces/msg/detail/vn_quat__struct.h
-- Up-to-date: /home/ekyriakos/my_ws/src/install/turtle_interfaces/include/turtle_interfaces/msg/detail/mission__struct.h
-- Up-to-date: /home/ekyriakos/my_ws/src/install/turtle_interfaces/include/turtle_interfaces/msg/detail/vn_ins_status__functions.h
-- Up-to-date: /home/ekyriakos/my_ws/src/install/turtle_interfaces/include/turtle_interfaces/msg/detail/brake__struct.h
-- Up-to-date: /home/ekyriakos/my_ws/src/install/turtle_interfaces/include/turtle_interfaces/msg/detail/vn_ins_status__type_support.h
-- Up-to-date: /home/ekyriakos/my_ws/src/install/turtle_interfaces/include/turtle_interfaces/msg/detail/brake_light__type_support.h
-- Up-to-date: /home/ekyriakos/my_ws/src/install/turtle_interfaces/include/turtle_interfaces/msg/detail/mission__functions.h
-- Up-to-date: /home/ekyriakos/my_ws/src/install/turtle_interfaces/include/turtle_interfaces/msg/detail/ebs_service_brake__struct.h
-- Up-to-date: /home/ekyriakos/my_ws/src/install/turtle_interfaces/include/turtle_interfaces/msg/detail/vn_euler__struct.h
-- Up-to-date: /home/ekyriakos/my_ws/src/install/turtle_interfaces/include/turtle_interfaces/msg/detail/state_machine_state__functions.h
-- Up-to-date: /home/ekyriakos/my_ws/src/install/turtle_interfaces/include/turtle_interfaces/msg/detail/vn_gps_velocity__functions.h
-- Up-to-date: /home/ekyriakos/my_ws/src/install/turtle_interfaces/include/turtle_interfaces/msg/detail/vn_gps_position__type_support.h
-- Up-to-date: /home/ekyriakos/my_ws/src/install/turtle_interfaces/include/turtle_interfaces/msg/detail/inverter_info__functions.h
-- Up-to-date: /home/ekyriakos/my_ws/src/install/turtle_interfaces/include/turtle_interfaces/msg/detail/res_status__struct.h
-- Up-to-date: /home/ekyriakos/my_ws/src/install/turtle_interfaces/include/turtle_interfaces/msg/detail/apps__type_support.h
-- Up-to-date: /home/ekyriakos/my_ws/src/install/turtle_interfaces/include/turtle_interfaces/msg/detail/brake__type_support.h
-- Up-to-date: /home/ekyriakos/my_ws/src/install/turtle_interfaces/include/turtle_interfaces/msg/detail/slam_info__type_support.h
-- Up-to-date: /home/ekyriakos/my_ws/src/install/turtle_interfaces/include/turtle_interfaces/msg/detail/res_status__functions.h
-- Up-to-date: /home/ekyriakos/my_ws/src/install/turtle_interfaces/include/turtle_interfaces/msg/detail/ecu_params__functions.h
-- Up-to-date: /home/ekyriakos/my_ws/src/install/turtle_interfaces/include/turtle_interfaces/msg/detail/slam_statistics__type_support.h
-- Up-to-date: /home/ekyriakos/my_ws/src/install/turtle_interfaces/include/turtle_interfaces/msg/detail/cooling_info__functions.h
-- Up-to-date: /home/ekyriakos/my_ws/src/install/turtle_interfaces/include/turtle_interfaces/msg/detail/state_machine_state__functions.c
-- Up-to-date: /home/ekyriakos/my_ws/src/install/turtle_interfaces/include/turtle_interfaces/msg/detail/ebs_supervisor_info__functions.c
-- Up-to-date: /home/ekyriakos/my_ws/src/install/turtle_interfaces/include/turtle_interfaces/msg/detail/isabellen__type_support.h
-- Up-to-date: /home/ekyriakos/my_ws/src/install/turtle_interfaces/include/turtle_interfaces/msg/detail/actuator_cmd__struct.h
-- Up-to-date: /home/ekyriakos/my_ws/src/install/turtle_interfaces/include/turtle_interfaces/msg/detail/control_info__functions.h
-- Up-to-date: /home/ekyriakos/my_ws/src/install/turtle_interfaces/include/turtle_interfaces/msg/detail/ros_status__type_support.h
-- Up-to-date: /home/ekyriakos/my_ws/src/install/turtle_interfaces/include/turtle_interfaces/msg/detail/rpm__functions.c
-- Up-to-date: /home/ekyriakos/my_ws/src/install/turtle_interfaces/include/turtle_interfaces/msg/detail/rpm__type_support.h
-- Up-to-date: /home/ekyriakos/my_ws/src/install/turtle_interfaces/include/turtle_interfaces/msg/detail/vn_quat__type_support.h
-- Up-to-date: /home/ekyriakos/my_ws/src/install/turtle_interfaces/include/turtle_interfaces/msg/detail/inverter_commands__functions.c
-- Up-to-date: /home/ekyriakos/my_ws/src/install/turtle_interfaces/include/turtle_interfaces/msg/detail/cooling_info__struct.h
-- Up-to-date: /home/ekyriakos/my_ws/src/install/turtle_interfaces/include/turtle_interfaces/msg/detail/control_info__functions.c
-- Up-to-date: /home/ekyriakos/my_ws/src/install/turtle_interfaces/include/turtle_interfaces/msg/detail/can_status__struct.h
-- Up-to-date: /home/ekyriakos/my_ws/src/install/turtle_interfaces/include/turtle_interfaces/msg/detail/psu_monitor__type_support.h
-- Up-to-date: /home/ekyriakos/my_ws/src/install/turtle_interfaces/include/turtle_interfaces/msg/detail/ebs_supervisor_info__type_support.h
-- Up-to-date: /home/ekyriakos/my_ws/src/install/turtle_interfaces/include/turtle_interfaces/msg/detail/steering__struct.h
-- Up-to-date: /home/ekyriakos/my_ws/src/install/turtle_interfaces/include/turtle_interfaces/msg/detail/camera_cones_publish__functions.c
-- Up-to-date: /home/ekyriakos/my_ws/src/install/turtle_interfaces/include/turtle_interfaces/msg/detail/vn_quat__functions.c
-- Up-to-date: /home/ekyriakos/my_ws/src/install/turtle_interfaces/include/turtle_interfaces/msg/detail/ecu_control_systems__functions.c
-- Up-to-date: /home/ekyriakos/my_ws/src/install/turtle_interfaces/include/turtle_interfaces/msg/detail/camera_status__struct.h
-- Up-to-date: /home/ekyriakos/my_ws/src/install/turtle_interfaces/include/turtle_interfaces/msg/detail/ebs_tank_pressure__type_support.h
-- Up-to-date: /home/ekyriakos/my_ws/src/install/turtle_interfaces/include/turtle_interfaces/msg/detail/camera_status__functions.h
-- Up-to-date: /home/ekyriakos/my_ws/src/install/turtle_interfaces/include/turtle_interfaces/msg/detail/slam_info__functions.c
-- Up-to-date: /home/ekyriakos/my_ws/src/install/turtle_interfaces/include/turtle_interfaces/msg/detail/gpu_status__functions.c
-- Up-to-date: /home/ekyriakos/my_ws/src/install/turtle_interfaces/include/turtle_interfaces/msg/detail/ros_status__struct.h
-- Up-to-date: /home/ekyriakos/my_ws/src/install/turtle_interfaces/include/turtle_interfaces/msg/detail/steering__type_support.h
-- Up-to-date: /home/ekyriakos/my_ws/src/install/turtle_interfaces/include/turtle_interfaces/msg/detail/slam_statistics__functions.h
-- Up-to-date: /home/ekyriakos/my_ws/src/install/turtle_interfaces/include/turtle_interfaces/msg/detail/res_status__type_support.h
-- Up-to-date: /home/ekyriakos/my_ws/src/install/turtle_interfaces/include/turtle_interfaces/msg/detail/brake_light__struct.h
-- Up-to-date: /home/ekyriakos/my_ws/src/install/turtle_interfaces/include/turtle_interfaces/msg/detail/cooling_info__functions.c
-- Up-to-date: /home/ekyriakos/my_ws/src/install/turtle_interfaces/include/turtle_interfaces/msg/detail/cpu_status__functions.h
-- Up-to-date: /home/ekyriakos/my_ws/src/install/turtle_interfaces/include/turtle_interfaces/msg/detail/dio_status__functions.h
-- Up-to-date: /home/ekyriakos/my_ws/src/install/turtle_interfaces/include/turtle_interfaces/msg/detail/ecu_params__functions.c
-- Up-to-date: /home/ekyriakos/my_ws/src/install/turtle_interfaces/include/turtle_interfaces/msg/detail/ebs_service_brake__functions.c
-- Up-to-date: /home/ekyriakos/my_ws/src/install/turtle_interfaces/include/turtle_interfaces/msg/detail/dash_buttons__type_support.h
-- Up-to-date: /home/ekyriakos/my_ws/src/install/turtle_interfaces/include/turtle_interfaces/msg/detail/camera_cones_publish__type_support.h
-- Up-to-date: /home/ekyriakos/my_ws/src/install/turtle_interfaces/include/turtle_interfaces/msg/detail/bounding_boxes__type_support.h
-- Up-to-date: /home/ekyriakos/my_ws/src/install/turtle_interfaces/include/turtle_interfaces/msg/detail/cpu_status__type_support.h
-- Up-to-date: /home/ekyriakos/my_ws/src/install/turtle_interfaces/include/turtle_interfaces/msg/detail/can_status__functions.c
-- Up-to-date: /home/ekyriakos/my_ws/src/install/turtle_interfaces/include/turtle_interfaces/msg/detail/bounding_boxes__functions.c
-- Up-to-date: /home/ekyriakos/my_ws/src/install/turtle_interfaces/include/turtle_interfaces/msg/detail/slam_info__functions.h
-- Up-to-date: /home/ekyriakos/my_ws/src/install/turtle_interfaces/include/turtle_interfaces/msg/detail/dash_bools__functions.h
-- Up-to-date: /home/ekyriakos/my_ws/src/install/turtle_interfaces/include/turtle_interfaces/msg/detail/cooling_info__type_support.h
-- Up-to-date: /home/ekyriakos/my_ws/src/install/turtle_interfaces/include/turtle_interfaces/msg/detail/vn_gps_position__struct.h
-- Up-to-date: /home/ekyriakos/my_ws/src/install/turtle_interfaces/include/turtle_interfaces/msg/detail/ros_status__functions.c
-- Up-to-date: /home/ekyriakos/my_ws/src/install/turtle_interfaces/include/turtle_interfaces/msg/detail/res_status__functions.c
-- Up-to-date: /home/ekyriakos/my_ws/src/install/turtle_interfaces/include/turtle_interfaces/msg/detail/slam_statistics__struct.h
-- Up-to-date: /home/ekyriakos/my_ws/src/install/turtle_interfaces/include/turtle_interfaces/msg/detail/vn_gps_velocity__functions.c
-- Up-to-date: /home/ekyriakos/my_ws/src/install/turtle_interfaces/include/turtle_interfaces/msg/detail/vn_euler__functions.h
-- Up-to-date: /home/ekyriakos/my_ws/src/install/turtle_interfaces/include/turtle_interfaces/msg/detail/state_machine_state__type_support.h
-- Up-to-date: /home/ekyriakos/my_ws/src/install/turtle_interfaces/include/turtle_interfaces/msg/detail/mpc_info__type_support.h
-- Up-to-date: /home/ekyriakos/my_ws/src/install/turtle_interfaces/include/turtle_interfaces/msg/detail/gpu_status__type_support.h
-- Up-to-date: /home/ekyriakos/my_ws/src/install/turtle_interfaces/include/turtle_interfaces/msg/detail/camera_cones_publish__struct.h
-- Up-to-date: /home/ekyriakos/my_ws/src/install/turtle_interfaces/include/turtle_interfaces/msg/detail/mpc_info__struct.h
-- Up-to-date: /home/ekyriakos/my_ws/src/install/turtle_interfaces/include/turtle_interfaces/msg/detail/inverter_info__struct.h
-- Up-to-date: /home/ekyriakos/my_ws/src/install/turtle_interfaces/include/turtle_interfaces/msg/detail/vn_utc_time__type_support.h
-- Up-to-date: /home/ekyriakos/my_ws/src/install/turtle_interfaces/include/turtle_interfaces/msg/detail/ecu_params__type_support.h
-- Up-to-date: /home/ekyriakos/my_ws/src/install/turtle_interfaces/include/turtle_interfaces/msg/detail/ros_status__functions.h
-- Up-to-date: /home/ekyriakos/my_ws/src/install/turtle_interfaces/include/turtle_interfaces/msg/detail/dash_bools__type_support.h
-- Up-to-date: /home/ekyriakos/my_ws/src/install/turtle_interfaces/include/turtle_interfaces/msg/detail/ouster_imu__functions.h
-- Up-to-date: /home/ekyriakos/my_ws/src/install/turtle_interfaces/include/turtle_interfaces/msg/detail/tsal_safe_state__type_support.h
-- Up-to-date: /home/ekyriakos/my_ws/src/install/turtle_interfaces/include/turtle_interfaces/msg/detail/ecu_params__struct.h
-- Up-to-date: /home/ekyriakos/my_ws/src/install/turtle_interfaces/include/turtle_interfaces/msg/detail/gpu_status__struct.h
-- Up-to-date: /home/ekyriakos/my_ws/src/install/turtle_interfaces/include/turtle_interfaces/msg/detail/cpu_status__functions.c
-- Up-to-date: /home/ekyriakos/my_ws/src/install/turtle_interfaces/include/turtle_interfaces/msg/detail/vn_gps_velocity__type_support.h
-- Up-to-date: /home/ekyriakos/my_ws/src/install/turtle_interfaces/include/turtle_interfaces/msg/detail/psu_monitor__functions.c
-- Up-to-date: /home/ekyriakos/my_ws/src/install/turtle_interfaces/include/turtle_interfaces/msg/detail/control_info__type_support.h
-- Up-to-date: /home/ekyriakos/my_ws/src/install/turtle_interfaces/include/turtle_interfaces/msg/detail/vn_ins_status__functions.c
-- Up-to-date: /home/ekyriakos/my_ws/src/install/turtle_interfaces/include/turtle_interfaces/msg/detail/slam_info__struct.h
-- Up-to-date: /home/ekyriakos/my_ws/src/install/turtle_interfaces/include/turtle_interfaces/msg/detail/dio_status__struct.h
-- Up-to-date: /home/ekyriakos/my_ws/src/install/turtle_interfaces/include/turtle_interfaces/msg/detail/tsal_safe_state__functions.c
-- Up-to-date: /home/ekyriakos/my_ws/src/install/turtle_interfaces/include/turtle_interfaces/msg/detail/inverter_commands__type_support.h
-- Up-to-date: /home/ekyriakos/my_ws/src/install/turtle_interfaces/include/turtle_interfaces/msg/detail/actuator_cmd__type_support.h
-- Up-to-date: /home/ekyriakos/my_ws/src/install/turtle_interfaces/include/turtle_interfaces/msg/detail/apps__functions.c
-- Up-to-date: /home/ekyriakos/my_ws/src/install/turtle_interfaces/include/turtle_interfaces/msg/detail/vn_gps_velocity__struct.h
-- Up-to-date: /home/ekyriakos/my_ws/src/install/turtle_interfaces/include/turtle_interfaces/msg/detail/inverter_commands__struct.h
-- Up-to-date: /home/ekyriakos/my_ws/src/install/turtle_interfaces/include/turtle_interfaces/msg/detail/ecu_control_systems__functions.h
-- Up-to-date: /home/ekyriakos/my_ws/src/install/turtle_interfaces/include/turtle_interfaces/msg/detail/brake_light__functions.h
-- Up-to-date: /home/ekyriakos/my_ws/src/install/turtle_interfaces/include/turtle_interfaces/msg/detail/ebs_service_brake__functions.h
-- Up-to-date: /home/ekyriakos/my_ws/src/install/turtle_interfaces/include/turtle_interfaces/msg/detail/actuator_cmd__functions.h
-- Up-to-date: /home/ekyriakos/my_ws/src/install/turtle_interfaces/include/turtle_interfaces/msg/detail/slam_statistics__functions.c
-- Up-to-date: /home/ekyriakos/my_ws/src/install/turtle_interfaces/include/turtle_interfaces/msg/detail/ebs_tank_pressure__struct.h
-- Up-to-date: /home/ekyriakos/my_ws/src/install/turtle_interfaces/include/turtle_interfaces/msg/detail/dash_bools__struct.h
-- Up-to-date: /home/ekyriakos/my_ws/src/install/turtle_interfaces/include/turtle_interfaces/msg/detail/inverter_commands__functions.h
-- Up-to-date: /home/ekyriakos/my_ws/src/install/turtle_interfaces/include/turtle_interfaces/msg/detail/camera_status__type_support.h
-- Up-to-date: /home/ekyriakos/my_ws/src/install/turtle_interfaces/include/turtle_interfaces/msg/detail/control_info__struct.h
-- Up-to-date: /home/ekyriakos/my_ws/src/install/turtle_interfaces/include/turtle_interfaces/msg/detail/vn_imu__functions.c
-- Up-to-date: /home/ekyriakos/my_ws/src/install/turtle_interfaces/include/turtle_interfaces/msg/detail/actuator_cmd__functions.c
-- Up-to-date: /home/ekyriakos/my_ws/src/install/turtle_interfaces/include/turtle_interfaces/msg/detail/vn_utc_time__functions.c
-- Up-to-date: /home/ekyriakos/my_ws/src/install/turtle_interfaces/include/turtle_interfaces/msg/detail/mission_status__functions.h
-- Up-to-date: /home/ekyriakos/my_ws/src/install/turtle_interfaces/include/turtle_interfaces/msg/detail/state_machine_state__struct.h
-- Up-to-date: /home/ekyriakos/my_ws/src/install/turtle_interfaces/include/turtle_interfaces/msg/detail/dash_buttons__struct.h
-- Up-to-date: /home/ekyriakos/my_ws/src/install/turtle_interfaces/include/turtle_interfaces/msg/detail/dash_bools__functions.c
-- Up-to-date: /home/ekyriakos/my_ws/src/install/turtle_interfaces/include/turtle_interfaces/msg/detail/ecu_control_systems__struct.h
-- Up-to-date: /home/ekyriakos/my_ws/src/install/turtle_interfaces/include/turtle_interfaces/msg/detail/ebs_supervisor_info__functions.h
-- Up-to-date: /home/ekyriakos/my_ws/src/install/turtle_interfaces/include/turtle_interfaces/msg/detail/mpc_info__functions.h
-- Up-to-date: /home/ekyriakos/my_ws/src/install/turtle_interfaces/include/turtle_interfaces/msg/detail/mpc_info__functions.c
-- Up-to-date: /home/ekyriakos/my_ws/src/install/turtle_interfaces/include/turtle_interfaces/msg/detail/brake__functions.c
-- Up-to-date: /home/ekyriakos/my_ws/src/install/turtle_interfaces/include/turtle_interfaces/msg/detail/tsal_safe_state__functions.h
-- Up-to-date: /home/ekyriakos/my_ws/src/install/turtle_interfaces/include/turtle_interfaces/msg/detail/cpu_status__struct.h
-- Up-to-date: /home/ekyriakos/my_ws/src/install/turtle_interfaces/include/turtle_interfaces/msg/detail/vn_gps_position__functions.h
-- Up-to-date: /home/ekyriakos/my_ws/src/install/turtle_interfaces/include/turtle_interfaces/msg/detail/rpm__struct.h
-- Up-to-date: /home/ekyriakos/my_ws/src/install/turtle_interfaces/include/turtle_interfaces/msg/detail/bounding_boxes__struct.h
-- Up-to-date: /home/ekyriakos/my_ws/src/install/turtle_interfaces/include/turtle_interfaces/msg/detail/isabellen__functions.c
-- Up-to-date: /home/ekyriakos/my_ws/src/install/turtle_interfaces/include/turtle_interfaces/msg/detail/vn_imu__type_support.h
-- Up-to-date: /home/ekyriakos/my_ws/src/install/turtle_interfaces/include/turtle_interfaces/msg/detail/ouster_imu__functions.c
-- Up-to-date: /home/ekyriakos/my_ws/src/install/turtle_interfaces/include/turtle_interfaces/msg/detail/vn_imu__struct.h
-- Up-to-date: /home/ekyriakos/my_ws/src/install/turtle_interfaces/include/turtle_interfaces/msg/detail/gpu_status__functions.h
-- Up-to-date: /home/ekyriakos/my_ws/src/install/turtle_interfaces/include/turtle_interfaces/msg/detail/dio_status__type_support.h
-- Up-to-date: /home/ekyriakos/my_ws/src/install/turtle_interfaces/include/turtle_interfaces/msg/detail/camera_status__functions.c
-- Up-to-date: /home/ekyriakos/my_ws/src/install/turtle_interfaces/include/turtle_interfaces/msg/detail/psu_monitor__functions.h
-- Up-to-date: /home/ekyriakos/my_ws/src/install/turtle_interfaces/include/turtle_interfaces/msg/detail/ouster_imu__struct.h
-- Up-to-date: /home/ekyriakos/my_ws/src/install/turtle_interfaces/include/turtle_interfaces/msg/detail/steering__functions.c
-- Up-to-date: /home/ekyriakos/my_ws/src/install/turtle_interfaces/include/turtle_interfaces/msg/detail/ecu_control_systems__type_support.h
-- Up-to-date: /home/ekyriakos/my_ws/src/install/turtle_interfaces/include/turtle_interfaces/msg/detail/vn_quat__functions.h
-- Up-to-date: /home/ekyriakos/my_ws/src/install/turtle_interfaces/include/turtle_interfaces/msg/detail/can_status__type_support.h
-- Up-to-date: /home/ekyriakos/my_ws/src/install/turtle_interfaces/include/turtle_interfaces/msg/detail/ouster_imu__type_support.h
-- Up-to-date: /home/ekyriakos/my_ws/src/install/turtle_interfaces/include/turtle_interfaces/msg/detail/apps__struct.h
-- Up-to-date: /home/ekyriakos/my_ws/src/install/turtle_interfaces/include/turtle_interfaces/msg/detail/vn_euler__functions.c
-- Up-to-date: /home/ekyriakos/my_ws/src/install/turtle_interfaces/include/turtle_interfaces/msg/detail/vn_gps_position__functions.c
-- Up-to-date: /home/ekyriakos/my_ws/src/install/turtle_interfaces/include/turtle_interfaces/msg/detail/vn_utc_time__functions.h
-- Up-to-date: /home/ekyriakos/my_ws/src/install/turtle_interfaces/include/turtle_interfaces/msg/detail/mission_status__type_support.h
-- Up-to-date: /home/ekyriakos/my_ws/src/install/turtle_interfaces/include/turtle_interfaces/msg/detail/mission_status__struct.h
-- Up-to-date: /home/ekyriakos/my_ws/src/install/turtle_interfaces/include/turtle_interfaces/msg/detail/vn_ins_status__struct.h
-- Up-to-date: /home/ekyriakos/my_ws/src/install/turtle_interfaces/include/turtle_interfaces/msg/detail/vn_euler__type_support.h
-- Up-to-date: /home/ekyriakos/my_ws/src/install/turtle_interfaces/include/turtle_interfaces/msg/detail/mission_status__functions.c
-- Up-to-date: /home/ekyriakos/my_ws/src/install/turtle_interfaces/include/turtle_interfaces/msg/detail/inverter_info__functions.c
-- Up-to-date: /home/ekyriakos/my_ws/src/install/turtle_interfaces/include/turtle_interfaces/msg/detail/can_status__functions.h
-- Up-to-date: /home/ekyriakos/my_ws/src/install/turtle_interfaces/include/turtle_interfaces/msg/detail/apps__functions.h
-- Up-to-date: /home/ekyriakos/my_ws/src/install/turtle_interfaces/include/turtle_interfaces/msg/detail/mission__functions.c
-- Up-to-date: /home/ekyriakos/my_ws/src/install/turtle_interfaces/include/turtle_interfaces/msg/detail/tsal_safe_state__struct.h
-- Up-to-date: /home/ekyriakos/my_ws/src/install/turtle_interfaces/include/turtle_interfaces/msg/cooling_info.h
-- Up-to-date: /home/ekyriakos/my_ws/src/install/turtle_interfaces/include/turtle_interfaces/msg/inverter_commands.h
-- Up-to-date: /home/ekyriakos/my_ws/src/install/turtle_interfaces/include/turtle_interfaces/msg/ebs_service_brake.h
-- Up-to-date: /home/ekyriakos/my_ws/src/install/turtle_interfaces/include/turtle_interfaces/msg/ros_status.h
-- Up-to-date: /home/ekyriakos/my_ws/src/install/turtle_interfaces/include/turtle_interfaces/msg/vn_ins_status.h
-- Up-to-date: /home/ekyriakos/my_ws/src/install/turtle_interfaces/include/turtle_interfaces/msg/gpu_status.h
-- Up-to-date: /home/ekyriakos/my_ws/src/install/turtle_interfaces/include/turtle_interfaces/msg/tsal_safe_state.h
-- Up-to-date: /home/ekyriakos/my_ws/src/install/turtle_interfaces/include/turtle_interfaces/msg/camera_status.h
-- Up-to-date: /home/ekyriakos/my_ws/src/install/turtle_interfaces/include/turtle_interfaces/msg/ecu_params.h
-- Up-to-date: /home/ekyriakos/my_ws/src/install/turtle_interfaces/include/turtle_interfaces/msg/dash_buttons.h
-- Up-to-date: /home/ekyriakos/my_ws/src/install/turtle_interfaces/include/turtle_interfaces/msg/brake.h
-- Up-to-date: /home/ekyriakos/my_ws/src/install/turtle_interfaces/include/turtle_interfaces/msg/brake_light.h
-- Up-to-date: /home/ekyriakos/my_ws/src/install/turtle_interfaces/include/turtle_interfaces/msg/mission.h
-- Up-to-date: /home/ekyriakos/my_ws/src/install/turtle_interfaces/include/turtle_interfaces/msg/isabellen.h
-- Up-to-date: /home/ekyriakos/my_ws/src/install/turtle_interfaces/include/turtle_interfaces/msg/vn_gps_position.h
-- Up-to-date: /home/ekyriakos/my_ws/src/install/turtle_interfaces/include/turtle_interfaces/msg/ebs_supervisor_info.h
-- Up-to-date: /home/ekyriakos/my_ws/src/install/turtle_interfaces/include/turtle_interfaces/msg/vn_quat.h
-- Up-to-date: /home/ekyriakos/my_ws/src/install/turtle_interfaces/include/turtle_interfaces/msg/ebs_tank_pressure.h
-- Up-to-date: /home/ekyriakos/my_ws/src/install/turtle_interfaces/share/turtle_interfaces/environment/library_path.sh
-- Up-to-date: /home/ekyriakos/my_ws/src/install/turtle_interfaces/share/turtle_interfaces/environment/library_path.dsv
-- Up-to-date: /home/ekyriakos/my_ws/src/install/turtle_interfaces/lib/libturtle_interfaces__rosidl_generator_c.so
-- Up-to-date: /home/ekyriakos/my_ws/src/install/turtle_interfaces/include/turtle_interfaces
-- Up-to-date: /home/ekyriakos/my_ws/src/install/turtle_interfaces/include/turtle_interfaces/msg
-- Up-to-date: /home/ekyriakos/my_ws/src/install/turtle_interfaces/include/turtle_interfaces/msg/rosidl_typesupport_fastrtps_c__visibility_control.h
-- Up-to-date: /home/ekyriakos/my_ws/src/install/turtle_interfaces/include/turtle_interfaces/msg/detail
-- Up-to-date: /home/ekyriakos/my_ws/src/install/turtle_interfaces/include/turtle_interfaces/msg/detail/control_info__rosidl_typesupport_fastrtps_c.h
-- Up-to-date: /home/ekyriakos/my_ws/src/install/turtle_interfaces/include/turtle_interfaces/msg/detail/ecu_control_systems__rosidl_typesupport_fastrtps_c.h
-- Up-to-date: /home/ekyriakos/my_ws/src/install/turtle_interfaces/include/turtle_interfaces/msg/detail/vn_ins_status__rosidl_typesupport_fastrtps_c.h
-- Up-to-date: /home/ekyriakos/my_ws/src/install/turtle_interfaces/include/turtle_interfaces/msg/detail/vn_quat__rosidl_typesupport_fastrtps_c.h
-- Up-to-date: /home/ekyriakos/my_ws/src/install/turtle_interfaces/include/turtle_interfaces/msg/detail/actuator_cmd__rosidl_typesupport_fastrtps_c.h
-- Up-to-date: /home/ekyriakos/my_ws/src/install/turtle_interfaces/include/turtle_interfaces/msg/detail/cpu_status__rosidl_typesupport_fastrtps_c.h
-- Up-to-date: /home/ekyriakos/my_ws/src/install/turtle_interfaces/include/turtle_interfaces/msg/detail/vn_gps_position__rosidl_typesupport_fastrtps_c.h
-- Up-to-date: /home/ekyriakos/my_ws/src/install/turtle_interfaces/include/turtle_interfaces/msg/detail/vn_gps_velocity__rosidl_typesupport_fastrtps_c.h
-- Up-to-date: /home/ekyriakos/my_ws/src/install/turtle_interfaces/include/turtle_interfaces/msg/detail/can_status__rosidl_typesupport_fastrtps_c.h
-- Up-to-date: /home/ekyriakos/my_ws/src/install/turtle_interfaces/include/turtle_interfaces/msg/detail/gpu_status__rosidl_typesupport_fastrtps_c.h
-- Up-to-date: /home/ekyriakos/my_ws/src/install/turtle_interfaces/include/turtle_interfaces/msg/detail/brake_light__rosidl_typesupport_fastrtps_c.h
-- Up-to-date: /home/ekyriakos/my_ws/src/install/turtle_interfaces/include/turtle_interfaces/msg/detail/ouster_imu__rosidl_typesupport_fastrtps_c.h
-- Up-to-date: /home/ekyriakos/my_ws/src/install/turtle_interfaces/include/turtle_interfaces/msg/detail/mission_status__rosidl_typesupport_fastrtps_c.h
-- Up-to-date: /home/ekyriakos/my_ws/src/install/turtle_interfaces/include/turtle_interfaces/msg/detail/tsal_safe_state__rosidl_typesupport_fastrtps_c.h
-- Up-to-date: /home/ekyriakos/my_ws/src/install/turtle_interfaces/include/turtle_interfaces/msg/detail/psu_monitor__rosidl_typesupport_fastrtps_c.h
-- Up-to-date: /home/ekyriakos/my_ws/src/install/turtle_interfaces/include/turtle_interfaces/msg/detail/vn_imu__rosidl_typesupport_fastrtps_c.h
-- Up-to-date: /home/ekyriakos/my_ws/src/install/turtle_interfaces/include/turtle_interfaces/msg/detail/vn_euler__rosidl_typesupport_fastrtps_c.h
-- Up-to-date: /home/ekyriakos/my_ws/src/install/turtle_interfaces/include/turtle_interfaces/msg/detail/ecu_params__rosidl_typesupport_fastrtps_c.h
-- Up-to-date: /home/ekyriakos/my_ws/src/install/turtle_interfaces/include/turtle_interfaces/msg/detail/ros_status__rosidl_typesupport_fastrtps_c.h
-- Up-to-date: /home/ekyriakos/my_ws/src/install/turtle_interfaces/include/turtle_interfaces/msg/detail/inverter_info__rosidl_typesupport_fastrtps_c.h
-- Up-to-date: /home/ekyriakos/my_ws/src/install/turtle_interfaces/include/turtle_interfaces/msg/detail/camera_cones_publish__rosidl_typesupport_fastrtps_c.h
-- Up-to-date: /home/ekyriakos/my_ws/src/install/turtle_interfaces/include/turtle_interfaces/msg/detail/inverter_commands__rosidl_typesupport_fastrtps_c.h
-- Up-to-date: /home/ekyriakos/my_ws/src/install/turtle_interfaces/include/turtle_interfaces/msg/detail/steering__rosidl_typesupport_fastrtps_c.h
-- Up-to-date: /home/ekyriakos/my_ws/src/install/turtle_interfaces/include/turtle_interfaces/msg/detail/brake__rosidl_typesupport_fastrtps_c.h
-- Up-to-date: /home/ekyriakos/my_ws/src/install/turtle_interfaces/include/turtle_interfaces/msg/detail/camera_status__rosidl_typesupport_fastrtps_c.h
-- Up-to-date: /home/ekyriakos/my_ws/src/install/turtle_interfaces/include/turtle_interfaces/msg/detail/vn_utc_time__rosidl_typesupport_fastrtps_c.h
-- Up-to-date: /home/ekyriakos/my_ws/src/install/turtle_interfaces/include/turtle_interfaces/msg/detail/rpm__rosidl_typesupport_fastrtps_c.h
-- Up-to-date: /home/ekyriakos/my_ws/src/install/turtle_interfaces/include/turtle_interfaces/msg/detail/state_machine_state__rosidl_typesupport_fastrtps_c.h
-- Up-to-date: /home/ekyriakos/my_ws/src/install/turtle_interfaces/include/turtle_interfaces/msg/detail/mpc_info__rosidl_typesupport_fastrtps_c.h
-- Up-to-date: /home/ekyriakos/my_ws/src/install/turtle_interfaces/include/turtle_interfaces/msg/detail/ebs_supervisor_info__rosidl_typesupport_fastrtps_c.h
-- Up-to-date: /home/ekyriakos/my_ws/src/install/turtle_interfaces/include/turtle_interfaces/msg/detail/dash_buttons__rosidl_typesupport_fastrtps_c.h
-- Up-to-date: /home/ekyriakos/my_ws/src/install/turtle_interfaces/include/turtle_interfaces/msg/detail/bounding_boxes__rosidl_typesupport_fastrtps_c.h
-- Up-to-date: /home/ekyriakos/my_ws/src/install/turtle_interfaces/include/turtle_interfaces/msg/detail/dio_status__rosidl_typesupport_fastrtps_c.h
-- Up-to-date: /home/ekyriakos/my_ws/src/install/turtle_interfaces/include/turtle_interfaces/msg/detail/slam_statistics__rosidl_typesupport_fastrtps_c.h
-- Up-to-date: /home/ekyriakos/my_ws/src/install/turtle_interfaces/include/turtle_interfaces/msg/detail/ebs_service_brake__rosidl_typesupport_fastrtps_c.h
-- Up-to-date: /home/ekyriakos/my_ws/src/install/turtle_interfaces/include/turtle_interfaces/msg/detail/isabellen__rosidl_typesupport_fastrtps_c.h
-- Up-to-date: /home/ekyriakos/my_ws/src/install/turtle_interfaces/include/turtle_interfaces/msg/detail/ebs_tank_pressure__rosidl_typesupport_fastrtps_c.h
-- Up-to-date: /home/ekyriakos/my_ws/src/install/turtle_interfaces/include/turtle_interfaces/msg/detail/cooling_info__rosidl_typesupport_fastrtps_c.h
-- Up-to-date: /home/ekyriakos/my_ws/src/install/turtle_interfaces/include/turtle_interfaces/msg/detail/dash_bools__rosidl_typesupport_fastrtps_c.h
-- Up-to-date: /home/ekyriakos/my_ws/src/install/turtle_interfaces/include/turtle_interfaces/msg/detail/mission__rosidl_typesupport_fastrtps_c.h
-- Up-to-date: /home/ekyriakos/my_ws/src/install/turtle_interfaces/include/turtle_interfaces/msg/detail/apps__rosidl_typesupport_fastrtps_c.h
-- Up-to-date: /home/ekyriakos/my_ws/src/install/turtle_interfaces/include/turtle_interfaces/msg/detail/res_status__rosidl_typesupport_fastrtps_c.h
-- Up-to-date: /home/ekyriakos/my_ws/src/install/turtle_interfaces/include/turtle_interfaces/msg/detail/slam_info__rosidl_typesupport_fastrtps_c.h
-- Up-to-date: /home/ekyriakos/my_ws/src/install/turtle_interfaces/lib/libturtle_interfaces__rosidl_typesupport_fastrtps_c.so
-- Up-to-date: /home/ekyriakos/my_ws/src/install/turtle_interfaces/include/turtle_interfaces
-- Up-to-date: /home/ekyriakos/my_ws/src/install/turtle_interfaces/include/turtle_interfaces/msg
-- Up-to-date: /home/ekyriakos/my_ws/src/install/turtle_interfaces/include/turtle_interfaces/msg/rosidl_typesupport_fastrtps_cpp__visibility_control.h
-- Up-to-date: /home/ekyriakos/my_ws/src/install/turtle_interfaces/include/turtle_interfaces/msg/detail
-- Up-to-date: /home/ekyriakos/my_ws/src/install/turtle_interfaces/include/turtle_interfaces/msg/detail/res_status__rosidl_typesupport_fastrtps_cpp.hpp
-- Up-to-date: /home/ekyriakos/my_ws/src/install/turtle_interfaces/include/turtle_interfaces/msg/detail/inverter_info__rosidl_typesupport_fastrtps_cpp.hpp
-- Up-to-date: /home/ekyriakos/my_ws/src/install/turtle_interfaces/include/turtle_interfaces/msg/detail/vn_utc_time__rosidl_typesupport_fastrtps_cpp.hpp
-- Up-to-date: /home/ekyriakos/my_ws/src/install/turtle_interfaces/include/turtle_interfaces/msg/detail/vn_gps_velocity__rosidl_typesupport_fastrtps_cpp.hpp
-- Up-to-date: /home/ekyriakos/my_ws/src/install/turtle_interfaces/include/turtle_interfaces/msg/detail/vn_quat__rosidl_typesupport_fastrtps_cpp.hpp
-- Up-to-date: /home/ekyriakos/my_ws/src/install/turtle_interfaces/include/turtle_interfaces/msg/detail/isabellen__rosidl_typesupport_fastrtps_cpp.hpp
-- Up-to-date: /home/ekyriakos/my_ws/src/install/turtle_interfaces/include/turtle_interfaces/msg/detail/mission_status__rosidl_typesupport_fastrtps_cpp.hpp
-- Up-to-date: /home/ekyriakos/my_ws/src/install/turtle_interfaces/include/turtle_interfaces/msg/detail/psu_monitor__rosidl_typesupport_fastrtps_cpp.hpp
-- Up-to-date: /home/ekyriakos/my_ws/src/install/turtle_interfaces/include/turtle_interfaces/msg/detail/dio_status__rosidl_typesupport_fastrtps_cpp.hpp
-- Up-to-date: /home/ekyriakos/my_ws/src/install/turtle_interfaces/include/turtle_interfaces/msg/detail/ebs_supervisor_info__rosidl_typesupport_fastrtps_cpp.hpp
-- Up-to-date: /home/ekyriakos/my_ws/src/install/turtle_interfaces/include/turtle_interfaces/msg/detail/mpc_info__rosidl_typesupport_fastrtps_cpp.hpp
-- Up-to-date: /home/ekyriakos/my_ws/src/install/turtle_interfaces/include/turtle_interfaces/msg/detail/apps__rosidl_typesupport_fastrtps_cpp.hpp
-- Up-to-date: /home/ekyriakos/my_ws/src/install/turtle_interfaces/include/turtle_interfaces/msg/detail/rpm__rosidl_typesupport_fastrtps_cpp.hpp
-- Up-to-date: /home/ekyriakos/my_ws/src/install/turtle_interfaces/include/turtle_interfaces/msg/detail/ouster_imu__rosidl_typesupport_fastrtps_cpp.hpp
-- Up-to-date: /home/ekyriakos/my_ws/src/install/turtle_interfaces/include/turtle_interfaces/msg/detail/state_machine_state__rosidl_typesupport_fastrtps_cpp.hpp
-- Up-to-date: /home/ekyriakos/my_ws/src/install/turtle_interfaces/include/turtle_interfaces/msg/detail/vn_gps_position__rosidl_typesupport_fastrtps_cpp.hpp
-- Up-to-date: /home/ekyriakos/my_ws/src/install/turtle_interfaces/include/turtle_interfaces/msg/detail/actuator_cmd__rosidl_typesupport_fastrtps_cpp.hpp
-- Up-to-date: /home/ekyriakos/my_ws/src/install/turtle_interfaces/include/turtle_interfaces/msg/detail/bounding_boxes__rosidl_typesupport_fastrtps_cpp.hpp
-- Up-to-date: /home/ekyriakos/my_ws/src/install/turtle_interfaces/include/turtle_interfaces/msg/detail/slam_info__rosidl_typesupport_fastrtps_cpp.hpp
-- Up-to-date: /home/ekyriakos/my_ws/src/install/turtle_interfaces/include/turtle_interfaces/msg/detail/vn_imu__rosidl_typesupport_fastrtps_cpp.hpp
-- Up-to-date: /home/ekyriakos/my_ws/src/install/turtle_interfaces/include/turtle_interfaces/msg/detail/mission__rosidl_typesupport_fastrtps_cpp.hpp
-- Up-to-date: /home/ekyriakos/my_ws/src/install/turtle_interfaces/include/turtle_interfaces/msg/detail/ebs_tank_pressure__rosidl_typesupport_fastrtps_cpp.hpp
-- Up-to-date: /home/ekyriakos/my_ws/src/install/turtle_interfaces/include/turtle_interfaces/msg/detail/brake_light__rosidl_typesupport_fastrtps_cpp.hpp
-- Up-to-date: /home/ekyriakos/my_ws/src/install/turtle_interfaces/include/turtle_interfaces/msg/detail/ebs_service_brake__rosidl_typesupport_fastrtps_cpp.hpp
-- Up-to-date: /home/ekyriakos/my_ws/src/install/turtle_interfaces/include/turtle_interfaces/msg/detail/vn_ins_status__rosidl_typesupport_fastrtps_cpp.hpp
-- Up-to-date: /home/ekyriakos/my_ws/src/install/turtle_interfaces/include/turtle_interfaces/msg/detail/ecu_params__rosidl_typesupport_fastrtps_cpp.hpp
-- Up-to-date: /home/ekyriakos/my_ws/src/install/turtle_interfaces/include/turtle_interfaces/msg/detail/inverter_commands__rosidl_typesupport_fastrtps_cpp.hpp
-- Up-to-date: /home/ekyriakos/my_ws/src/install/turtle_interfaces/include/turtle_interfaces/msg/detail/brake__rosidl_typesupport_fastrtps_cpp.hpp
-- Up-to-date: /home/ekyriakos/my_ws/src/install/turtle_interfaces/include/turtle_interfaces/msg/detail/gpu_status__rosidl_typesupport_fastrtps_cpp.hpp
-- Up-to-date: /home/ekyriakos/my_ws/src/install/turtle_interfaces/include/turtle_interfaces/msg/detail/vn_euler__rosidl_typesupport_fastrtps_cpp.hpp
-- Up-to-date: /home/ekyriakos/my_ws/src/install/turtle_interfaces/include/turtle_interfaces/msg/detail/cooling_info__rosidl_typesupport_fastrtps_cpp.hpp
-- Up-to-date: /home/ekyriakos/my_ws/src/install/turtle_interfaces/include/turtle_interfaces/msg/detail/tsal_safe_state__rosidl_typesupport_fastrtps_cpp.hpp
-- Up-to-date: /home/ekyriakos/my_ws/src/install/turtle_interfaces/include/turtle_interfaces/msg/detail/ros_status__rosidl_typesupport_fastrtps_cpp.hpp
-- Up-to-date: /home/ekyriakos/my_ws/src/install/turtle_interfaces/include/turtle_interfaces/msg/detail/camera_cones_publish__rosidl_typesupport_fastrtps_cpp.hpp
-- Up-to-date: /home/ekyriakos/my_ws/src/install/turtle_interfaces/include/turtle_interfaces/msg/detail/slam_statistics__rosidl_typesupport_fastrtps_cpp.hpp
-- Up-to-date: /home/ekyriakos/my_ws/src/install/turtle_interfaces/include/turtle_interfaces/msg/detail/steering__rosidl_typesupport_fastrtps_cpp.hpp
-- Up-to-date: /home/ekyriakos/my_ws/src/install/turtle_interfaces/include/turtle_interfaces/msg/detail/dash_bools__rosidl_typesupport_fastrtps_cpp.hpp
-- Up-to-date: /home/ekyriakos/my_ws/src/install/turtle_interfaces/include/turtle_interfaces/msg/detail/dash_buttons__rosidl_typesupport_fastrtps_cpp.hpp
-- Up-to-date: /home/ekyriakos/my_ws/src/install/turtle_interfaces/include/turtle_interfaces/msg/detail/dds_fastrtps
-- Up-to-date: /home/ekyriakos/my_ws/src/install/turtle_interfaces/include/turtle_interfaces/msg/detail/cpu_status__rosidl_typesupport_fastrtps_cpp.hpp
-- Up-to-date: /home/ekyriakos/my_ws/src/install/turtle_interfaces/include/turtle_interfaces/msg/detail/camera_status__rosidl_typesupport_fastrtps_cpp.hpp
-- Up-to-date: /home/ekyriakos/my_ws/src/install/turtle_interfaces/include/turtle_interfaces/msg/detail/can_status__rosidl_typesupport_fastrtps_cpp.hpp
-- Up-to-date: /home/ekyriakos/my_ws/src/install/turtle_interfaces/include/turtle_interfaces/msg/detail/control_info__rosidl_typesupport_fastrtps_cpp.hpp
-- Up-to-date: /home/ekyriakos/my_ws/src/install/turtle_interfaces/include/turtle_interfaces/msg/detail/ecu_control_systems__rosidl_typesupport_fastrtps_cpp.hpp
-- Up-to-date: /home/ekyriakos/my_ws/src/install/turtle_interfaces/lib/libturtle_interfaces__rosidl_typesupport_fastrtps_cpp.so
-- Up-to-date: /home/ekyriakos/my_ws/src/install/turtle_interfaces/include/turtle_interfaces
-- Up-to-date: /home/ekyriakos/my_ws/src/install/turtle_interfaces/include/turtle_interfaces/msg
-- Up-to-date: /home/ekyriakos/my_ws/src/install/turtle_interfaces/include/turtle_interfaces/msg/rosidl_typesupport_introspection_c__visibility_control.h
-- Up-to-date: /home/ekyriakos/my_ws/src/install/turtle_interfaces/include/turtle_interfaces/msg/detail
-- Up-to-date: /home/ekyriakos/my_ws/src/install/turtle_interfaces/include/turtle_interfaces/msg/detail/steering__rosidl_typesupport_introspection_c.h
-- Up-to-date: /home/ekyriakos/my_ws/src/install/turtle_interfaces/include/turtle_interfaces/msg/detail/inverter_commands__type_support.c
-- Up-to-date: /home/ekyriakos/my_ws/src/install/turtle_interfaces/include/turtle_interfaces/msg/detail/cpu_status__rosidl_typesupport_introspection_c.h
-- Up-to-date: /home/ekyriakos/my_ws/src/install/turtle_interfaces/include/turtle_interfaces/msg/detail/apps__type_support.c
-- Up-to-date: /home/ekyriakos/my_ws/src/install/turtle_interfaces/include/turtle_interfaces/msg/detail/inverter_commands__rosidl_typesupport_introspection_c.h
-- Up-to-date: /home/ekyriakos/my_ws/src/install/turtle_interfaces/include/turtle_interfaces/msg/detail/ecu_params__type_support.c
-- Up-to-date: /home/ekyriakos/my_ws/src/install/turtle_interfaces/include/turtle_interfaces/msg/detail/vn_imu__type_support.c
-- Up-to-date: /home/ekyriakos/my_ws/src/install/turtle_interfaces/include/turtle_interfaces/msg/detail/ecu_control_systems__type_support.c
-- Up-to-date: /home/ekyriakos/my_ws/src/install/turtle_interfaces/include/turtle_interfaces/msg/detail/mission_status__rosidl_typesupport_introspection_c.h
-- Up-to-date: /home/ekyriakos/my_ws/src/install/turtle_interfaces/include/turtle_interfaces/msg/detail/dash_bools__type_support.c
-- Up-to-date: /home/ekyriakos/my_ws/src/install/turtle_interfaces/include/turtle_interfaces/msg/detail/res_status__rosidl_typesupport_introspection_c.h
-- Up-to-date: /home/ekyriakos/my_ws/src/install/turtle_interfaces/include/turtle_interfaces/msg/detail/tsal_safe_state__rosidl_typesupport_introspection_c.h
-- Up-to-date: /home/ekyriakos/my_ws/src/install/turtle_interfaces/include/turtle_interfaces/msg/detail/inverter_info__rosidl_typesupport_introspection_c.h
-- Up-to-date: /home/ekyriakos/my_ws/src/install/turtle_interfaces/include/turtle_interfaces/msg/detail/psu_monitor__rosidl_typesupport_introspection_c.h
-- Up-to-date: /home/ekyriakos/my_ws/src/install/turtle_interfaces/include/turtle_interfaces/msg/detail/mission__rosidl_typesupport_introspection_c.h
-- Up-to-date: /home/ekyriakos/my_ws/src/install/turtle_interfaces/include/turtle_interfaces/msg/detail/slam_info__type_support.c
-- Up-to-date: /home/ekyriakos/my_ws/src/install/turtle_interfaces/include/turtle_interfaces/msg/detail/ebs_supervisor_info__rosidl_typesupport_introspection_c.h
-- Up-to-date: /home/ekyriakos/my_ws/src/install/turtle_interfaces/include/turtle_interfaces/msg/detail/camera_cones_publish__rosidl_typesupport_introspection_c.h
-- Up-to-date: /home/ekyriakos/my_ws/src/install/turtle_interfaces/include/turtle_interfaces/msg/detail/brake__type_support.c
-- Up-to-date: /home/ekyriakos/my_ws/src/install/turtle_interfaces/include/turtle_interfaces/msg/detail/mpc_info__type_support.c
-- Up-to-date: /home/ekyriakos/my_ws/src/install/turtle_interfaces/include/turtle_interfaces/msg/detail/vn_ins_status__type_support.c
-- Up-to-date: /home/ekyriakos/my_ws/src/install/turtle_interfaces/include/turtle_interfaces/msg/detail/brake__rosidl_typesupport_introspection_c.h
-- Up-to-date: /home/ekyriakos/my_ws/src/install/turtle_interfaces/include/turtle_interfaces/msg/detail/slam_info__rosidl_typesupport_introspection_c.h
-- Up-to-date: /home/ekyriakos/my_ws/src/install/turtle_interfaces/include/turtle_interfaces/msg/detail/camera_status__rosidl_typesupport_introspection_c.h
-- Up-to-date: /home/ekyriakos/my_ws/src/install/turtle_interfaces/include/turtle_interfaces/msg/detail/control_info__type_support.c
-- Up-to-date: /home/ekyriakos/my_ws/src/install/turtle_interfaces/include/turtle_interfaces/msg/detail/state_machine_state__rosidl_typesupport_introspection_c.h
-- Up-to-date: /home/ekyriakos/my_ws/src/install/turtle_interfaces/include/turtle_interfaces/msg/detail/rpm__rosidl_typesupport_introspection_c.h
-- Up-to-date: /home/ekyriakos/my_ws/src/install/turtle_interfaces/include/turtle_interfaces/msg/detail/ebs_tank_pressure__type_support.c
-- Up-to-date: /home/ekyriakos/my_ws/src/install/turtle_interfaces/include/turtle_interfaces/msg/detail/rpm__type_support.c
-- Up-to-date: /home/ekyriakos/my_ws/src/install/turtle_interfaces/include/turtle_interfaces/msg/detail/dio_status__rosidl_typesupport_introspection_c.h
-- Up-to-date: /home/ekyriakos/my_ws/src/install/turtle_interfaces/include/turtle_interfaces/msg/detail/ouster_imu__type_support.c
-- Up-to-date: /home/ekyriakos/my_ws/src/install/turtle_interfaces/include/turtle_interfaces/msg/detail/gpu_status__type_support.c
-- Up-to-date: /home/ekyriakos/my_ws/src/install/turtle_interfaces/include/turtle_interfaces/msg/detail/ecu_params__rosidl_typesupport_introspection_c.h
-- Up-to-date: /home/ekyriakos/my_ws/src/install/turtle_interfaces/include/turtle_interfaces/msg/detail/state_machine_state__type_support.c
-- Up-to-date: /home/ekyriakos/my_ws/src/install/turtle_interfaces/include/turtle_interfaces/msg/detail/mission__type_support.c
-- Up-to-date: /home/ekyriakos/my_ws/src/install/turtle_interfaces/include/turtle_interfaces/msg/detail/steering__type_support.c
-- Up-to-date: /home/ekyriakos/my_ws/src/install/turtle_interfaces/include/turtle_interfaces/msg/detail/vn_euler__type_support.c
-- Up-to-date: /home/ekyriakos/my_ws/src/install/turtle_interfaces/include/turtle_interfaces/msg/detail/vn_utc_time__type_support.c
-- Up-to-date: /home/ekyriakos/my_ws/src/install/turtle_interfaces/include/turtle_interfaces/msg/detail/camera_cones_publish__type_support.c
-- Up-to-date: /home/ekyriakos/my_ws/src/install/turtle_interfaces/include/turtle_interfaces/msg/detail/cpu_status__type_support.c
-- Up-to-date: /home/ekyriakos/my_ws/src/install/turtle_interfaces/include/turtle_interfaces/msg/detail/isabellen__type_support.c
-- Up-to-date: /home/ekyriakos/my_ws/src/install/turtle_interfaces/include/turtle_interfaces/msg/detail/brake_light__type_support.c
-- Up-to-date: /home/ekyriakos/my_ws/src/install/turtle_interfaces/include/turtle_interfaces/msg/detail/inverter_info__type_support.c
-- Up-to-date: /home/ekyriakos/my_ws/src/install/turtle_interfaces/include/turtle_interfaces/msg/detail/tsal_safe_state__type_support.c
-- Up-to-date: /home/ekyriakos/my_ws/src/install/turtle_interfaces/include/turtle_interfaces/msg/detail/ros_status__type_support.c
-- Up-to-date: /home/ekyriakos/my_ws/src/install/turtle_interfaces/include/turtle_interfaces/msg/detail/ouster_imu__rosidl_typesupport_introspection_c.h
-- Up-to-date: /home/ekyriakos/my_ws/src/install/turtle_interfaces/include/turtle_interfaces/msg/detail/mpc_info__rosidl_typesupport_introspection_c.h
-- Up-to-date: /home/ekyriakos/my_ws/src/install/turtle_interfaces/include/turtle_interfaces/msg/detail/ebs_service_brake__rosidl_typesupport_introspection_c.h
-- Up-to-date: /home/ekyriakos/my_ws/src/install/turtle_interfaces/include/turtle_interfaces/msg/detail/ecu_control_systems__rosidl_typesupport_introspection_c.h
-- Up-to-date: /home/ekyriakos/my_ws/src/install/turtle_interfaces/include/turtle_interfaces/msg/detail/vn_gps_position__type_support.c
-- Up-to-date: /home/ekyriakos/my_ws/src/install/turtle_interfaces/include/turtle_interfaces/msg/detail/vn_utc_time__rosidl_typesupport_introspection_c.h
-- Up-to-date: /home/ekyriakos/my_ws/src/install/turtle_interfaces/include/turtle_interfaces/msg/detail/vn_quat__type_support.c
-- Up-to-date: /home/ekyriakos/my_ws/src/install/turtle_interfaces/include/turtle_interfaces/msg/detail/vn_quat__rosidl_typesupport_introspection_c.h
-- Up-to-date: /home/ekyriakos/my_ws/src/install/turtle_interfaces/include/turtle_interfaces/msg/detail/cooling_info__rosidl_typesupport_introspection_c.h
-- Up-to-date: /home/ekyriakos/my_ws/src/install/turtle_interfaces/include/turtle_interfaces/msg/detail/dash_buttons__type_support.c
-- Up-to-date: /home/ekyriakos/my_ws/src/install/turtle_interfaces/include/turtle_interfaces/msg/detail/can_status__type_support.c
-- Up-to-date: /home/ekyriakos/my_ws/src/install/turtle_interfaces/include/turtle_interfaces/msg/detail/vn_ins_status__rosidl_typesupport_introspection_c.h
-- Up-to-date: /home/ekyriakos/my_ws/src/install/turtle_interfaces/include/turtle_interfaces/msg/detail/slam_statistics__type_support.c
-- Up-to-date: /home/ekyriakos/my_ws/src/install/turtle_interfaces/include/turtle_interfaces/msg/detail/actuator_cmd__rosidl_typesupport_introspection_c.h
-- Up-to-date: /home/ekyriakos/my_ws/src/install/turtle_interfaces/include/turtle_interfaces/msg/detail/dash_bools__rosidl_typesupport_introspection_c.h
-- Up-to-date: /home/ekyriakos/my_ws/src/install/turtle_interfaces/include/turtle_interfaces/msg/detail/psu_monitor__type_support.c
-- Up-to-date: /home/ekyriakos/my_ws/src/install/turtle_interfaces/include/turtle_interfaces/msg/detail/ros_status__rosidl_typesupport_introspection_c.h
-- Up-to-date: /home/ekyriakos/my_ws/src/install/turtle_interfaces/include/turtle_interfaces/msg/detail/apps__rosidl_typesupport_introspection_c.h
-- Up-to-date: /home/ekyriakos/my_ws/src/install/turtle_interfaces/include/turtle_interfaces/msg/detail/cooling_info__type_support.c
-- Up-to-date: /home/ekyriakos/my_ws/src/install/turtle_interfaces/include/turtle_interfaces/msg/detail/vn_imu__rosidl_typesupport_introspection_c.h
-- Up-to-date: /home/ekyriakos/my_ws/src/install/turtle_interfaces/include/turtle_interfaces/msg/detail/vn_gps_velocity__type_support.c
-- Up-to-date: /home/ekyriakos/my_ws/src/install/turtle_interfaces/include/turtle_interfaces/msg/detail/can_status__rosidl_typesupport_introspection_c.h
-- Up-to-date: /home/ekyriakos/my_ws/src/install/turtle_interfaces/include/turtle_interfaces/msg/detail/res_status__type_support.c
-- Up-to-date: /home/ekyriakos/my_ws/src/install/turtle_interfaces/include/turtle_interfaces/msg/detail/gpu_status__rosidl_typesupport_introspection_c.h
-- Up-to-date: /home/ekyriakos/my_ws/src/install/turtle_interfaces/include/turtle_interfaces/msg/detail/control_info__rosidl_typesupport_introspection_c.h
-- Up-to-date: /home/ekyriakos/my_ws/src/install/turtle_interfaces/include/turtle_interfaces/msg/detail/ebs_supervisor_info__type_support.c
-- Up-to-date: /home/ekyriakos/my_ws/src/install/turtle_interfaces/include/turtle_interfaces/msg/detail/ebs_tank_pressure__rosidl_typesupport_introspection_c.h
-- Up-to-date: /home/ekyriakos/my_ws/src/install/turtle_interfaces/include/turtle_interfaces/msg/detail/bounding_boxes__type_support.c
-- Up-to-date: /home/ekyriakos/my_ws/src/install/turtle_interfaces/include/turtle_interfaces/msg/detail/vn_euler__rosidl_typesupport_introspection_c.h
-- Up-to-date: /home/ekyriakos/my_ws/src/install/turtle_interfaces/include/turtle_interfaces/msg/detail/actuator_cmd__type_support.c
-- Up-to-date: /home/ekyriakos/my_ws/src/install/turtle_interfaces/include/turtle_interfaces/msg/detail/camera_status__type_support.c
-- Up-to-date: /home/ekyriakos/my_ws/src/install/turtle_interfaces/include/turtle_interfaces/msg/detail/slam_statistics__rosidl_typesupport_introspection_c.h
-- Up-to-date: /home/ekyriakos/my_ws/src/install/turtle_interfaces/include/turtle_interfaces/msg/detail/ebs_service_brake__type_support.c
-- Up-to-date: /home/ekyriakos/my_ws/src/install/turtle_interfaces/include/turtle_interfaces/msg/detail/isabellen__rosidl_typesupport_introspection_c.h
-- Up-to-date: /home/ekyriakos/my_ws/src/install/turtle_interfaces/include/turtle_interfaces/msg/detail/bounding_boxes__rosidl_typesupport_introspection_c.h
-- Up-to-date: /home/ekyriakos/my_ws/src/install/turtle_interfaces/include/turtle_interfaces/msg/detail/vn_gps_velocity__rosidl_typesupport_introspection_c.h
-- Up-to-date: /home/ekyriakos/my_ws/src/install/turtle_interfaces/include/turtle_interfaces/msg/detail/mission_status__type_support.c
-- Up-to-date: /home/ekyriakos/my_ws/src/install/turtle_interfaces/include/turtle_interfaces/msg/detail/vn_gps_position__rosidl_typesupport_introspection_c.h
-- Up-to-date: /home/ekyriakos/my_ws/src/install/turtle_interfaces/include/turtle_interfaces/msg/detail/dash_buttons__rosidl_typesupport_introspection_c.h
-- Up-to-date: /home/ekyriakos/my_ws/src/install/turtle_interfaces/include/turtle_interfaces/msg/detail/dio_status__type_support.c
-- Up-to-date: /home/ekyriakos/my_ws/src/install/turtle_interfaces/include/turtle_interfaces/msg/detail/brake_light__rosidl_typesupport_introspection_c.h
-- Up-to-date: /home/ekyriakos/my_ws/src/install/turtle_interfaces/lib/libturtle_interfaces__rosidl_typesupport_introspection_c.so
-- Up-to-date: /home/ekyriakos/my_ws/src/install/turtle_interfaces/lib/libturtle_interfaces__rosidl_typesupport_c.so
-- Up-to-date: /home/ekyriakos/my_ws/src/install/turtle_interfaces/include/turtle_interfaces
-- Up-to-date: /home/ekyriakos/my_ws/src/install/turtle_interfaces/include/turtle_interfaces/msg
-- Up-to-date: /home/ekyriakos/my_ws/src/install/turtle_interfaces/include/turtle_interfaces/msg/dash_buttons.hpp
-- Up-to-date: /home/ekyriakos/my_ws/src/install/turtle_interfaces/include/turtle_interfaces/msg/vn_utc_time.hpp
-- Up-to-date: /home/ekyriakos/my_ws/src/install/turtle_interfaces/include/turtle_interfaces/msg/steering.hpp
-- Up-to-date: /home/ekyriakos/my_ws/src/install/turtle_interfaces/include/turtle_interfaces/msg/cooling_info.hpp
-- Up-to-date: /home/ekyriakos/my_ws/src/install/turtle_interfaces/include/turtle_interfaces/msg/tsal_safe_state.hpp
-- Up-to-date: /home/ekyriakos/my_ws/src/install/turtle_interfaces/include/turtle_interfaces/msg/vn_gps_position.hpp
-- Up-to-date: /home/ekyriakos/my_ws/src/install/turtle_interfaces/include/turtle_interfaces/msg/res_status.hpp
-- Up-to-date: /home/ekyriakos/my_ws/src/install/turtle_interfaces/include/turtle_interfaces/msg/bounding_boxes.hpp
-- Up-to-date: /home/ekyriakos/my_ws/src/install/turtle_interfaces/include/turtle_interfaces/msg/psu_monitor.hpp
-- Up-to-date: /home/ekyriakos/my_ws/src/install/turtle_interfaces/include/turtle_interfaces/msg/isabellen.hpp
-- Up-to-date: /home/ekyriakos/my_ws/src/install/turtle_interfaces/include/turtle_interfaces/msg/actuator_cmd.hpp
-- Up-to-date: /home/ekyriakos/my_ws/src/install/turtle_interfaces/include/turtle_interfaces/msg/cpu_status.hpp
-- Up-to-date: /home/ekyriakos/my_ws/src/install/turtle_interfaces/include/turtle_interfaces/msg/vn_quat.hpp
-- Up-to-date: /home/ekyriakos/my_ws/src/install/turtle_interfaces/include/turtle_interfaces/msg/brake_light.hpp
-- Up-to-date: /home/ekyriakos/my_ws/src/install/turtle_interfaces/include/turtle_interfaces/msg/can_status.hpp
-- Up-to-date: /home/ekyriakos/my_ws/src/install/turtle_interfaces/include/turtle_interfaces/msg/brake.hpp
-- Up-to-date: /home/ekyriakos/my_ws/src/install/turtle_interfaces/include/turtle_interfaces/msg/gpu_status.hpp
-- Up-to-date: /home/ekyriakos/my_ws/src/install/turtle_interfaces/include/turtle_interfaces/msg/ecu_control_systems.hpp
-- Up-to-date: /home/ekyriakos/my_ws/src/install/turtle_interfaces/include/turtle_interfaces/msg/inverter_commands.hpp
-- Up-to-date: /home/ekyriakos/my_ws/src/install/turtle_interfaces/include/turtle_interfaces/msg/mission.hpp
-- Up-to-date: /home/ekyriakos/my_ws/src/install/turtle_interfaces/include/turtle_interfaces/msg/dio_status.hpp
-- Up-to-date: /home/ekyriakos/my_ws/src/install/turtle_interfaces/include/turtle_interfaces/msg/detail
-- Up-to-date: /home/ekyriakos/my_ws/src/install/turtle_interfaces/include/turtle_interfaces/msg/detail/state_machine_state__traits.hpp
-- Up-to-date: /home/ekyriakos/my_ws/src/install/turtle_interfaces/include/turtle_interfaces/msg/detail/can_status__builder.hpp
-- Up-to-date: /home/ekyriakos/my_ws/src/install/turtle_interfaces/include/turtle_interfaces/msg/detail/bounding_boxes__builder.hpp
-- Up-to-date: /home/ekyriakos/my_ws/src/install/turtle_interfaces/include/turtle_interfaces/msg/detail/cpu_status__traits.hpp
-- Up-to-date: /home/ekyriakos/my_ws/src/install/turtle_interfaces/include/turtle_interfaces/msg/detail/ouster_imu__builder.hpp
-- Up-to-date: /home/ekyriakos/my_ws/src/install/turtle_interfaces/include/turtle_interfaces/msg/detail/mission_status__struct.hpp
-- Up-to-date: /home/ekyriakos/my_ws/src/install/turtle_interfaces/include/turtle_interfaces/msg/detail/camera_status__builder.hpp
-- Up-to-date: /home/ekyriakos/my_ws/src/install/turtle_interfaces/include/turtle_interfaces/msg/detail/vn_ins_status__struct.hpp
-- Up-to-date: /home/ekyriakos/my_ws/src/install/turtle_interfaces/include/turtle_interfaces/msg/detail/slam_info__traits.hpp
-- Up-to-date: /home/ekyriakos/my_ws/src/install/turtle_interfaces/include/turtle_interfaces/msg/detail/vn_imu__struct.hpp
-- Up-to-date: /home/ekyriakos/my_ws/src/install/turtle_interfaces/include/turtle_interfaces/msg/detail/mpc_info__struct.hpp
-- Up-to-date: /home/ekyriakos/my_ws/src/install/turtle_interfaces/include/turtle_interfaces/msg/detail/vn_gps_position__struct.hpp
-- Up-to-date: /home/ekyriakos/my_ws/src/install/turtle_interfaces/include/turtle_interfaces/msg/detail/brake__struct.hpp
-- Up-to-date: /home/ekyriakos/my_ws/src/install/turtle_interfaces/include/turtle_interfaces/msg/detail/vn_utc_time__struct.hpp
-- Up-to-date: /home/ekyriakos/my_ws/src/install/turtle_interfaces/include/turtle_interfaces/msg/detail/vn_euler__struct.hpp
-- Up-to-date: /home/ekyriakos/my_ws/src/install/turtle_interfaces/include/turtle_interfaces/msg/detail/brake_light__builder.hpp
-- Up-to-date: /home/ekyriakos/my_ws/src/install/turtle_interfaces/include/turtle_interfaces/msg/detail/ebs_service_brake__builder.hpp
-- Up-to-date: /home/ekyriakos/my_ws/src/install/turtle_interfaces/include/turtle_interfaces/msg/detail/isabellen__struct.hpp
-- Up-to-date: /home/ekyriakos/my_ws/src/install/turtle_interfaces/include/turtle_interfaces/msg/detail/dash_buttons__builder.hpp
-- Up-to-date: /home/ekyriakos/my_ws/src/install/turtle_interfaces/include/turtle_interfaces/msg/detail/apps__struct.hpp
-- Up-to-date: /home/ekyriakos/my_ws/src/install/turtle_interfaces/include/turtle_interfaces/msg/detail/slam_info__builder.hpp
-- Up-to-date: /home/ekyriakos/my_ws/src/install/turtle_interfaces/include/turtle_interfaces/msg/detail/dash_bools__struct.hpp
-- Up-to-date: /home/ekyriakos/my_ws/src/install/turtle_interfaces/include/turtle_interfaces/msg/detail/vn_gps_velocity__struct.hpp
-- Up-to-date: /home/ekyriakos/my_ws/src/install/turtle_interfaces/include/turtle_interfaces/msg/detail/vn_gps_velocity__builder.hpp
-- Up-to-date: /home/ekyriakos/my_ws/src/install/turtle_interfaces/include/turtle_interfaces/msg/detail/control_info__struct.hpp
-- Up-to-date: /home/ekyriakos/my_ws/src/install/turtle_interfaces/include/turtle_interfaces/msg/detail/mission__builder.hpp
-- Up-to-date: /home/ekyriakos/my_ws/src/install/turtle_interfaces/include/turtle_interfaces/msg/detail/actuator_cmd__traits.hpp
-- Up-to-date: /home/ekyriakos/my_ws/src/install/turtle_interfaces/include/turtle_interfaces/msg/detail/steering__traits.hpp
-- Up-to-date: /home/ekyriakos/my_ws/src/install/turtle_interfaces/include/turtle_interfaces/msg/detail/ebs_tank_pressure__traits.hpp
-- Up-to-date: /home/ekyriakos/my_ws/src/install/turtle_interfaces/include/turtle_interfaces/msg/detail/tsal_safe_state__builder.hpp
-- Up-to-date: /home/ekyriakos/my_ws/src/install/turtle_interfaces/include/turtle_interfaces/msg/detail/rpm__builder.hpp
-- Up-to-date: /home/ekyriakos/my_ws/src/install/turtle_interfaces/include/turtle_interfaces/msg/detail/ros_status__struct.hpp
-- Up-to-date: /home/ekyriakos/my_ws/src/install/turtle_interfaces/include/turtle_interfaces/msg/detail/inverter_info__struct.hpp
-- Up-to-date: /home/ekyriakos/my_ws/src/install/turtle_interfaces/include/turtle_interfaces/msg/detail/vn_quat__traits.hpp
-- Up-to-date: /home/ekyriakos/my_ws/src/install/turtle_interfaces/include/turtle_interfaces/msg/detail/psu_monitor__traits.hpp
-- Up-to-date: /home/ekyriakos/my_ws/src/install/turtle_interfaces/include/turtle_interfaces/msg/detail/psu_monitor__struct.hpp
-- Up-to-date: /home/ekyriakos/my_ws/src/install/turtle_interfaces/include/turtle_interfaces/msg/detail/mission__traits.hpp
-- Up-to-date: /home/ekyriakos/my_ws/src/install/turtle_interfaces/include/turtle_interfaces/msg/detail/vn_gps_position__builder.hpp
-- Up-to-date: /home/ekyriakos/my_ws/src/install/turtle_interfaces/include/turtle_interfaces/msg/detail/can_status__struct.hpp
-- Up-to-date: /home/ekyriakos/my_ws/src/install/turtle_interfaces/include/turtle_interfaces/msg/detail/mission__struct.hpp
-- Up-to-date: /home/ekyriakos/my_ws/src/install/turtle_interfaces/include/turtle_interfaces/msg/detail/control_info__builder.hpp
-- Up-to-date: /home/ekyriakos/my_ws/src/install/turtle_interfaces/include/turtle_interfaces/msg/detail/ouster_imu__traits.hpp
-- Up-to-date: /home/ekyriakos/my_ws/src/install/turtle_interfaces/include/turtle_interfaces/msg/detail/brake__builder.hpp
-- Up-to-date: /home/ekyriakos/my_ws/src/install/turtle_interfaces/include/turtle_interfaces/msg/detail/camera_cones_publish__traits.hpp
-- Up-to-date: /home/ekyriakos/my_ws/src/install/turtle_interfaces/include/turtle_interfaces/msg/detail/actuator_cmd__builder.hpp
-- Up-to-date: /home/ekyriakos/my_ws/src/install/turtle_interfaces/include/turtle_interfaces/msg/detail/ecu_control_systems__traits.hpp
-- Up-to-date: /home/ekyriakos/my_ws/src/install/turtle_interfaces/include/turtle_interfaces/msg/detail/vn_utc_time__traits.hpp
-- Up-to-date: /home/ekyriakos/my_ws/src/install/turtle_interfaces/include/turtle_interfaces/msg/detail/res_status__builder.hpp
-- Up-to-date: /home/ekyriakos/my_ws/src/install/turtle_interfaces/include/turtle_interfaces/msg/detail/vn_quat__struct.hpp
-- Up-to-date: /home/ekyriakos/my_ws/src/install/turtle_interfaces/include/turtle_interfaces/msg/detail/vn_euler__builder.hpp
-- Up-to-date: /home/ekyriakos/my_ws/src/install/turtle_interfaces/include/turtle_interfaces/msg/detail/dio_status__builder.hpp
-- Up-to-date: /home/ekyriakos/my_ws/src/install/turtle_interfaces/include/turtle_interfaces/msg/detail/dash_buttons__struct.hpp
-- Up-to-date: /home/ekyriakos/my_ws/src/install/turtle_interfaces/include/turtle_interfaces/msg/detail/gpu_status__struct.hpp
-- Up-to-date: /home/ekyriakos/my_ws/src/install/turtle_interfaces/include/turtle_interfaces/msg/detail/vn_gps_velocity__traits.hpp
-- Up-to-date: /home/ekyriakos/my_ws/src/install/turtle_interfaces/include/turtle_interfaces/msg/detail/dio_status__struct.hpp
-- Up-to-date: /home/ekyriakos/my_ws/src/install/turtle_interfaces/include/turtle_interfaces/msg/detail/apps__builder.hpp
-- Up-to-date: /home/ekyriakos/my_ws/src/install/turtle_interfaces/include/turtle_interfaces/msg/detail/brake__traits.hpp
-- Up-to-date: /home/ekyriakos/my_ws/src/install/turtle_interfaces/include/turtle_interfaces/msg/detail/can_status__traits.hpp
-- Up-to-date: /home/ekyriakos/my_ws/src/install/turtle_interfaces/include/turtle_interfaces/msg/detail/ebs_supervisor_info__builder.hpp
-- Up-to-date: /home/ekyriakos/my_ws/src/install/turtle_interfaces/include/turtle_interfaces/msg/detail/ecu_params__builder.hpp
-- Up-to-date: /home/ekyriakos/my_ws/src/install/turtle_interfaces/include/turtle_interfaces/msg/detail/vn_ins_status__traits.hpp
-- Up-to-date: /home/ekyriakos/my_ws/src/install/turtle_interfaces/include/turtle_interfaces/msg/detail/steering__struct.hpp
-- Up-to-date: /home/ekyriakos/my_ws/src/install/turtle_interfaces/include/turtle_interfaces/msg/detail/camera_cones_publish__builder.hpp
-- Up-to-date: /home/ekyriakos/my_ws/src/install/turtle_interfaces/include/turtle_interfaces/msg/detail/camera_status__traits.hpp
-- Up-to-date: /home/ekyriakos/my_ws/src/install/turtle_interfaces/include/turtle_interfaces/msg/detail/ebs_service_brake__struct.hpp
-- Up-to-date: /home/ekyriakos/my_ws/src/install/turtle_interfaces/include/turtle_interfaces/msg/detail/mpc_info__builder.hpp
-- Up-to-date: /home/ekyriakos/my_ws/src/install/turtle_interfaces/include/turtle_interfaces/msg/detail/cooling_info__builder.hpp
-- Up-to-date: /home/ekyriakos/my_ws/src/install/turtle_interfaces/include/turtle_interfaces/msg/detail/vn_quat__builder.hpp
-- Up-to-date: /home/ekyriakos/my_ws/src/install/turtle_interfaces/include/turtle_interfaces/msg/detail/ouster_imu__struct.hpp
-- Up-to-date: /home/ekyriakos/my_ws/src/install/turtle_interfaces/include/turtle_interfaces/msg/detail/slam_statistics__builder.hpp
-- Up-to-date: /home/ekyriakos/my_ws/src/install/turtle_interfaces/include/turtle_interfaces/msg/detail/camera_status__struct.hpp
-- Up-to-date: /home/ekyriakos/my_ws/src/install/turtle_interfaces/include/turtle_interfaces/msg/detail/vn_imu__traits.hpp
-- Up-to-date: /home/ekyriakos/my_ws/src/install/turtle_interfaces/include/turtle_interfaces/msg/detail/mpc_info__traits.hpp
-- Up-to-date: /home/ekyriakos/my_ws/src/install/turtle_interfaces/include/turtle_interfaces/msg/detail/vn_ins_status__builder.hpp
-- Up-to-date: /home/ekyriakos/my_ws/src/install/turtle_interfaces/include/turtle_interfaces/msg/detail/slam_statistics__struct.hpp
-- Up-to-date: /home/ekyriakos/my_ws/src/install/turtle_interfaces/include/turtle_interfaces/msg/detail/isabellen__builder.hpp
-- Up-to-date: /home/ekyriakos/my_ws/src/install/turtle_interfaces/include/turtle_interfaces/msg/detail/ros_status__traits.hpp
-- Up-to-date: /home/ekyriakos/my_ws/src/install/turtle_interfaces/include/turtle_interfaces/msg/detail/psu_monitor__builder.hpp
-- Up-to-date: /home/ekyriakos/my_ws/src/install/turtle_interfaces/include/turtle_interfaces/msg/detail/state_machine_state__builder.hpp
-- Up-to-date: /home/ekyriakos/my_ws/src/install/turtle_interfaces/include/turtle_interfaces/msg/detail/state_machine_state__struct.hpp
-- Up-to-date: /home/ekyriakos/my_ws/src/install/turtle_interfaces/include/turtle_interfaces/msg/detail/isabellen__traits.hpp
-- Up-to-date: /home/ekyriakos/my_ws/src/install/turtle_interfaces/include/turtle_interfaces/msg/detail/vn_utc_time__builder.hpp
-- Up-to-date: /home/ekyriakos/my_ws/src/install/turtle_interfaces/include/turtle_interfaces/msg/detail/vn_imu__builder.hpp
-- Up-to-date: /home/ekyriakos/my_ws/src/install/turtle_interfaces/include/turtle_interfaces/msg/detail/ecu_params__traits.hpp
-- Up-to-date: /home/ekyriakos/my_ws/src/install/turtle_interfaces/include/turtle_interfaces/msg/detail/rpm__traits.hpp
-- Up-to-date: /home/ekyriakos/my_ws/src/install/turtle_interfaces/include/turtle_interfaces/msg/detail/cooling_info__struct.hpp
-- Up-to-date: /home/ekyriakos/my_ws/src/install/turtle_interfaces/include/turtle_interfaces/msg/detail/ros_status__builder.hpp
-- Up-to-date: /home/ekyriakos/my_ws/src/install/turtle_interfaces/include/turtle_interfaces/msg/detail/res_status__struct.hpp
-- Up-to-date: /home/ekyriakos/my_ws/src/install/turtle_interfaces/include/turtle_interfaces/msg/detail/res_status__traits.hpp
-- Up-to-date: /home/ekyriakos/my_ws/src/install/turtle_interfaces/include/turtle_interfaces/msg/detail/inverter_commands__builder.hpp
-- Up-to-date: /home/ekyriakos/my_ws/src/install/turtle_interfaces/include/turtle_interfaces/msg/detail/dash_buttons__traits.hpp
-- Up-to-date: /home/ekyriakos/my_ws/src/install/turtle_interfaces/include/turtle_interfaces/msg/detail/ebs_supervisor_info__traits.hpp
-- Up-to-date: /home/ekyriakos/my_ws/src/install/turtle_interfaces/include/turtle_interfaces/msg/detail/steering__builder.hpp
-- Up-to-date: /home/ekyriakos/my_ws/src/install/turtle_interfaces/include/turtle_interfaces/msg/detail/inverter_commands__struct.hpp
-- Up-to-date: /home/ekyriakos/my_ws/src/install/turtle_interfaces/include/turtle_interfaces/msg/detail/inverter_info__builder.hpp
-- Up-to-date: /home/ekyriakos/my_ws/src/install/turtle_interfaces/include/turtle_interfaces/msg/detail/ecu_params__struct.hpp
-- Up-to-date: /home/ekyriakos/my_ws/src/install/turtle_interfaces/include/turtle_interfaces/msg/detail/control_info__traits.hpp
-- Up-to-date: /home/ekyriakos/my_ws/src/install/turtle_interfaces/include/turtle_interfaces/msg/detail/ebs_tank_pressure__builder.hpp
-- Up-to-date: /home/ekyriakos/my_ws/src/install/turtle_interfaces/include/turtle_interfaces/msg/detail/apps__traits.hpp
-- Up-to-date: /home/ekyriakos/my_ws/src/install/turtle_interfaces/include/turtle_interfaces/msg/detail/bounding_boxes__traits.hpp
-- Up-to-date: /home/ekyriakos/my_ws/src/install/turtle_interfaces/include/turtle_interfaces/msg/detail/brake_light__traits.hpp
-- Up-to-date: /home/ekyriakos/my_ws/src/install/turtle_interfaces/include/turtle_interfaces/msg/detail/cooling_info__traits.hpp
-- Up-to-date: /home/ekyriakos/my_ws/src/install/turtle_interfaces/include/turtle_interfaces/msg/detail/dash_bools__builder.hpp
-- Up-to-date: /home/ekyriakos/my_ws/src/install/turtle_interfaces/include/turtle_interfaces/msg/detail/vn_gps_position__traits.hpp
-- Up-to-date: /home/ekyriakos/my_ws/src/install/turtle_interfaces/include/turtle_interfaces/msg/detail/ebs_supervisor_info__struct.hpp
-- Up-to-date: /home/ekyriakos/my_ws/src/install/turtle_interfaces/include/turtle_interfaces/msg/detail/dio_status__traits.hpp
-- Up-to-date: /home/ekyriakos/my_ws/src/install/turtle_interfaces/include/turtle_interfaces/msg/detail/bounding_boxes__struct.hpp
-- Up-to-date: /home/ekyriakos/my_ws/src/install/turtle_interfaces/include/turtle_interfaces/msg/detail/mission_status__traits.hpp
-- Up-to-date: /home/ekyriakos/my_ws/src/install/turtle_interfaces/include/turtle_interfaces/msg/detail/slam_statistics__traits.hpp
-- Up-to-date: /home/ekyriakos/my_ws/src/install/turtle_interfaces/include/turtle_interfaces/msg/detail/tsal_safe_state__traits.hpp
-- Up-to-date: /home/ekyriakos/my_ws/src/install/turtle_interfaces/include/turtle_interfaces/msg/detail/ecu_control_systems__struct.hpp
-- Up-to-date: /home/ekyriakos/my_ws/src/install/turtle_interfaces/include/turtle_interfaces/msg/detail/ebs_tank_pressure__struct.hpp
-- Up-to-date: /home/ekyriakos/my_ws/src/install/turtle_interfaces/include/turtle_interfaces/msg/detail/gpu_status__traits.hpp
-- Up-to-date: /home/ekyriakos/my_ws/src/install/turtle_interfaces/include/turtle_interfaces/msg/detail/actuator_cmd__struct.hpp
-- Up-to-date: /home/ekyriakos/my_ws/src/install/turtle_interfaces/include/turtle_interfaces/msg/detail/cpu_status__builder.hpp
-- Up-to-date: /home/ekyriakos/my_ws/src/install/turtle_interfaces/include/turtle_interfaces/msg/detail/ebs_service_brake__traits.hpp
-- Up-to-date: /home/ekyriakos/my_ws/src/install/turtle_interfaces/include/turtle_interfaces/msg/detail/dash_bools__traits.hpp
-- Up-to-date: /home/ekyriakos/my_ws/src/install/turtle_interfaces/include/turtle_interfaces/msg/detail/vn_euler__traits.hpp
-- Up-to-date: /home/ekyriakos/my_ws/src/install/turtle_interfaces/include/turtle_interfaces/msg/detail/inverter_commands__traits.hpp
-- Up-to-date: /home/ekyriakos/my_ws/src/install/turtle_interfaces/include/turtle_interfaces/msg/detail/camera_cones_publish__struct.hpp
-- Up-to-date: /home/ekyriakos/my_ws/src/install/turtle_interfaces/include/turtle_interfaces/msg/detail/tsal_safe_state__struct.hpp
-- Up-to-date: /home/ekyriakos/my_ws/src/install/turtle_interfaces/include/turtle_interfaces/msg/detail/ecu_control_systems__builder.hpp
-- Up-to-date: /home/ekyriakos/my_ws/src/install/turtle_interfaces/include/turtle_interfaces/msg/detail/rpm__struct.hpp
-- Up-to-date: /home/ekyriakos/my_ws/src/install/turtle_interfaces/include/turtle_interfaces/msg/detail/cpu_status__struct.hpp
-- Up-to-date: /home/ekyriakos/my_ws/src/install/turtle_interfaces/include/turtle_interfaces/msg/detail/slam_info__struct.hpp
-- Up-to-date: /home/ekyriakos/my_ws/src/install/turtle_interfaces/include/turtle_interfaces/msg/detail/gpu_status__builder.hpp
-- Up-to-date: /home/ekyriakos/my_ws/src/install/turtle_interfaces/include/turtle_interfaces/msg/detail/brake_light__struct.hpp
-- Up-to-date: /home/ekyriakos/my_ws/src/install/turtle_interfaces/include/turtle_interfaces/msg/detail/inverter_info__traits.hpp
-- Up-to-date: /home/ekyriakos/my_ws/src/install/turtle_interfaces/include/turtle_interfaces/msg/detail/mission_status__builder.hpp
-- Up-to-date: /home/ekyriakos/my_ws/src/install/turtle_interfaces/include/turtle_interfaces/msg/ebs_supervisor_info.hpp
-- Up-to-date: /home/ekyriakos/my_ws/src/install/turtle_interfaces/include/turtle_interfaces/msg/camera_status.hpp
-- Up-to-date: /home/ekyriakos/my_ws/src/install/turtle_interfaces/include/turtle_interfaces/msg/slam_statistics.hpp
-- Up-to-date: /home/ekyriakos/my_ws/src/install/turtle_interfaces/include/turtle_interfaces/msg/ebs_tank_pressure.hpp
-- Up-to-date: /home/ekyriakos/my_ws/src/install/turtle_interfaces/include/turtle_interfaces/msg/slam_info.hpp
-- Up-to-date: /home/ekyriakos/my_ws/src/install/turtle_interfaces/include/turtle_interfaces/msg/mpc_info.hpp
-- Up-to-date: /home/ekyriakos/my_ws/src/install/turtle_interfaces/include/turtle_interfaces/msg/vn_ins_status.hpp
-- Up-to-date: /home/ekyriakos/my_ws/src/install/turtle_interfaces/include/turtle_interfaces/msg/apps.hpp
-- Up-to-date: /home/ekyriakos/my_ws/src/install/turtle_interfaces/include/turtle_interfaces/msg/ros_status.hpp
-- Up-to-date: /home/ekyriakos/my_ws/src/install/turtle_interfaces/include/turtle_interfaces/msg/vn_euler.hpp
-- Up-to-date: /home/ekyriakos/my_ws/src/install/turtle_interfaces/include/turtle_interfaces/msg/ouster_imu.hpp
-- Up-to-date: /home/ekyriakos/my_ws/src/install/turtle_interfaces/include/turtle_interfaces/msg/vn_gps_velocity.hpp
-- Up-to-date: /home/ekyriakos/my_ws/src/install/turtle_interfaces/include/turtle_interfaces/msg/mission_status.hpp
-- Up-to-date: /home/ekyriakos/my_ws/src/install/turtle_interfaces/include/turtle_interfaces/msg/camera_cones_publish.hpp
-- Up-to-date: /home/ekyriakos/my_ws/src/install/turtle_interfaces/include/turtle_interfaces/msg/inverter_info.hpp
-- Up-to-date: /home/ekyriakos/my_ws/src/install/turtle_interfaces/include/turtle_interfaces/msg/state_machine_state.hpp
-- Up-to-date: /home/ekyriakos/my_ws/src/install/turtle_interfaces/include/turtle_interfaces/msg/rpm.hpp
-- Up-to-date: /home/ekyriakos/my_ws/src/install/turtle_interfaces/include/turtle_interfaces/msg/dash_bools.hpp
-- Up-to-date: /home/ekyriakos/my_ws/src/install/turtle_interfaces/include/turtle_interfaces/msg/control_info.hpp
-- Up-to-date: /home/ekyriakos/my_ws/src/install/turtle_interfaces/include/turtle_interfaces/msg/ecu_params.hpp
-- Up-to-date: /home/ekyriakos/my_ws/src/install/turtle_interfaces/include/turtle_interfaces/msg/ebs_service_brake.hpp
-- Up-to-date: /home/ekyriakos/my_ws/src/install/turtle_interfaces/include/turtle_interfaces/msg/vn_imu.hpp
-- Up-to-date: /home/ekyriakos/my_ws/src/install/turtle_interfaces/include/turtle_interfaces
-- Up-to-date: /home/ekyriakos/my_ws/src/install/turtle_interfaces/include/turtle_interfaces/msg
-- Up-to-date: /home/ekyriakos/my_ws/src/install/turtle_interfaces/include/turtle_interfaces/msg/detail
-- Up-to-date: /home/ekyriakos/my_ws/src/install/turtle_interfaces/include/turtle_interfaces/msg/detail/slam_info__rosidl_typesupport_introspection_cpp.hpp
-- Up-to-date: /home/ekyriakos/my_ws/src/install/turtle_interfaces/include/turtle_interfaces/msg/detail/state_machine_state__rosidl_typesupport_introspection_cpp.hpp
-- Up-to-date: /home/ekyriakos/my_ws/src/install/turtle_interfaces/include/turtle_interfaces/msg/detail/ebs_supervisor_info__rosidl_typesupport_introspection_cpp.hpp
-- Up-to-date: /home/ekyriakos/my_ws/src/install/turtle_interfaces/include/turtle_interfaces/msg/detail/dash_bools__rosidl_typesupport_introspection_cpp.hpp
-- Up-to-date: /home/ekyriakos/my_ws/src/install/turtle_interfaces/include/turtle_interfaces/msg/detail/ouster_imu__type_support.cpp
-- Up-to-date: /home/ekyriakos/my_ws/src/install/turtle_interfaces/include/turtle_interfaces/msg/detail/ebs_service_brake__type_support.cpp
-- Up-to-date: /home/ekyriakos/my_ws/src/install/turtle_interfaces/include/turtle_interfaces/msg/detail/bounding_boxes__type_support.cpp
-- Up-to-date: /home/ekyriakos/my_ws/src/install/turtle_interfaces/include/turtle_interfaces/msg/detail/vn_euler__rosidl_typesupport_introspection_cpp.hpp
-- Up-to-date: /home/ekyriakos/my_ws/src/install/turtle_interfaces/include/turtle_interfaces/msg/detail/rpm__type_support.cpp
-- Up-to-date: /home/ekyriakos/my_ws/src/install/turtle_interfaces/include/turtle_interfaces/msg/detail/bounding_boxes__rosidl_typesupport_introspection_cpp.hpp
-- Up-to-date: /home/ekyriakos/my_ws/src/install/turtle_interfaces/include/turtle_interfaces/msg/detail/camera_status__type_support.cpp
-- Up-to-date: /home/ekyriakos/my_ws/src/install/turtle_interfaces/include/turtle_interfaces/msg/detail/ecu_control_systems__rosidl_typesupport_introspection_cpp.hpp
-- Up-to-date: /home/ekyriakos/my_ws/src/install/turtle_interfaces/include/turtle_interfaces/msg/detail/camera_cones_publish__rosidl_typesupport_introspection_cpp.hpp
-- Up-to-date: /home/ekyriakos/my_ws/src/install/turtle_interfaces/include/turtle_interfaces/msg/detail/psu_monitor__rosidl_typesupport_introspection_cpp.hpp
-- Up-to-date: /home/ekyriakos/my_ws/src/install/turtle_interfaces/include/turtle_interfaces/msg/detail/ebs_supervisor_info__type_support.cpp
-- Up-to-date: /home/ekyriakos/my_ws/src/install/turtle_interfaces/include/turtle_interfaces/msg/detail/ecu_control_systems__type_support.cpp
-- Up-to-date: /home/ekyriakos/my_ws/src/install/turtle_interfaces/include/turtle_interfaces/msg/detail/gpu_status__rosidl_typesupport_introspection_cpp.hpp
-- Up-to-date: /home/ekyriakos/my_ws/src/install/turtle_interfaces/include/turtle_interfaces/msg/detail/ouster_imu__rosidl_typesupport_introspection_cpp.hpp
-- Up-to-date: /home/ekyriakos/my_ws/src/install/turtle_interfaces/include/turtle_interfaces/msg/detail/psu_monitor__type_support.cpp
-- Up-to-date: /home/ekyriakos/my_ws/src/install/turtle_interfaces/include/turtle_interfaces/msg/detail/vn_gps_position__rosidl_typesupport_introspection_cpp.hpp
-- Up-to-date: /home/ekyriakos/my_ws/src/install/turtle_interfaces/include/turtle_interfaces/msg/detail/gpu_status__type_support.cpp
-- Up-to-date: /home/ekyriakos/my_ws/src/install/turtle_interfaces/include/turtle_interfaces/msg/detail/ecu_params__type_support.cpp
-- Up-to-date: /home/ekyriakos/my_ws/src/install/turtle_interfaces/include/turtle_interfaces/msg/detail/brake__type_support.cpp
-- Up-to-date: /home/ekyriakos/my_ws/src/install/turtle_interfaces/include/turtle_interfaces/msg/detail/dio_status__rosidl_typesupport_introspection_cpp.hpp
-- Up-to-date: /home/ekyriakos/my_ws/src/install/turtle_interfaces/include/turtle_interfaces/msg/detail/isabellen__type_support.cpp
-- Up-to-date: /home/ekyriakos/my_ws/src/install/turtle_interfaces/include/turtle_interfaces/msg/detail/dash_buttons__rosidl_typesupport_introspection_cpp.hpp
-- Up-to-date: /home/ekyriakos/my_ws/src/install/turtle_interfaces/include/turtle_interfaces/msg/detail/slam_statistics__rosidl_typesupport_introspection_cpp.hpp
-- Up-to-date: /home/ekyriakos/my_ws/src/install/turtle_interfaces/include/turtle_interfaces/msg/detail/vn_euler__type_support.cpp
-- Up-to-date: /home/ekyriakos/my_ws/src/install/turtle_interfaces/include/turtle_interfaces/msg/detail/control_info__type_support.cpp
-- Up-to-date: /home/ekyriakos/my_ws/src/install/turtle_interfaces/include/turtle_interfaces/msg/detail/isabellen__rosidl_typesupport_introspection_cpp.hpp
-- Up-to-date: /home/ekyriakos/my_ws/src/install/turtle_interfaces/include/turtle_interfaces/msg/detail/ecu_params__rosidl_typesupport_introspection_cpp.hpp
-- Up-to-date: /home/ekyriakos/my_ws/src/install/turtle_interfaces/include/turtle_interfaces/msg/detail/vn_gps_velocity__rosidl_typesupport_introspection_cpp.hpp
-- Up-to-date: /home/ekyriakos/my_ws/src/install/turtle_interfaces/include/turtle_interfaces/msg/detail/mpc_info__type_support.cpp
-- Up-to-date: /home/ekyriakos/my_ws/src/install/turtle_interfaces/include/turtle_interfaces/msg/detail/brake_light__type_support.cpp
-- Up-to-date: /home/ekyriakos/my_ws/src/install/turtle_interfaces/include/turtle_interfaces/msg/detail/slam_statistics__type_support.cpp
-- Up-to-date: /home/ekyriakos/my_ws/src/install/turtle_interfaces/include/turtle_interfaces/msg/detail/vn_gps_position__type_support.cpp
-- Up-to-date: /home/ekyriakos/my_ws/src/install/turtle_interfaces/include/turtle_interfaces/msg/detail/cpu_status__rosidl_typesupport_introspection_cpp.hpp
-- Up-to-date: /home/ekyriakos/my_ws/src/install/turtle_interfaces/include/turtle_interfaces/msg/detail/control_info__rosidl_typesupport_introspection_cpp.hpp
-- Up-to-date: /home/ekyriakos/my_ws/src/install/turtle_interfaces/include/turtle_interfaces/msg/detail/apps__rosidl_typesupport_introspection_cpp.hpp
-- Up-to-date: /home/ekyriakos/my_ws/src/install/turtle_interfaces/include/turtle_interfaces/msg/detail/ebs_service_brake__rosidl_typesupport_introspection_cpp.hpp
-- Up-to-date: /home/ekyriakos/my_ws/src/install/turtle_interfaces/include/turtle_interfaces/msg/detail/steering__type_support.cpp
-- Up-to-date: /home/ekyriakos/my_ws/src/install/turtle_interfaces/include/turtle_interfaces/msg/detail/vn_gps_velocity__type_support.cpp
-- Up-to-date: /home/ekyriakos/my_ws/src/install/turtle_interfaces/include/turtle_interfaces/msg/detail/vn_quat__rosidl_typesupport_introspection_cpp.hpp
-- Up-to-date: /home/ekyriakos/my_ws/src/install/turtle_interfaces/include/turtle_interfaces/msg/detail/ros_status__type_support.cpp
-- Up-to-date: /home/ekyriakos/my_ws/src/install/turtle_interfaces/include/turtle_interfaces/msg/detail/rpm__rosidl_typesupport_introspection_cpp.hpp
-- Up-to-date: /home/ekyriakos/my_ws/src/install/turtle_interfaces/include/turtle_interfaces/msg/detail/ebs_tank_pressure__rosidl_typesupport_introspection_cpp.hpp
-- Up-to-date: /home/ekyriakos/my_ws/src/install/turtle_interfaces/include/turtle_interfaces/msg/detail/vn_imu__type_support.cpp
-- Up-to-date: /home/ekyriakos/my_ws/src/install/turtle_interfaces/include/turtle_interfaces/msg/detail/camera_status__rosidl_typesupport_introspection_cpp.hpp
-- Up-to-date: /home/ekyriakos/my_ws/src/install/turtle_interfaces/include/turtle_interfaces/msg/detail/cpu_status__type_support.cpp
-- Up-to-date: /home/ekyriakos/my_ws/src/install/turtle_interfaces/include/turtle_interfaces/msg/detail/inverter_info__rosidl_typesupport_introspection_cpp.hpp
-- Up-to-date: /home/ekyriakos/my_ws/src/install/turtle_interfaces/include/turtle_interfaces/msg/detail/vn_ins_status__type_support.cpp
-- Up-to-date: /home/ekyriakos/my_ws/src/install/turtle_interfaces/include/turtle_interfaces/msg/detail/vn_ins_status__rosidl_typesupport_introspection_cpp.hpp
-- Up-to-date: /home/ekyriakos/my_ws/src/install/turtle_interfaces/include/turtle_interfaces/msg/detail/inverter_info__type_support.cpp
-- Up-to-date: /home/ekyriakos/my_ws/src/install/turtle_interfaces/include/turtle_interfaces/msg/detail/cooling_info__type_support.cpp
-- Up-to-date: /home/ekyriakos/my_ws/src/install/turtle_interfaces/include/turtle_interfaces/msg/detail/actuator_cmd__rosidl_typesupport_introspection_cpp.hpp
-- Up-to-date: /home/ekyriakos/my_ws/src/install/turtle_interfaces/include/turtle_interfaces/msg/detail/res_status__rosidl_typesupport_introspection_cpp.hpp
-- Up-to-date: /home/ekyriakos/my_ws/src/install/turtle_interfaces/include/turtle_interfaces/msg/detail/mission_status__type_support.cpp
-- Up-to-date: /home/ekyriakos/my_ws/src/install/turtle_interfaces/include/turtle_interfaces/msg/detail/vn_utc_time__type_support.cpp
-- Up-to-date: /home/ekyriakos/my_ws/src/install/turtle_interfaces/include/turtle_interfaces/msg/detail/vn_imu__rosidl_typesupport_introspection_cpp.hpp
-- Up-to-date: /home/ekyriakos/my_ws/src/install/turtle_interfaces/include/turtle_interfaces/msg/detail/vn_quat__type_support.cpp
-- Up-to-date: /home/ekyriakos/my_ws/src/install/turtle_interfaces/include/turtle_interfaces/msg/detail/can_status__type_support.cpp
-- Up-to-date: /home/ekyriakos/my_ws/src/install/turtle_interfaces/include/turtle_interfaces/msg/detail/brake_light__rosidl_typesupport_introspection_cpp.hpp
-- Up-to-date: /home/ekyriakos/my_ws/src/install/turtle_interfaces/include/turtle_interfaces/msg/detail/dio_status__type_support.cpp
-- Up-to-date: /home/ekyriakos/my_ws/src/install/turtle_interfaces/include/turtle_interfaces/msg/detail/camera_cones_publish__type_support.cpp
-- Up-to-date: /home/ekyriakos/my_ws/src/install/turtle_interfaces/include/turtle_interfaces/msg/detail/dash_buttons__type_support.cpp
-- Up-to-date: /home/ekyriakos/my_ws/src/install/turtle_interfaces/include/turtle_interfaces/msg/detail/can_status__rosidl_typesupport_introspection_cpp.hpp
-- Up-to-date: /home/ekyriakos/my_ws/src/install/turtle_interfaces/include/turtle_interfaces/msg/detail/ros_status__rosidl_typesupport_introspection_cpp.hpp
-- Up-to-date: /home/ekyriakos/my_ws/src/install/turtle_interfaces/include/turtle_interfaces/msg/detail/mpc_info__rosidl_typesupport_introspection_cpp.hpp
-- Up-to-date: /home/ekyriakos/my_ws/src/install/turtle_interfaces/include/turtle_interfaces/msg/detail/mission__rosidl_typesupport_introspection_cpp.hpp
-- Up-to-date: /home/ekyriakos/my_ws/src/install/turtle_interfaces/include/turtle_interfaces/msg/detail/tsal_safe_state__type_support.cpp
-- Up-to-date: /home/ekyriakos/my_ws/src/install/turtle_interfaces/include/turtle_interfaces/msg/detail/inverter_commands__type_support.cpp
-- Up-to-date: /home/ekyriakos/my_ws/src/install/turtle_interfaces/include/turtle_interfaces/msg/detail/vn_utc_time__rosidl_typesupport_introspection_cpp.hpp
-- Up-to-date: /home/ekyriakos/my_ws/src/install/turtle_interfaces/include/turtle_interfaces/msg/detail/tsal_safe_state__rosidl_typesupport_introspection_cpp.hpp
-- Up-to-date: /home/ekyriakos/my_ws/src/install/turtle_interfaces/include/turtle_interfaces/msg/detail/mission_status__rosidl_typesupport_introspection_cpp.hpp
-- Up-to-date: /home/ekyriakos/my_ws/src/install/turtle_interfaces/include/turtle_interfaces/msg/detail/apps__type_support.cpp
-- Up-to-date: /home/ekyriakos/my_ws/src/install/turtle_interfaces/include/turtle_interfaces/msg/detail/steering__rosidl_typesupport_introspection_cpp.hpp
-- Up-to-date: /home/ekyriakos/my_ws/src/install/turtle_interfaces/include/turtle_interfaces/msg/detail/actuator_cmd__type_support.cpp
-- Up-to-date: /home/ekyriakos/my_ws/src/install/turtle_interfaces/include/turtle_interfaces/msg/detail/slam_info__type_support.cpp
-- Up-to-date: /home/ekyriakos/my_ws/src/install/turtle_interfaces/include/turtle_interfaces/msg/detail/inverter_commands__rosidl_typesupport_introspection_cpp.hpp
-- Up-to-date: /home/ekyriakos/my_ws/src/install/turtle_interfaces/include/turtle_interfaces/msg/detail/dash_bools__type_support.cpp
-- Up-to-date: /home/ekyriakos/my_ws/src/install/turtle_interfaces/include/turtle_interfaces/msg/detail/mission__type_support.cpp
-- Up-to-date: /home/ekyriakos/my_ws/src/install/turtle_interfaces/include/turtle_interfaces/msg/detail/res_status__type_support.cpp
-- Up-to-date: /home/ekyriakos/my_ws/src/install/turtle_interfaces/include/turtle_interfaces/msg/detail/cooling_info__rosidl_typesupport_introspection_cpp.hpp
-- Up-to-date: /home/ekyriakos/my_ws/src/install/turtle_interfaces/include/turtle_interfaces/msg/detail/state_machine_state__type_support.cpp
-- Up-to-date: /home/ekyriakos/my_ws/src/install/turtle_interfaces/include/turtle_interfaces/msg/detail/brake__rosidl_typesupport_introspection_cpp.hpp
-- Up-to-date: /home/ekyriakos/my_ws/src/install/turtle_interfaces/include/turtle_interfaces/msg/detail/ebs_tank_pressure__type_support.cpp
-- Up-to-date: /home/ekyriakos/my_ws/src/install/turtle_interfaces/lib/libturtle_interfaces__rosidl_typesupport_introspection_cpp.so
-- Up-to-date: /home/ekyriakos/my_ws/src/install/turtle_interfaces/lib/libturtle_interfaces__rosidl_typesupport_cpp.so
-- Up-to-date: /home/ekyriakos/my_ws/src/install/turtle_interfaces/share/turtle_interfaces/environment/pythonpath.sh
-- Up-to-date: /home/ekyriakos/my_ws/src/install/turtle_interfaces/share/turtle_interfaces/environment/pythonpath.dsv
-- Up-to-date: /home/ekyriakos/my_ws/src/install/turtle_interfaces/lib/python3.8/site-packages/turtle_interfaces/__init__.py
