[0.096s] Invoking command in '/home/ekyriakos/my_ws/src/build/turtle_interfaces': CMAKE_PREFIX_PATH=${CMAKE_PREFIX_PATH}:/opt/ros/galactic /usr/bin/cmake --build /home/ekyriakos/my_ws/src/build/turtle_interfaces -- -j4 -l4
[0.381s] [  0%] Built target turtle_interfaces__cpp
[0.398s] [ 12%] Built target turtle_interfaces__rosidl_generator_c
[0.527s] [ 25%] Built target turtle_interfaces__rosidl_typesupport_c
[0.575s] [ 38%] Built target turtle_interfaces__rosidl_typesupport_introspection_cpp
[0.597s] [ 50%] Built target turtle_interfaces__rosidl_typesupport_cpp
[0.626s] [ 62%] Built target turtle_interfaces__rosidl_typesupport_fastrtps_cpp
[0.721s] [ 75%] Built target turtle_interfaces__rosidl_typesupport_introspection_c
[0.805s] [ 88%] Built target turtle_interfaces__rosidl_typesupport_fastrtps_c
[0.864s] [ 88%] Built target turtle_interfaces
[0.937s] [ 88%] Built target turtle_interfaces__py
[1.063s] [100%] Built target turtle_interfaces__python
[1.158s] [100%] Built target turtle_interfaces__rosidl_typesupport_c__pyext
[1.158s] [100%] Built target turtle_interfaces__rosidl_typesupport_introspection_c__pyext
[1.158s] [100%] Built target turtle_interfaces__rosidl_typesupport_fastrtps_c__pyext
[1.175s] Invoked command in '/home/ekyriakos/my_ws/src/build/turtle_interfaces' returned '0': CMAKE_PREFIX_PATH=${CMAKE_PREFIX_PATH}:/opt/ros/galactic /usr/bin/cmake --build /home/ekyriakos/my_ws/src/build/turtle_interfaces -- -j4 -l4
[2.342s] Invoking command in '/home/ekyriakos/my_ws/src/build/turtle_interfaces': CMAKE_PREFIX_PATH=${CMAKE_PREFIX_PATH}:/opt/ros/galactic /usr/bin/cmake --install /home/ekyriakos/my_ws/src/build/turtle_interfaces
[2.363s] -- Install configuration: ""
[2.364s] -- Up-to-date: /home/ekyriakos/my_ws/src/install/turtle_interfaces/share/ament_index/resource_index/rosidl_interfaces/turtle_interfaces
[2.365s] -- Up-to-date: /home/ekyriakos/my_ws/src/install/turtle_interfaces/include/turtle_interfaces
[2.365s] -- Up-to-date: /home/ekyriakos/my_ws/src/install/turtle_interfaces/include/turtle_interfaces/msg
[2.365s] -- Up-to-date: /home/ekyriakos/my_ws/src/install/turtle_interfaces/include/turtle_interfaces/msg/control_info.h
[2.365s] -- Up-to-date: /home/ekyriakos/my_ws/src/install/turtle_interfaces/include/turtle_interfaces/msg/res_status.h
[2.366s] -- Up-to-date: /home/ekyriakos/my_ws/src/install/turtle_interfaces/include/turtle_interfaces/msg/psu_monitor.h
[2.366s] -- Up-to-date: /home/ekyriakos/my_ws/src/install/turtle_interfaces/include/turtle_interfaces/msg/mission_status.h
[2.366s] -- Up-to-date: /home/ekyriakos/my_ws/src/install/turtle_interfaces/include/turtle_interfaces/msg/rosidl_generator_c__visibility_control.h
[2.366s] -- Up-to-date: /home/ekyriakos/my_ws/src/install/turtle_interfaces/include/turtle_interfaces/msg/vn_euler.h
[2.366s] -- Up-to-date: /home/ekyriakos/my_ws/src/install/turtle_interfaces/include/turtle_interfaces/msg/ecu_control_systems.h
[2.366s] -- Up-to-date: /home/ekyriakos/my_ws/src/install/turtle_interfaces/include/turtle_interfaces/msg/camera_cones_publish.h
[2.367s] -- Up-to-date: /home/ekyriakos/my_ws/src/install/turtle_interfaces/include/turtle_interfaces/msg/ouster_imu.h
[2.367s] -- Up-to-date: /home/ekyriakos/my_ws/src/install/turtle_interfaces/include/turtle_interfaces/msg/vn_gps_velocity.h
[2.367s] -- Up-to-date: /home/ekyriakos/my_ws/src/install/turtle_interfaces/include/turtle_interfaces/msg/rpm.h
[2.367s] -- Up-to-date: /home/ekyriakos/my_ws/src/install/turtle_interfaces/include/turtle_interfaces/msg/apps.h
[2.367s] -- Up-to-date: /home/ekyriakos/my_ws/src/install/turtle_interfaces/include/turtle_interfaces/msg/steering.h
[2.368s] -- Up-to-date: /home/ekyriakos/my_ws/src/install/turtle_interfaces/include/turtle_interfaces/msg/can_status.h
[2.368s] -- Up-to-date: /home/ekyriakos/my_ws/src/install/turtle_interfaces/include/turtle_interfaces/msg/cpu_status.h
[2.368s] -- Up-to-date: /home/ekyriakos/my_ws/src/install/turtle_interfaces/include/turtle_interfaces/msg/dio_status.h
[2.368s] -- Up-to-date: /home/ekyriakos/my_ws/src/install/turtle_interfaces/include/turtle_interfaces/msg/bounding_boxes.h
[2.368s] -- Up-to-date: /home/ekyriakos/my_ws/src/install/turtle_interfaces/include/turtle_interfaces/msg/actuator_cmd.h
[2.368s] -- Up-to-date: /home/ekyriakos/my_ws/src/install/turtle_interfaces/include/turtle_interfaces/msg/state_machine_state.h
[2.368s] -- Up-to-date: /home/ekyriakos/my_ws/src/install/turtle_interfaces/include/turtle_interfaces/msg/vn_utc_time.h
[2.368s] -- Up-to-date: /home/ekyriakos/my_ws/src/install/turtle_interfaces/include/turtle_interfaces/msg/inverter_info.h
[2.369s] -- Up-to-date: /home/ekyriakos/my_ws/src/install/turtle_interfaces/include/turtle_interfaces/msg/slam_statistics.h
[2.369s] -- Up-to-date: /home/ekyriakos/my_ws/src/install/turtle_interfaces/include/turtle_interfaces/msg/vn_imu.h
[2.369s] -- Up-to-date: /home/ekyriakos/my_ws/src/install/turtle_interfaces/include/turtle_interfaces/msg/mpc_info.h
[2.369s] -- Up-to-date: /home/ekyriakos/my_ws/src/install/turtle_interfaces/include/turtle_interfaces/msg/slam_info.h
[2.369s] -- Up-to-date: /home/ekyriakos/my_ws/src/install/turtle_interfaces/include/turtle_interfaces/msg/dash_bools.h
[2.369s] -- Up-to-date: /home/ekyriakos/my_ws/src/install/turtle_interfaces/include/turtle_interfaces/msg/detail
[2.371s] -- Up-to-date: /home/ekyriakos/my_ws/src/install/turtle_interfaces/include/turtle_interfaces/msg/detail/ebs_supervisor_info__struct.h
[2.371s] -- Up-to-date: /home/ekyriakos/my_ws/src/install/turtle_interfaces/include/turtle_interfaces/msg/detail/isabellen__struct.h
[2.371s] -- Up-to-date: /home/ekyriakos/my_ws/src/install/turtle_interfaces/include/turtle_interfaces/msg/detail/mission__type_support.h
[2.372s] -- Up-to-date: /home/ekyriakos/my_ws/src/install/turtle_interfaces/include/turtle_interfaces/msg/detail/ebs_tank_pressure__functions.c
[2.372s] -- Up-to-date: /home/ekyriakos/my_ws/src/install/turtle_interfaces/include/turtle_interfaces/msg/detail/brake__functions.h
[2.373s] -- Up-to-date: /home/ekyriakos/my_ws/src/install/turtle_interfaces/include/turtle_interfaces/msg/detail/brake_light__functions.c
[2.373s] -- Up-to-date: /home/ekyriakos/my_ws/src/install/turtle_interfaces/include/turtle_interfaces/msg/detail/ebs_service_brake__type_support.h
[2.373s] -- Up-to-date: /home/ekyriakos/my_ws/src/install/turtle_interfaces/include/turtle_interfaces/msg/detail/steering__functions.h
[2.374s] -- Up-to-date: /home/ekyriakos/my_ws/src/install/turtle_interfaces/include/turtle_interfaces/msg/detail/vn_imu__functions.h
[2.374s] -- Up-to-date: /home/ekyriakos/my_ws/src/install/turtle_interfaces/include/turtle_interfaces/msg/detail/vn_utc_time__struct.h
[2.374s] -- Up-to-date: /home/ekyriakos/my_ws/src/install/turtle_interfaces/include/turtle_interfaces/msg/detail/ebs_tank_pressure__functions.h
[2.374s] -- Up-to-date: /home/ekyriakos/my_ws/src/install/turtle_interfaces/include/turtle_interfaces/msg/detail/camera_cones_publish__functions.h
[2.374s] -- Up-to-date: /home/ekyriakos/my_ws/src/install/turtle_interfaces/include/turtle_interfaces/msg/detail/psu_monitor__struct.h
[2.375s] -- Up-to-date: /home/ekyriakos/my_ws/src/install/turtle_interfaces/include/turtle_interfaces/msg/detail/dash_buttons__functions.h
[2.375s] -- Up-to-date: /home/ekyriakos/my_ws/src/install/turtle_interfaces/include/turtle_interfaces/msg/detail/inverter_info__type_support.h
[2.375s] -- Up-to-date: /home/ekyriakos/my_ws/src/install/turtle_interfaces/include/turtle_interfaces/msg/detail/isabellen__functions.h
[2.375s] -- Up-to-date: /home/ekyriakos/my_ws/src/install/turtle_interfaces/include/turtle_interfaces/msg/detail/rpm__functions.h
[2.375s] -- Up-to-date: /home/ekyriakos/my_ws/src/install/turtle_interfaces/include/turtle_interfaces/msg/detail/dash_buttons__functions.c
[2.375s] -- Up-to-date: /home/ekyriakos/my_ws/src/install/turtle_interfaces/include/turtle_interfaces/msg/detail/dio_status__functions.c
[2.376s] -- Up-to-date: /home/ekyriakos/my_ws/src/install/turtle_interfaces/include/turtle_interfaces/msg/detail/bounding_boxes__functions.h
[2.376s] -- Up-to-date: /home/ekyriakos/my_ws/src/install/turtle_interfaces/include/turtle_interfaces/msg/detail/vn_quat__struct.h
[2.376s] -- Up-to-date: /home/ekyriakos/my_ws/src/install/turtle_interfaces/include/turtle_interfaces/msg/detail/mission__struct.h
[2.377s] -- Up-to-date: /home/ekyriakos/my_ws/src/install/turtle_interfaces/include/turtle_interfaces/msg/detail/vn_ins_status__functions.h
[2.377s] -- Up-to-date: /home/ekyriakos/my_ws/src/install/turtle_interfaces/include/turtle_interfaces/msg/detail/brake__struct.h
[2.377s] -- Up-to-date: /home/ekyriakos/my_ws/src/install/turtle_interfaces/include/turtle_interfaces/msg/detail/vn_ins_status__type_support.h
[2.378s] -- Up-to-date: /home/ekyriakos/my_ws/src/install/turtle_interfaces/include/turtle_interfaces/msg/detail/brake_light__type_support.h
[2.378s] -- Up-to-date: /home/ekyriakos/my_ws/src/install/turtle_interfaces/include/turtle_interfaces/msg/detail/mission__functions.h
[2.378s] -- Up-to-date: /home/ekyriakos/my_ws/src/install/turtle_interfaces/include/turtle_interfaces/msg/detail/ebs_service_brake__struct.h
[2.378s] -- Up-to-date: /home/ekyriakos/my_ws/src/install/turtle_interfaces/include/turtle_interfaces/msg/detail/vn_euler__struct.h
[2.379s] -- Up-to-date: /home/ekyriakos/my_ws/src/install/turtle_interfaces/include/turtle_interfaces/msg/detail/state_machine_state__functions.h
[2.379s] -- Up-to-date: /home/ekyriakos/my_ws/src/install/turtle_interfaces/include/turtle_interfaces/msg/detail/vn_gps_velocity__functions.h
[2.379s] -- Up-to-date: /home/ekyriakos/my_ws/src/install/turtle_interfaces/include/turtle_interfaces/msg/detail/vn_gps_position__type_support.h
[2.379s] -- Up-to-date: /home/ekyriakos/my_ws/src/install/turtle_interfaces/include/turtle_interfaces/msg/detail/inverter_info__functions.h
[2.379s] -- Up-to-date: /home/ekyriakos/my_ws/src/install/turtle_interfaces/include/turtle_interfaces/msg/detail/res_status__struct.h
[2.379s] -- Up-to-date: /home/ekyriakos/my_ws/src/install/turtle_interfaces/include/turtle_interfaces/msg/detail/apps__type_support.h
[2.379s] -- Up-to-date: /home/ekyriakos/my_ws/src/install/turtle_interfaces/include/turtle_interfaces/msg/detail/brake__type_support.h
[2.379s] -- Up-to-date: /home/ekyriakos/my_ws/src/install/turtle_interfaces/include/turtle_interfaces/msg/detail/slam_info__type_support.h
[2.380s] -- Up-to-date: /home/ekyriakos/my_ws/src/install/turtle_interfaces/include/turtle_interfaces/msg/detail/res_status__functions.h
[2.380s] -- Up-to-date: /home/ekyriakos/my_ws/src/install/turtle_interfaces/include/turtle_interfaces/msg/detail/ecu_params__functions.h
[2.380s] -- Up-to-date: /home/ekyriakos/my_ws/src/install/turtle_interfaces/include/turtle_interfaces/msg/detail/slam_statistics__type_support.h
[2.380s] -- Up-to-date: /home/ekyriakos/my_ws/src/install/turtle_interfaces/include/turtle_interfaces/msg/detail/cooling_info__functions.h
[2.381s] -- Up-to-date: /home/ekyriakos/my_ws/src/install/turtle_interfaces/include/turtle_interfaces/msg/detail/state_machine_state__functions.c
[2.381s] -- Up-to-date: /home/ekyriakos/my_ws/src/install/turtle_interfaces/include/turtle_interfaces/msg/detail/ebs_supervisor_info__functions.c
[2.381s] -- Up-to-date: /home/ekyriakos/my_ws/src/install/turtle_interfaces/include/turtle_interfaces/msg/detail/isabellen__type_support.h
[2.382s] -- Up-to-date: /home/ekyriakos/my_ws/src/install/turtle_interfaces/include/turtle_interfaces/msg/detail/actuator_cmd__struct.h
[2.382s] -- Up-to-date: /home/ekyriakos/my_ws/src/install/turtle_interfaces/include/turtle_interfaces/msg/detail/control_info__functions.h
[2.382s] -- Up-to-date: /home/ekyriakos/my_ws/src/install/turtle_interfaces/include/turtle_interfaces/msg/detail/ros_status__type_support.h
[2.383s] -- Up-to-date: /home/ekyriakos/my_ws/src/install/turtle_interfaces/include/turtle_interfaces/msg/detail/rpm__functions.c
[2.383s] -- Up-to-date: /home/ekyriakos/my_ws/src/install/turtle_interfaces/include/turtle_interfaces/msg/detail/rpm__type_support.h
[2.383s] -- Up-to-date: /home/ekyriakos/my_ws/src/install/turtle_interfaces/include/turtle_interfaces/msg/detail/vn_quat__type_support.h
[2.383s] -- Up-to-date: /home/ekyriakos/my_ws/src/install/turtle_interfaces/include/turtle_interfaces/msg/detail/inverter_commands__functions.c
[2.383s] -- Up-to-date: /home/ekyriakos/my_ws/src/install/turtle_interfaces/include/turtle_interfaces/msg/detail/cooling_info__struct.h
[2.383s] -- Up-to-date: /home/ekyriakos/my_ws/src/install/turtle_interfaces/include/turtle_interfaces/msg/detail/control_info__functions.c
[2.384s] -- Up-to-date: /home/ekyriakos/my_ws/src/install/turtle_interfaces/include/turtle_interfaces/msg/detail/can_status__struct.h
[2.384s] -- Up-to-date: /home/ekyriakos/my_ws/src/install/turtle_interfaces/include/turtle_interfaces/msg/detail/psu_monitor__type_support.h
[2.384s] -- Up-to-date: /home/ekyriakos/my_ws/src/install/turtle_interfaces/include/turtle_interfaces/msg/detail/ebs_supervisor_info__type_support.h
[2.384s] -- Up-to-date: /home/ekyriakos/my_ws/src/install/turtle_interfaces/include/turtle_interfaces/msg/detail/steering__struct.h
[2.384s] -- Up-to-date: /home/ekyriakos/my_ws/src/install/turtle_interfaces/include/turtle_interfaces/msg/detail/camera_cones_publish__functions.c
[2.384s] -- Up-to-date: /home/ekyriakos/my_ws/src/install/turtle_interfaces/include/turtle_interfaces/msg/detail/vn_quat__functions.c
[2.385s] -- Up-to-date: /home/ekyriakos/my_ws/src/install/turtle_interfaces/include/turtle_interfaces/msg/detail/ecu_control_systems__functions.c
[2.385s] -- Up-to-date: /home/ekyriakos/my_ws/src/install/turtle_interfaces/include/turtle_interfaces/msg/detail/camera_status__struct.h
[2.386s] -- Up-to-date: /home/ekyriakos/my_ws/src/install/turtle_interfaces/include/turtle_interfaces/msg/detail/ebs_tank_pressure__type_support.h
[2.386s] -- Up-to-date: /home/ekyriakos/my_ws/src/install/turtle_interfaces/include/turtle_interfaces/msg/detail/camera_status__functions.h
[2.388s] -- Up-to-date: /home/ekyriakos/my_ws/src/install/turtle_interfaces/include/turtle_interfaces/msg/detail/slam_info__functions.c
[2.389s] -- Up-to-date: /home/ekyriakos/my_ws/src/install/turtle_interfaces/include/turtle_interfaces/msg/detail/gpu_status__functions.c
[2.389s] -- Up-to-date: /home/ekyriakos/my_ws/src/install/turtle_interfaces/include/turtle_interfaces/msg/detail/ros_status__struct.h
[2.389s] -- Up-to-date: /home/ekyriakos/my_ws/src/install/turtle_interfaces/include/turtle_interfaces/msg/detail/steering__type_support.h
[2.389s] -- Up-to-date: /home/ekyriakos/my_ws/src/install/turtle_interfaces/include/turtle_interfaces/msg/detail/slam_statistics__functions.h
[2.390s] -- Up-to-date: /home/ekyriakos/my_ws/src/install/turtle_interfaces/include/turtle_interfaces/msg/detail/res_status__type_support.h
[2.390s] -- Up-to-date: /home/ekyriakos/my_ws/src/install/turtle_interfaces/include/turtle_interfaces/msg/detail/brake_light__struct.h
[2.390s] -- Up-to-date: /home/ekyriakos/my_ws/src/install/turtle_interfaces/include/turtle_interfaces/msg/detail/cooling_info__functions.c
[2.390s] -- Up-to-date: /home/ekyriakos/my_ws/src/install/turtle_interfaces/include/turtle_interfaces/msg/detail/cpu_status__functions.h
[2.390s] -- Up-to-date: /home/ekyriakos/my_ws/src/install/turtle_interfaces/include/turtle_interfaces/msg/detail/dio_status__functions.h
[2.391s] -- Up-to-date: /home/ekyriakos/my_ws/src/install/turtle_interfaces/include/turtle_interfaces/msg/detail/ecu_params__functions.c
[2.391s] -- Up-to-date: /home/ekyriakos/my_ws/src/install/turtle_interfaces/include/turtle_interfaces/msg/detail/ebs_service_brake__functions.c
[2.391s] -- Up-to-date: /home/ekyriakos/my_ws/src/install/turtle_interfaces/include/turtle_interfaces/msg/detail/dash_buttons__type_support.h
[2.391s] -- Up-to-date: /home/ekyriakos/my_ws/src/install/turtle_interfaces/include/turtle_interfaces/msg/detail/camera_cones_publish__type_support.h
[2.392s] -- Up-to-date: /home/ekyriakos/my_ws/src/install/turtle_interfaces/include/turtle_interfaces/msg/detail/bounding_boxes__type_support.h
[2.392s] -- Up-to-date: /home/ekyriakos/my_ws/src/install/turtle_interfaces/include/turtle_interfaces/msg/detail/cpu_status__type_support.h
[2.392s] -- Up-to-date: /home/ekyriakos/my_ws/src/install/turtle_interfaces/include/turtle_interfaces/msg/detail/can_status__functions.c
[2.393s] -- Up-to-date: /home/ekyriakos/my_ws/src/install/turtle_interfaces/include/turtle_interfaces/msg/detail/bounding_boxes__functions.c
[2.393s] -- Up-to-date: /home/ekyriakos/my_ws/src/install/turtle_interfaces/include/turtle_interfaces/msg/detail/slam_info__functions.h
[2.394s] -- Up-to-date: /home/ekyriakos/my_ws/src/install/turtle_interfaces/include/turtle_interfaces/msg/detail/dash_bools__functions.h
[2.394s] -- Up-to-date: /home/ekyriakos/my_ws/src/install/turtle_interfaces/include/turtle_interfaces/msg/detail/cooling_info__type_support.h
[2.394s] -- Up-to-date: /home/ekyriakos/my_ws/src/install/turtle_interfaces/include/turtle_interfaces/msg/detail/vn_gps_position__struct.h
[2.394s] -- Up-to-date: /home/ekyriakos/my_ws/src/install/turtle_interfaces/include/turtle_interfaces/msg/detail/ros_status__functions.c
[2.395s] -- Up-to-date: /home/ekyriakos/my_ws/src/install/turtle_interfaces/include/turtle_interfaces/msg/detail/res_status__functions.c
[2.395s] -- Up-to-date: /home/ekyriakos/my_ws/src/install/turtle_interfaces/include/turtle_interfaces/msg/detail/slam_statistics__struct.h
[2.395s] -- Up-to-date: /home/ekyriakos/my_ws/src/install/turtle_interfaces/include/turtle_interfaces/msg/detail/vn_gps_velocity__functions.c
[2.396s] -- Up-to-date: /home/ekyriakos/my_ws/src/install/turtle_interfaces/include/turtle_interfaces/msg/detail/vn_euler__functions.h
[2.396s] -- Up-to-date: /home/ekyriakos/my_ws/src/install/turtle_interfaces/include/turtle_interfaces/msg/detail/state_machine_state__type_support.h
[2.396s] -- Up-to-date: /home/ekyriakos/my_ws/src/install/turtle_interfaces/include/turtle_interfaces/msg/detail/mpc_info__type_support.h
[2.397s] -- Up-to-date: /home/ekyriakos/my_ws/src/install/turtle_interfaces/include/turtle_interfaces/msg/detail/gpu_status__type_support.h
[2.397s] -- Up-to-date: /home/ekyriakos/my_ws/src/install/turtle_interfaces/include/turtle_interfaces/msg/detail/camera_cones_publish__struct.h
[2.397s] -- Up-to-date: /home/ekyriakos/my_ws/src/install/turtle_interfaces/include/turtle_interfaces/msg/detail/mpc_info__struct.h
[2.398s] -- Up-to-date: /home/ekyriakos/my_ws/src/install/turtle_interfaces/include/turtle_interfaces/msg/detail/inverter_info__struct.h
[2.398s] -- Up-to-date: /home/ekyriakos/my_ws/src/install/turtle_interfaces/include/turtle_interfaces/msg/detail/vn_utc_time__type_support.h
[2.399s] -- Up-to-date: /home/ekyriakos/my_ws/src/install/turtle_interfaces/include/turtle_interfaces/msg/detail/ecu_params__type_support.h
[2.399s] -- Up-to-date: /home/ekyriakos/my_ws/src/install/turtle_interfaces/include/turtle_interfaces/msg/detail/ros_status__functions.h
[2.399s] -- Up-to-date: /home/ekyriakos/my_ws/src/install/turtle_interfaces/include/turtle_interfaces/msg/detail/dash_bools__type_support.h
[2.400s] -- Up-to-date: /home/ekyriakos/my_ws/src/install/turtle_interfaces/include/turtle_interfaces/msg/detail/ouster_imu__functions.h
[2.400s] -- Up-to-date: /home/ekyriakos/my_ws/src/install/turtle_interfaces/include/turtle_interfaces/msg/detail/tsal_safe_state__type_support.h
[2.401s] -- Up-to-date: /home/ekyriakos/my_ws/src/install/turtle_interfaces/include/turtle_interfaces/msg/detail/ecu_params__struct.h
[2.401s] -- Up-to-date: /home/ekyriakos/my_ws/src/install/turtle_interfaces/include/turtle_interfaces/msg/detail/gpu_status__struct.h
[2.401s] -- Up-to-date: /home/ekyriakos/my_ws/src/install/turtle_interfaces/include/turtle_interfaces/msg/detail/cpu_status__functions.c
[2.402s] -- Up-to-date: /home/ekyriakos/my_ws/src/install/turtle_interfaces/include/turtle_interfaces/msg/detail/vn_gps_velocity__type_support.h
[2.402s] -- Up-to-date: /home/ekyriakos/my_ws/src/install/turtle_interfaces/include/turtle_interfaces/msg/detail/psu_monitor__functions.c
[2.402s] -- Up-to-date: /home/ekyriakos/my_ws/src/install/turtle_interfaces/include/turtle_interfaces/msg/detail/control_info__type_support.h
[2.403s] -- Up-to-date: /home/ekyriakos/my_ws/src/install/turtle_interfaces/include/turtle_interfaces/msg/detail/vn_ins_status__functions.c
[2.403s] -- Up-to-date: /home/ekyriakos/my_ws/src/install/turtle_interfaces/include/turtle_interfaces/msg/detail/slam_info__struct.h
[2.403s] -- Up-to-date: /home/ekyriakos/my_ws/src/install/turtle_interfaces/include/turtle_interfaces/msg/detail/dio_status__struct.h
[2.404s] -- Up-to-date: /home/ekyriakos/my_ws/src/install/turtle_interfaces/include/turtle_interfaces/msg/detail/tsal_safe_state__functions.c
[2.404s] -- Up-to-date: /home/ekyriakos/my_ws/src/install/turtle_interfaces/include/turtle_interfaces/msg/detail/inverter_commands__type_support.h
[2.404s] -- Up-to-date: /home/ekyriakos/my_ws/src/install/turtle_interfaces/include/turtle_interfaces/msg/detail/actuator_cmd__type_support.h
[2.404s] -- Up-to-date: /home/ekyriakos/my_ws/src/install/turtle_interfaces/include/turtle_interfaces/msg/detail/apps__functions.c
[2.405s] -- Up-to-date: /home/ekyriakos/my_ws/src/install/turtle_interfaces/include/turtle_interfaces/msg/detail/vn_gps_velocity__struct.h
[2.405s] -- Up-to-date: /home/ekyriakos/my_ws/src/install/turtle_interfaces/include/turtle_interfaces/msg/detail/inverter_commands__struct.h
[2.405s] -- Up-to-date: /home/ekyriakos/my_ws/src/install/turtle_interfaces/include/turtle_interfaces/msg/detail/ecu_control_systems__functions.h
[2.405s] -- Up-to-date: /home/ekyriakos/my_ws/src/install/turtle_interfaces/include/turtle_interfaces/msg/detail/brake_light__functions.h
[2.405s] -- Up-to-date: /home/ekyriakos/my_ws/src/install/turtle_interfaces/include/turtle_interfaces/msg/detail/ebs_service_brake__functions.h
[2.406s] -- Up-to-date: /home/ekyriakos/my_ws/src/install/turtle_interfaces/include/turtle_interfaces/msg/detail/actuator_cmd__functions.h
[2.406s] -- Up-to-date: /home/ekyriakos/my_ws/src/install/turtle_interfaces/include/turtle_interfaces/msg/detail/slam_statistics__functions.c
[2.406s] -- Up-to-date: /home/ekyriakos/my_ws/src/install/turtle_interfaces/include/turtle_interfaces/msg/detail/ebs_tank_pressure__struct.h
[2.406s] -- Up-to-date: /home/ekyriakos/my_ws/src/install/turtle_interfaces/include/turtle_interfaces/msg/detail/dash_bools__struct.h
[2.407s] -- Up-to-date: /home/ekyriakos/my_ws/src/install/turtle_interfaces/include/turtle_interfaces/msg/detail/inverter_commands__functions.h
[2.407s] -- Up-to-date: /home/ekyriakos/my_ws/src/install/turtle_interfaces/include/turtle_interfaces/msg/detail/camera_status__type_support.h
[2.407s] -- Up-to-date: /home/ekyriakos/my_ws/src/install/turtle_interfaces/include/turtle_interfaces/msg/detail/control_info__struct.h
[2.408s] -- Up-to-date: /home/ekyriakos/my_ws/src/install/turtle_interfaces/include/turtle_interfaces/msg/detail/vn_imu__functions.c
[2.408s] -- Up-to-date: /home/ekyriakos/my_ws/src/install/turtle_interfaces/include/turtle_interfaces/msg/detail/actuator_cmd__functions.c
[2.408s] -- Up-to-date: /home/ekyriakos/my_ws/src/install/turtle_interfaces/include/turtle_interfaces/msg/detail/vn_utc_time__functions.c
[2.408s] -- Up-to-date: /home/ekyriakos/my_ws/src/install/turtle_interfaces/include/turtle_interfaces/msg/detail/mission_status__functions.h
[2.408s] -- Up-to-date: /home/ekyriakos/my_ws/src/install/turtle_interfaces/include/turtle_interfaces/msg/detail/state_machine_state__struct.h
[2.408s] -- Up-to-date: /home/ekyriakos/my_ws/src/install/turtle_interfaces/include/turtle_interfaces/msg/detail/dash_buttons__struct.h
[2.408s] -- Up-to-date: /home/ekyriakos/my_ws/src/install/turtle_interfaces/include/turtle_interfaces/msg/detail/dash_bools__functions.c
[2.409s] -- Up-to-date: /home/ekyriakos/my_ws/src/install/turtle_interfaces/include/turtle_interfaces/msg/detail/ecu_control_systems__struct.h
[2.409s] -- Up-to-date: /home/ekyriakos/my_ws/src/install/turtle_interfaces/include/turtle_interfaces/msg/detail/ebs_supervisor_info__functions.h
[2.409s] -- Up-to-date: /home/ekyriakos/my_ws/src/install/turtle_interfaces/include/turtle_interfaces/msg/detail/mpc_info__functions.h
[2.409s] -- Up-to-date: /home/ekyriakos/my_ws/src/install/turtle_interfaces/include/turtle_interfaces/msg/detail/mpc_info__functions.c
[2.409s] -- Up-to-date: /home/ekyriakos/my_ws/src/install/turtle_interfaces/include/turtle_interfaces/msg/detail/brake__functions.c
[2.409s] -- Up-to-date: /home/ekyriakos/my_ws/src/install/turtle_interfaces/include/turtle_interfaces/msg/detail/tsal_safe_state__functions.h
[2.409s] -- Up-to-date: /home/ekyriakos/my_ws/src/install/turtle_interfaces/include/turtle_interfaces/msg/detail/cpu_status__struct.h
[2.409s] -- Up-to-date: /home/ekyriakos/my_ws/src/install/turtle_interfaces/include/turtle_interfaces/msg/detail/vn_gps_position__functions.h
[2.410s] -- Up-to-date: /home/ekyriakos/my_ws/src/install/turtle_interfaces/include/turtle_interfaces/msg/detail/rpm__struct.h
[2.410s] -- Up-to-date: /home/ekyriakos/my_ws/src/install/turtle_interfaces/include/turtle_interfaces/msg/detail/bounding_boxes__struct.h
[2.410s] -- Up-to-date: /home/ekyriakos/my_ws/src/install/turtle_interfaces/include/turtle_interfaces/msg/detail/isabellen__functions.c
[2.410s] -- Up-to-date: /home/ekyriakos/my_ws/src/install/turtle_interfaces/include/turtle_interfaces/msg/detail/vn_imu__type_support.h
[2.410s] -- Up-to-date: /home/ekyriakos/my_ws/src/install/turtle_interfaces/include/turtle_interfaces/msg/detail/ouster_imu__functions.c
[2.410s] -- Up-to-date: /home/ekyriakos/my_ws/src/install/turtle_interfaces/include/turtle_interfaces/msg/detail/vn_imu__struct.h
[2.411s] -- Up-to-date: /home/ekyriakos/my_ws/src/install/turtle_interfaces/include/turtle_interfaces/msg/detail/gpu_status__functions.h
[2.411s] -- Up-to-date: /home/ekyriakos/my_ws/src/install/turtle_interfaces/include/turtle_interfaces/msg/detail/dio_status__type_support.h
[2.411s] -- Up-to-date: /home/ekyriakos/my_ws/src/install/turtle_interfaces/include/turtle_interfaces/msg/detail/camera_status__functions.c
[2.411s] -- Up-to-date: /home/ekyriakos/my_ws/src/install/turtle_interfaces/include/turtle_interfaces/msg/detail/psu_monitor__functions.h
[2.411s] -- Up-to-date: /home/ekyriakos/my_ws/src/install/turtle_interfaces/include/turtle_interfaces/msg/detail/ouster_imu__struct.h
[2.411s] -- Up-to-date: /home/ekyriakos/my_ws/src/install/turtle_interfaces/include/turtle_interfaces/msg/detail/steering__functions.c
[2.411s] -- Up-to-date: /home/ekyriakos/my_ws/src/install/turtle_interfaces/include/turtle_interfaces/msg/detail/ecu_control_systems__type_support.h
[2.411s] -- Up-to-date: /home/ekyriakos/my_ws/src/install/turtle_interfaces/include/turtle_interfaces/msg/detail/vn_quat__functions.h
[2.412s] -- Up-to-date: /home/ekyriakos/my_ws/src/install/turtle_interfaces/include/turtle_interfaces/msg/detail/can_status__type_support.h
[2.412s] -- Up-to-date: /home/ekyriakos/my_ws/src/install/turtle_interfaces/include/turtle_interfaces/msg/detail/ouster_imu__type_support.h
[2.412s] -- Up-to-date: /home/ekyriakos/my_ws/src/install/turtle_interfaces/include/turtle_interfaces/msg/detail/apps__struct.h
[2.412s] -- Up-to-date: /home/ekyriakos/my_ws/src/install/turtle_interfaces/include/turtle_interfaces/msg/detail/vn_euler__functions.c
[2.412s] -- Up-to-date: /home/ekyriakos/my_ws/src/install/turtle_interfaces/include/turtle_interfaces/msg/detail/vn_gps_position__functions.c
[2.412s] -- Up-to-date: /home/ekyriakos/my_ws/src/install/turtle_interfaces/include/turtle_interfaces/msg/detail/vn_utc_time__functions.h
[2.412s] -- Up-to-date: /home/ekyriakos/my_ws/src/install/turtle_interfaces/include/turtle_interfaces/msg/detail/mission_status__type_support.h
[2.412s] -- Up-to-date: /home/ekyriakos/my_ws/src/install/turtle_interfaces/include/turtle_interfaces/msg/detail/mission_status__struct.h
[2.413s] -- Up-to-date: /home/ekyriakos/my_ws/src/install/turtle_interfaces/include/turtle_interfaces/msg/detail/vn_ins_status__struct.h
[2.413s] -- Up-to-date: /home/ekyriakos/my_ws/src/install/turtle_interfaces/include/turtle_interfaces/msg/detail/vn_euler__type_support.h
[2.413s] -- Up-to-date: /home/ekyriakos/my_ws/src/install/turtle_interfaces/include/turtle_interfaces/msg/detail/mission_status__functions.c
[2.413s] -- Up-to-date: /home/ekyriakos/my_ws/src/install/turtle_interfaces/include/turtle_interfaces/msg/detail/inverter_info__functions.c
[2.413s] -- Up-to-date: /home/ekyriakos/my_ws/src/install/turtle_interfaces/include/turtle_interfaces/msg/detail/can_status__functions.h
[2.413s] -- Up-to-date: /home/ekyriakos/my_ws/src/install/turtle_interfaces/include/turtle_interfaces/msg/detail/apps__functions.h
[2.413s] -- Up-to-date: /home/ekyriakos/my_ws/src/install/turtle_interfaces/include/turtle_interfaces/msg/detail/mission__functions.c
[2.414s] -- Up-to-date: /home/ekyriakos/my_ws/src/install/turtle_interfaces/include/turtle_interfaces/msg/detail/tsal_safe_state__struct.h
[2.414s] -- Up-to-date: /home/ekyriakos/my_ws/src/install/turtle_interfaces/include/turtle_interfaces/msg/cooling_info.h
[2.414s] -- Up-to-date: /home/ekyriakos/my_ws/src/install/turtle_interfaces/include/turtle_interfaces/msg/inverter_commands.h
[2.414s] -- Up-to-date: /home/ekyriakos/my_ws/src/install/turtle_interfaces/include/turtle_interfaces/msg/ebs_service_brake.h
[2.414s] -- Up-to-date: /home/ekyriakos/my_ws/src/install/turtle_interfaces/include/turtle_interfaces/msg/ros_status.h
[2.414s] -- Up-to-date: /home/ekyriakos/my_ws/src/install/turtle_interfaces/include/turtle_interfaces/msg/vn_ins_status.h
[2.415s] -- Up-to-date: /home/ekyriakos/my_ws/src/install/turtle_interfaces/include/turtle_interfaces/msg/gpu_status.h
[2.415s] -- Up-to-date: /home/ekyriakos/my_ws/src/install/turtle_interfaces/include/turtle_interfaces/msg/tsal_safe_state.h
[2.415s] -- Up-to-date: /home/ekyriakos/my_ws/src/install/turtle_interfaces/include/turtle_interfaces/msg/camera_status.h
[2.415s] -- Up-to-date: /home/ekyriakos/my_ws/src/install/turtle_interfaces/include/turtle_interfaces/msg/ecu_params.h
[2.415s] -- Up-to-date: /home/ekyriakos/my_ws/src/install/turtle_interfaces/include/turtle_interfaces/msg/dash_buttons.h
[2.415s] -- Up-to-date: /home/ekyriakos/my_ws/src/install/turtle_interfaces/include/turtle_interfaces/msg/brake.h
[2.415s] -- Up-to-date: /home/ekyriakos/my_ws/src/install/turtle_interfaces/include/turtle_interfaces/msg/brake_light.h
[2.415s] -- Up-to-date: /home/ekyriakos/my_ws/src/install/turtle_interfaces/include/turtle_interfaces/msg/mission.h
[2.416s] -- Up-to-date: /home/ekyriakos/my_ws/src/install/turtle_interfaces/include/turtle_interfaces/msg/isabellen.h
[2.416s] -- Up-to-date: /home/ekyriakos/my_ws/src/install/turtle_interfaces/include/turtle_interfaces/msg/vn_gps_position.h
[2.416s] -- Up-to-date: /home/ekyriakos/my_ws/src/install/turtle_interfaces/include/turtle_interfaces/msg/ebs_supervisor_info.h
[2.416s] -- Up-to-date: /home/ekyriakos/my_ws/src/install/turtle_interfaces/include/turtle_interfaces/msg/vn_quat.h
[2.417s] -- Up-to-date: /home/ekyriakos/my_ws/src/install/turtle_interfaces/include/turtle_interfaces/msg/ebs_tank_pressure.h
[2.417s] -- Up-to-date: /home/ekyriakos/my_ws/src/install/turtle_interfaces/share/turtle_interfaces/environment/library_path.sh
[2.417s] -- Up-to-date: /home/ekyriakos/my_ws/src/install/turtle_interfaces/share/turtle_interfaces/environment/library_path.dsv
[2.417s] -- Up-to-date: /home/ekyriakos/my_ws/src/install/turtle_interfaces/lib/libturtle_interfaces__rosidl_generator_c.so
[2.417s] -- Up-to-date: /home/ekyriakos/my_ws/src/install/turtle_interfaces/include/turtle_interfaces
[2.418s] -- Up-to-date: /home/ekyriakos/my_ws/src/install/turtle_interfaces/include/turtle_interfaces/msg
[2.418s] -- Up-to-date: /home/ekyriakos/my_ws/src/install/turtle_interfaces/include/turtle_interfaces/msg/rosidl_typesupport_fastrtps_c__visibility_control.h
[2.418s] -- Up-to-date: /home/ekyriakos/my_ws/src/install/turtle_interfaces/include/turtle_interfaces/msg/detail
[2.418s] -- Up-to-date: /home/ekyriakos/my_ws/src/install/turtle_interfaces/include/turtle_interfaces/msg/detail/control_info__rosidl_typesupport_fastrtps_c.h
[2.418s] -- Up-to-date: /home/ekyriakos/my_ws/src/install/turtle_interfaces/include/turtle_interfaces/msg/detail/ecu_control_systems__rosidl_typesupport_fastrtps_c.h
[2.418s] -- Up-to-date: /home/ekyriakos/my_ws/src/install/turtle_interfaces/include/turtle_interfaces/msg/detail/vn_ins_status__rosidl_typesupport_fastrtps_c.h
[2.419s] -- Up-to-date: /home/ekyriakos/my_ws/src/install/turtle_interfaces/include/turtle_interfaces/msg/detail/vn_quat__rosidl_typesupport_fastrtps_c.h
[2.419s] -- Up-to-date: /home/ekyriakos/my_ws/src/install/turtle_interfaces/include/turtle_interfaces/msg/detail/actuator_cmd__rosidl_typesupport_fastrtps_c.h
[2.419s] -- Up-to-date: /home/ekyriakos/my_ws/src/install/turtle_interfaces/include/turtle_interfaces/msg/detail/cpu_status__rosidl_typesupport_fastrtps_c.h
[2.419s] -- Up-to-date: /home/ekyriakos/my_ws/src/install/turtle_interfaces/include/turtle_interfaces/msg/detail/vn_gps_position__rosidl_typesupport_fastrtps_c.h
[2.420s] -- Up-to-date: /home/ekyriakos/my_ws/src/install/turtle_interfaces/include/turtle_interfaces/msg/detail/vn_gps_velocity__rosidl_typesupport_fastrtps_c.h
[2.420s] -- Up-to-date: /home/ekyriakos/my_ws/src/install/turtle_interfaces/include/turtle_interfaces/msg/detail/can_status__rosidl_typesupport_fastrtps_c.h
[2.420s] -- Up-to-date: /home/ekyriakos/my_ws/src/install/turtle_interfaces/include/turtle_interfaces/msg/detail/gpu_status__rosidl_typesupport_fastrtps_c.h
[2.420s] -- Up-to-date: /home/ekyriakos/my_ws/src/install/turtle_interfaces/include/turtle_interfaces/msg/detail/brake_light__rosidl_typesupport_fastrtps_c.h
[2.421s] -- Up-to-date: /home/ekyriakos/my_ws/src/install/turtle_interfaces/include/turtle_interfaces/msg/detail/ouster_imu__rosidl_typesupport_fastrtps_c.h
[2.421s] -- Up-to-date: /home/ekyriakos/my_ws/src/install/turtle_interfaces/include/turtle_interfaces/msg/detail/mission_status__rosidl_typesupport_fastrtps_c.h
[2.421s] -- Up-to-date: /home/ekyriakos/my_ws/src/install/turtle_interfaces/include/turtle_interfaces/msg/detail/tsal_safe_state__rosidl_typesupport_fastrtps_c.h
[2.422s] -- Up-to-date: /home/ekyriakos/my_ws/src/install/turtle_interfaces/include/turtle_interfaces/msg/detail/psu_monitor__rosidl_typesupport_fastrtps_c.h
[2.422s] -- Up-to-date: /home/ekyriakos/my_ws/src/install/turtle_interfaces/include/turtle_interfaces/msg/detail/vn_imu__rosidl_typesupport_fastrtps_c.h
[2.422s] -- Up-to-date: /home/ekyriakos/my_ws/src/install/turtle_interfaces/include/turtle_interfaces/msg/detail/vn_euler__rosidl_typesupport_fastrtps_c.h
[2.422s] -- Up-to-date: /home/ekyriakos/my_ws/src/install/turtle_interfaces/include/turtle_interfaces/msg/detail/ecu_params__rosidl_typesupport_fastrtps_c.h
[2.422s] -- Up-to-date: /home/ekyriakos/my_ws/src/install/turtle_interfaces/include/turtle_interfaces/msg/detail/ros_status__rosidl_typesupport_fastrtps_c.h
[2.423s] -- Up-to-date: /home/ekyriakos/my_ws/src/install/turtle_interfaces/include/turtle_interfaces/msg/detail/inverter_info__rosidl_typesupport_fastrtps_c.h
[2.423s] -- Up-to-date: /home/ekyriakos/my_ws/src/install/turtle_interfaces/include/turtle_interfaces/msg/detail/camera_cones_publish__rosidl_typesupport_fastrtps_c.h
[2.424s] -- Up-to-date: /home/ekyriakos/my_ws/src/install/turtle_interfaces/include/turtle_interfaces/msg/detail/inverter_commands__rosidl_typesupport_fastrtps_c.h
[2.424s] -- Up-to-date: /home/ekyriakos/my_ws/src/install/turtle_interfaces/include/turtle_interfaces/msg/detail/steering__rosidl_typesupport_fastrtps_c.h
[2.424s] -- Up-to-date: /home/ekyriakos/my_ws/src/install/turtle_interfaces/include/turtle_interfaces/msg/detail/brake__rosidl_typesupport_fastrtps_c.h
[2.424s] -- Up-to-date: /home/ekyriakos/my_ws/src/install/turtle_interfaces/include/turtle_interfaces/msg/detail/camera_status__rosidl_typesupport_fastrtps_c.h
[2.425s] -- Up-to-date: /home/ekyriakos/my_ws/src/install/turtle_interfaces/include/turtle_interfaces/msg/detail/vn_utc_time__rosidl_typesupport_fastrtps_c.h
[2.425s] -- Up-to-date: /home/ekyriakos/my_ws/src/install/turtle_interfaces/include/turtle_interfaces/msg/detail/rpm__rosidl_typesupport_fastrtps_c.h
[2.425s] -- Up-to-date: /home/ekyriakos/my_ws/src/install/turtle_interfaces/include/turtle_interfaces/msg/detail/state_machine_state__rosidl_typesupport_fastrtps_c.h
[2.425s] -- Up-to-date: /home/ekyriakos/my_ws/src/install/turtle_interfaces/include/turtle_interfaces/msg/detail/mpc_info__rosidl_typesupport_fastrtps_c.h
[2.426s] -- Up-to-date: /home/ekyriakos/my_ws/src/install/turtle_interfaces/include/turtle_interfaces/msg/detail/ebs_supervisor_info__rosidl_typesupport_fastrtps_c.h
[2.426s] -- Up-to-date: /home/ekyriakos/my_ws/src/install/turtle_interfaces/include/turtle_interfaces/msg/detail/dash_buttons__rosidl_typesupport_fastrtps_c.h
[2.427s] -- Up-to-date: /home/ekyriakos/my_ws/src/install/turtle_interfaces/include/turtle_interfaces/msg/detail/bounding_boxes__rosidl_typesupport_fastrtps_c.h
[2.427s] -- Up-to-date: /home/ekyriakos/my_ws/src/install/turtle_interfaces/include/turtle_interfaces/msg/detail/dio_status__rosidl_typesupport_fastrtps_c.h
[2.427s] -- Up-to-date: /home/ekyriakos/my_ws/src/install/turtle_interfaces/include/turtle_interfaces/msg/detail/slam_statistics__rosidl_typesupport_fastrtps_c.h
[2.427s] -- Up-to-date: /home/ekyriakos/my_ws/src/install/turtle_interfaces/include/turtle_interfaces/msg/detail/ebs_service_brake__rosidl_typesupport_fastrtps_c.h
[2.427s] -- Up-to-date: /home/ekyriakos/my_ws/src/install/turtle_interfaces/include/turtle_interfaces/msg/detail/isabellen__rosidl_typesupport_fastrtps_c.h
[2.428s] -- Up-to-date: /home/ekyriakos/my_ws/src/install/turtle_interfaces/include/turtle_interfaces/msg/detail/ebs_tank_pressure__rosidl_typesupport_fastrtps_c.h
[2.428s] -- Up-to-date: /home/ekyriakos/my_ws/src/install/turtle_interfaces/include/turtle_interfaces/msg/detail/cooling_info__rosidl_typesupport_fastrtps_c.h
[2.428s] -- Up-to-date: /home/ekyriakos/my_ws/src/install/turtle_interfaces/include/turtle_interfaces/msg/detail/dash_bools__rosidl_typesupport_fastrtps_c.h
[2.428s] -- Up-to-date: /home/ekyriakos/my_ws/src/install/turtle_interfaces/include/turtle_interfaces/msg/detail/mission__rosidl_typesupport_fastrtps_c.h
[2.428s] -- Up-to-date: /home/ekyriakos/my_ws/src/install/turtle_interfaces/include/turtle_interfaces/msg/detail/apps__rosidl_typesupport_fastrtps_c.h
[2.428s] -- Up-to-date: /home/ekyriakos/my_ws/src/install/turtle_interfaces/include/turtle_interfaces/msg/detail/res_status__rosidl_typesupport_fastrtps_c.h
[2.428s] -- Up-to-date: /home/ekyriakos/my_ws/src/install/turtle_interfaces/include/turtle_interfaces/msg/detail/slam_info__rosidl_typesupport_fastrtps_c.h
[2.429s] -- Up-to-date: /home/ekyriakos/my_ws/src/install/turtle_interfaces/lib/libturtle_interfaces__rosidl_typesupport_fastrtps_c.so
[2.429s] -- Up-to-date: /home/ekyriakos/my_ws/src/install/turtle_interfaces/include/turtle_interfaces
[2.429s] -- Up-to-date: /home/ekyriakos/my_ws/src/install/turtle_interfaces/include/turtle_interfaces/msg
[2.429s] -- Up-to-date: /home/ekyriakos/my_ws/src/install/turtle_interfaces/include/turtle_interfaces/msg/rosidl_typesupport_fastrtps_cpp__visibility_control.h
[2.429s] -- Up-to-date: /home/ekyriakos/my_ws/src/install/turtle_interfaces/include/turtle_interfaces/msg/detail
[2.429s] -- Up-to-date: /home/ekyriakos/my_ws/src/install/turtle_interfaces/include/turtle_interfaces/msg/detail/res_status__rosidl_typesupport_fastrtps_cpp.hpp
[2.429s] -- Up-to-date: /home/ekyriakos/my_ws/src/install/turtle_interfaces/include/turtle_interfaces/msg/detail/inverter_info__rosidl_typesupport_fastrtps_cpp.hpp
[2.429s] -- Up-to-date: /home/ekyriakos/my_ws/src/install/turtle_interfaces/include/turtle_interfaces/msg/detail/vn_utc_time__rosidl_typesupport_fastrtps_cpp.hpp
[2.430s] -- Up-to-date: /home/ekyriakos/my_ws/src/install/turtle_interfaces/include/turtle_interfaces/msg/detail/vn_gps_velocity__rosidl_typesupport_fastrtps_cpp.hpp
[2.430s] -- Up-to-date: /home/ekyriakos/my_ws/src/install/turtle_interfaces/include/turtle_interfaces/msg/detail/vn_quat__rosidl_typesupport_fastrtps_cpp.hpp
[2.430s] -- Up-to-date: /home/ekyriakos/my_ws/src/install/turtle_interfaces/include/turtle_interfaces/msg/detail/isabellen__rosidl_typesupport_fastrtps_cpp.hpp
[2.430s] -- Up-to-date: /home/ekyriakos/my_ws/src/install/turtle_interfaces/include/turtle_interfaces/msg/detail/mission_status__rosidl_typesupport_fastrtps_cpp.hpp
[2.430s] -- Up-to-date: /home/ekyriakos/my_ws/src/install/turtle_interfaces/include/turtle_interfaces/msg/detail/psu_monitor__rosidl_typesupport_fastrtps_cpp.hpp
[2.430s] -- Up-to-date: /home/ekyriakos/my_ws/src/install/turtle_interfaces/include/turtle_interfaces/msg/detail/dio_status__rosidl_typesupport_fastrtps_cpp.hpp
[2.430s] -- Up-to-date: /home/ekyriakos/my_ws/src/install/turtle_interfaces/include/turtle_interfaces/msg/detail/ebs_supervisor_info__rosidl_typesupport_fastrtps_cpp.hpp
[2.430s] -- Up-to-date: /home/ekyriakos/my_ws/src/install/turtle_interfaces/include/turtle_interfaces/msg/detail/mpc_info__rosidl_typesupport_fastrtps_cpp.hpp
[2.431s] -- Up-to-date: /home/ekyriakos/my_ws/src/install/turtle_interfaces/include/turtle_interfaces/msg/detail/apps__rosidl_typesupport_fastrtps_cpp.hpp
[2.431s] -- Up-to-date: /home/ekyriakos/my_ws/src/install/turtle_interfaces/include/turtle_interfaces/msg/detail/rpm__rosidl_typesupport_fastrtps_cpp.hpp
[2.431s] -- Up-to-date: /home/ekyriakos/my_ws/src/install/turtle_interfaces/include/turtle_interfaces/msg/detail/ouster_imu__rosidl_typesupport_fastrtps_cpp.hpp
[2.431s] -- Up-to-date: /home/ekyriakos/my_ws/src/install/turtle_interfaces/include/turtle_interfaces/msg/detail/state_machine_state__rosidl_typesupport_fastrtps_cpp.hpp
[2.431s] -- Up-to-date: /home/ekyriakos/my_ws/src/install/turtle_interfaces/include/turtle_interfaces/msg/detail/vn_gps_position__rosidl_typesupport_fastrtps_cpp.hpp
[2.431s] -- Up-to-date: /home/ekyriakos/my_ws/src/install/turtle_interfaces/include/turtle_interfaces/msg/detail/actuator_cmd__rosidl_typesupport_fastrtps_cpp.hpp
[2.431s] -- Up-to-date: /home/ekyriakos/my_ws/src/install/turtle_interfaces/include/turtle_interfaces/msg/detail/bounding_boxes__rosidl_typesupport_fastrtps_cpp.hpp
[2.431s] -- Up-to-date: /home/ekyriakos/my_ws/src/install/turtle_interfaces/include/turtle_interfaces/msg/detail/slam_info__rosidl_typesupport_fastrtps_cpp.hpp
[2.432s] -- Up-to-date: /home/ekyriakos/my_ws/src/install/turtle_interfaces/include/turtle_interfaces/msg/detail/vn_imu__rosidl_typesupport_fastrtps_cpp.hpp
[2.432s] -- Up-to-date: /home/ekyriakos/my_ws/src/install/turtle_interfaces/include/turtle_interfaces/msg/detail/mission__rosidl_typesupport_fastrtps_cpp.hpp
[2.432s] -- Up-to-date: /home/ekyriakos/my_ws/src/install/turtle_interfaces/include/turtle_interfaces/msg/detail/ebs_tank_pressure__rosidl_typesupport_fastrtps_cpp.hpp
[2.432s] -- Up-to-date: /home/ekyriakos/my_ws/src/install/turtle_interfaces/include/turtle_interfaces/msg/detail/brake_light__rosidl_typesupport_fastrtps_cpp.hpp
[2.432s] -- Up-to-date: /home/ekyriakos/my_ws/src/install/turtle_interfaces/include/turtle_interfaces/msg/detail/ebs_service_brake__rosidl_typesupport_fastrtps_cpp.hpp
[2.432s] -- Up-to-date: /home/ekyriakos/my_ws/src/install/turtle_interfaces/include/turtle_interfaces/msg/detail/vn_ins_status__rosidl_typesupport_fastrtps_cpp.hpp
[2.432s] -- Up-to-date: /home/ekyriakos/my_ws/src/install/turtle_interfaces/include/turtle_interfaces/msg/detail/ecu_params__rosidl_typesupport_fastrtps_cpp.hpp
[2.432s] -- Up-to-date: /home/ekyriakos/my_ws/src/install/turtle_interfaces/include/turtle_interfaces/msg/detail/inverter_commands__rosidl_typesupport_fastrtps_cpp.hpp
[2.433s] -- Up-to-date: /home/ekyriakos/my_ws/src/install/turtle_interfaces/include/turtle_interfaces/msg/detail/brake__rosidl_typesupport_fastrtps_cpp.hpp
[2.433s] -- Up-to-date: /home/ekyriakos/my_ws/src/install/turtle_interfaces/include/turtle_interfaces/msg/detail/gpu_status__rosidl_typesupport_fastrtps_cpp.hpp
[2.433s] -- Up-to-date: /home/ekyriakos/my_ws/src/install/turtle_interfaces/include/turtle_interfaces/msg/detail/vn_euler__rosidl_typesupport_fastrtps_cpp.hpp
[2.433s] -- Up-to-date: /home/ekyriakos/my_ws/src/install/turtle_interfaces/include/turtle_interfaces/msg/detail/cooling_info__rosidl_typesupport_fastrtps_cpp.hpp
[2.433s] -- Up-to-date: /home/ekyriakos/my_ws/src/install/turtle_interfaces/include/turtle_interfaces/msg/detail/tsal_safe_state__rosidl_typesupport_fastrtps_cpp.hpp
[2.433s] -- Up-to-date: /home/ekyriakos/my_ws/src/install/turtle_interfaces/include/turtle_interfaces/msg/detail/ros_status__rosidl_typesupport_fastrtps_cpp.hpp
[2.433s] -- Up-to-date: /home/ekyriakos/my_ws/src/install/turtle_interfaces/include/turtle_interfaces/msg/detail/camera_cones_publish__rosidl_typesupport_fastrtps_cpp.hpp
[2.433s] -- Up-to-date: /home/ekyriakos/my_ws/src/install/turtle_interfaces/include/turtle_interfaces/msg/detail/slam_statistics__rosidl_typesupport_fastrtps_cpp.hpp
[2.433s] -- Up-to-date: /home/ekyriakos/my_ws/src/install/turtle_interfaces/include/turtle_interfaces/msg/detail/steering__rosidl_typesupport_fastrtps_cpp.hpp
[2.434s] -- Up-to-date: /home/ekyriakos/my_ws/src/install/turtle_interfaces/include/turtle_interfaces/msg/detail/dash_bools__rosidl_typesupport_fastrtps_cpp.hpp
[2.434s] -- Up-to-date: /home/ekyriakos/my_ws/src/install/turtle_interfaces/include/turtle_interfaces/msg/detail/dash_buttons__rosidl_typesupport_fastrtps_cpp.hpp
[2.434s] -- Up-to-date: /home/ekyriakos/my_ws/src/install/turtle_interfaces/include/turtle_interfaces/msg/detail/dds_fastrtps
[2.434s] -- Up-to-date: /home/ekyriakos/my_ws/src/install/turtle_interfaces/include/turtle_interfaces/msg/detail/cpu_status__rosidl_typesupport_fastrtps_cpp.hpp
[2.434s] -- Up-to-date: /home/ekyriakos/my_ws/src/install/turtle_interfaces/include/turtle_interfaces/msg/detail/camera_status__rosidl_typesupport_fastrtps_cpp.hpp
[2.434s] -- Up-to-date: /home/ekyriakos/my_ws/src/install/turtle_interfaces/include/turtle_interfaces/msg/detail/can_status__rosidl_typesupport_fastrtps_cpp.hpp
[2.434s] -- Up-to-date: /home/ekyriakos/my_ws/src/install/turtle_interfaces/include/turtle_interfaces/msg/detail/control_info__rosidl_typesupport_fastrtps_cpp.hpp
[2.435s] -- Up-to-date: /home/ekyriakos/my_ws/src/install/turtle_interfaces/include/turtle_interfaces/msg/detail/ecu_control_systems__rosidl_typesupport_fastrtps_cpp.hpp
[2.435s] -- Up-to-date: /home/ekyriakos/my_ws/src/install/turtle_interfaces/lib/libturtle_interfaces__rosidl_typesupport_fastrtps_cpp.so
[2.435s] -- Up-to-date: /home/ekyriakos/my_ws/src/install/turtle_interfaces/include/turtle_interfaces
[2.435s] -- Up-to-date: /home/ekyriakos/my_ws/src/install/turtle_interfaces/include/turtle_interfaces/msg
[2.435s] -- Up-to-date: /home/ekyriakos/my_ws/src/install/turtle_interfaces/include/turtle_interfaces/msg/rosidl_typesupport_introspection_c__visibility_control.h
[2.435s] -- Up-to-date: /home/ekyriakos/my_ws/src/install/turtle_interfaces/include/turtle_interfaces/msg/detail
[2.435s] -- Up-to-date: /home/ekyriakos/my_ws/src/install/turtle_interfaces/include/turtle_interfaces/msg/detail/steering__rosidl_typesupport_introspection_c.h
[2.435s] -- Up-to-date: /home/ekyriakos/my_ws/src/install/turtle_interfaces/include/turtle_interfaces/msg/detail/inverter_commands__type_support.c
[2.436s] -- Up-to-date: /home/ekyriakos/my_ws/src/install/turtle_interfaces/include/turtle_interfaces/msg/detail/cpu_status__rosidl_typesupport_introspection_c.h
[2.436s] -- Up-to-date: /home/ekyriakos/my_ws/src/install/turtle_interfaces/include/turtle_interfaces/msg/detail/apps__type_support.c
[2.436s] -- Up-to-date: /home/ekyriakos/my_ws/src/install/turtle_interfaces/include/turtle_interfaces/msg/detail/inverter_commands__rosidl_typesupport_introspection_c.h
[2.436s] -- Up-to-date: /home/ekyriakos/my_ws/src/install/turtle_interfaces/include/turtle_interfaces/msg/detail/ecu_params__type_support.c
[2.436s] -- Up-to-date: /home/ekyriakos/my_ws/src/install/turtle_interfaces/include/turtle_interfaces/msg/detail/vn_imu__type_support.c
[2.436s] -- Up-to-date: /home/ekyriakos/my_ws/src/install/turtle_interfaces/include/turtle_interfaces/msg/detail/ecu_control_systems__type_support.c
[2.436s] -- Up-to-date: /home/ekyriakos/my_ws/src/install/turtle_interfaces/include/turtle_interfaces/msg/detail/mission_status__rosidl_typesupport_introspection_c.h
[2.437s] -- Up-to-date: /home/ekyriakos/my_ws/src/install/turtle_interfaces/include/turtle_interfaces/msg/detail/dash_bools__type_support.c
[2.438s] -- Up-to-date: /home/ekyriakos/my_ws/src/install/turtle_interfaces/include/turtle_interfaces/msg/detail/res_status__rosidl_typesupport_introspection_c.h
[2.439s] -- Up-to-date: /home/ekyriakos/my_ws/src/install/turtle_interfaces/include/turtle_interfaces/msg/detail/tsal_safe_state__rosidl_typesupport_introspection_c.h
[2.440s] -- Up-to-date: /home/ekyriakos/my_ws/src/install/turtle_interfaces/include/turtle_interfaces/msg/detail/inverter_info__rosidl_typesupport_introspection_c.h
[2.440s] -- Up-to-date: /home/ekyriakos/my_ws/src/install/turtle_interfaces/include/turtle_interfaces/msg/detail/psu_monitor__rosidl_typesupport_introspection_c.h
[2.440s] -- Up-to-date: /home/ekyriakos/my_ws/src/install/turtle_interfaces/include/turtle_interfaces/msg/detail/mission__rosidl_typesupport_introspection_c.h
[2.440s] -- Up-to-date: /home/ekyriakos/my_ws/src/install/turtle_interfaces/include/turtle_interfaces/msg/detail/slam_info__type_support.c
[2.441s] -- Up-to-date: /home/ekyriakos/my_ws/src/install/turtle_interfaces/include/turtle_interfaces/msg/detail/ebs_supervisor_info__rosidl_typesupport_introspection_c.h
[2.441s] -- Up-to-date: /home/ekyriakos/my_ws/src/install/turtle_interfaces/include/turtle_interfaces/msg/detail/camera_cones_publish__rosidl_typesupport_introspection_c.h
[2.441s] -- Up-to-date: /home/ekyriakos/my_ws/src/install/turtle_interfaces/include/turtle_interfaces/msg/detail/brake__type_support.c
[2.441s] -- Up-to-date: /home/ekyriakos/my_ws/src/install/turtle_interfaces/include/turtle_interfaces/msg/detail/mpc_info__type_support.c
[2.441s] -- Up-to-date: /home/ekyriakos/my_ws/src/install/turtle_interfaces/include/turtle_interfaces/msg/detail/vn_ins_status__type_support.c
[2.442s] -- Up-to-date: /home/ekyriakos/my_ws/src/install/turtle_interfaces/include/turtle_interfaces/msg/detail/brake__rosidl_typesupport_introspection_c.h
[2.442s] -- Up-to-date: /home/ekyriakos/my_ws/src/install/turtle_interfaces/include/turtle_interfaces/msg/detail/slam_info__rosidl_typesupport_introspection_c.h
[2.442s] -- Up-to-date: /home/ekyriakos/my_ws/src/install/turtle_interfaces/include/turtle_interfaces/msg/detail/camera_status__rosidl_typesupport_introspection_c.h
[2.442s] -- Up-to-date: /home/ekyriakos/my_ws/src/install/turtle_interfaces/include/turtle_interfaces/msg/detail/control_info__type_support.c
[2.443s] -- Up-to-date: /home/ekyriakos/my_ws/src/install/turtle_interfaces/include/turtle_interfaces/msg/detail/state_machine_state__rosidl_typesupport_introspection_c.h
[2.443s] -- Up-to-date: /home/ekyriakos/my_ws/src/install/turtle_interfaces/include/turtle_interfaces/msg/detail/rpm__rosidl_typesupport_introspection_c.h
[2.443s] -- Up-to-date: /home/ekyriakos/my_ws/src/install/turtle_interfaces/include/turtle_interfaces/msg/detail/ebs_tank_pressure__type_support.c
[2.443s] -- Up-to-date: /home/ekyriakos/my_ws/src/install/turtle_interfaces/include/turtle_interfaces/msg/detail/rpm__type_support.c
[2.443s] -- Up-to-date: /home/ekyriakos/my_ws/src/install/turtle_interfaces/include/turtle_interfaces/msg/detail/dio_status__rosidl_typesupport_introspection_c.h
[2.443s] -- Up-to-date: /home/ekyriakos/my_ws/src/install/turtle_interfaces/include/turtle_interfaces/msg/detail/ouster_imu__type_support.c
[2.443s] -- Up-to-date: /home/ekyriakos/my_ws/src/install/turtle_interfaces/include/turtle_interfaces/msg/detail/gpu_status__type_support.c
[2.443s] -- Up-to-date: /home/ekyriakos/my_ws/src/install/turtle_interfaces/include/turtle_interfaces/msg/detail/ecu_params__rosidl_typesupport_introspection_c.h
[2.444s] -- Up-to-date: /home/ekyriakos/my_ws/src/install/turtle_interfaces/include/turtle_interfaces/msg/detail/state_machine_state__type_support.c
[2.444s] -- Up-to-date: /home/ekyriakos/my_ws/src/install/turtle_interfaces/include/turtle_interfaces/msg/detail/mission__type_support.c
[2.444s] -- Up-to-date: /home/ekyriakos/my_ws/src/install/turtle_interfaces/include/turtle_interfaces/msg/detail/steering__type_support.c
[2.444s] -- Up-to-date: /home/ekyriakos/my_ws/src/install/turtle_interfaces/include/turtle_interfaces/msg/detail/vn_euler__type_support.c
[2.444s] -- Up-to-date: /home/ekyriakos/my_ws/src/install/turtle_interfaces/include/turtle_interfaces/msg/detail/vn_utc_time__type_support.c
[2.444s] -- Up-to-date: /home/ekyriakos/my_ws/src/install/turtle_interfaces/include/turtle_interfaces/msg/detail/camera_cones_publish__type_support.c
[2.444s] -- Up-to-date: /home/ekyriakos/my_ws/src/install/turtle_interfaces/include/turtle_interfaces/msg/detail/cpu_status__type_support.c
[2.444s] -- Up-to-date: /home/ekyriakos/my_ws/src/install/turtle_interfaces/include/turtle_interfaces/msg/detail/isabellen__type_support.c
[2.445s] -- Up-to-date: /home/ekyriakos/my_ws/src/install/turtle_interfaces/include/turtle_interfaces/msg/detail/brake_light__type_support.c
[2.445s] -- Up-to-date: /home/ekyriakos/my_ws/src/install/turtle_interfaces/include/turtle_interfaces/msg/detail/inverter_info__type_support.c
[2.445s] -- Up-to-date: /home/ekyriakos/my_ws/src/install/turtle_interfaces/include/turtle_interfaces/msg/detail/tsal_safe_state__type_support.c
[2.445s] -- Up-to-date: /home/ekyriakos/my_ws/src/install/turtle_interfaces/include/turtle_interfaces/msg/detail/ros_status__type_support.c
[2.445s] -- Up-to-date: /home/ekyriakos/my_ws/src/install/turtle_interfaces/include/turtle_interfaces/msg/detail/ouster_imu__rosidl_typesupport_introspection_c.h
[2.445s] -- Up-to-date: /home/ekyriakos/my_ws/src/install/turtle_interfaces/include/turtle_interfaces/msg/detail/mpc_info__rosidl_typesupport_introspection_c.h
[2.445s] -- Up-to-date: /home/ekyriakos/my_ws/src/install/turtle_interfaces/include/turtle_interfaces/msg/detail/ebs_service_brake__rosidl_typesupport_introspection_c.h
[2.445s] -- Up-to-date: /home/ekyriakos/my_ws/src/install/turtle_interfaces/include/turtle_interfaces/msg/detail/ecu_control_systems__rosidl_typesupport_introspection_c.h
[2.446s] -- Up-to-date: /home/ekyriakos/my_ws/src/install/turtle_interfaces/include/turtle_interfaces/msg/detail/vn_gps_position__type_support.c
[2.446s] -- Up-to-date: /home/ekyriakos/my_ws/src/install/turtle_interfaces/include/turtle_interfaces/msg/detail/vn_utc_time__rosidl_typesupport_introspection_c.h
[2.446s] -- Up-to-date: /home/ekyriakos/my_ws/src/install/turtle_interfaces/include/turtle_interfaces/msg/detail/vn_quat__type_support.c
[2.446s] -- Up-to-date: /home/ekyriakos/my_ws/src/install/turtle_interfaces/include/turtle_interfaces/msg/detail/vn_quat__rosidl_typesupport_introspection_c.h
[2.446s] -- Up-to-date: /home/ekyriakos/my_ws/src/install/turtle_interfaces/include/turtle_interfaces/msg/detail/cooling_info__rosidl_typesupport_introspection_c.h
[2.446s] -- Up-to-date: /home/ekyriakos/my_ws/src/install/turtle_interfaces/include/turtle_interfaces/msg/detail/dash_buttons__type_support.c
[2.446s] -- Up-to-date: /home/ekyriakos/my_ws/src/install/turtle_interfaces/include/turtle_interfaces/msg/detail/can_status__type_support.c
[2.446s] -- Up-to-date: /home/ekyriakos/my_ws/src/install/turtle_interfaces/include/turtle_interfaces/msg/detail/vn_ins_status__rosidl_typesupport_introspection_c.h
[2.447s] -- Up-to-date: /home/ekyriakos/my_ws/src/install/turtle_interfaces/include/turtle_interfaces/msg/detail/slam_statistics__type_support.c
[2.447s] -- Up-to-date: /home/ekyriakos/my_ws/src/install/turtle_interfaces/include/turtle_interfaces/msg/detail/actuator_cmd__rosidl_typesupport_introspection_c.h
[2.447s] -- Up-to-date: /home/ekyriakos/my_ws/src/install/turtle_interfaces/include/turtle_interfaces/msg/detail/dash_bools__rosidl_typesupport_introspection_c.h
[2.447s] -- Up-to-date: /home/ekyriakos/my_ws/src/install/turtle_interfaces/include/turtle_interfaces/msg/detail/psu_monitor__type_support.c
[2.447s] -- Up-to-date: /home/ekyriakos/my_ws/src/install/turtle_interfaces/include/turtle_interfaces/msg/detail/ros_status__rosidl_typesupport_introspection_c.h
[2.447s] -- Up-to-date: /home/ekyriakos/my_ws/src/install/turtle_interfaces/include/turtle_interfaces/msg/detail/apps__rosidl_typesupport_introspection_c.h
[2.448s] -- Up-to-date: /home/ekyriakos/my_ws/src/install/turtle_interfaces/include/turtle_interfaces/msg/detail/cooling_info__type_support.c
[2.448s] -- Up-to-date: /home/ekyriakos/my_ws/src/install/turtle_interfaces/include/turtle_interfaces/msg/detail/vn_imu__rosidl_typesupport_introspection_c.h
[2.448s] -- Up-to-date: /home/ekyriakos/my_ws/src/install/turtle_interfaces/include/turtle_interfaces/msg/detail/vn_gps_velocity__type_support.c
[2.448s] -- Up-to-date: /home/ekyriakos/my_ws/src/install/turtle_interfaces/include/turtle_interfaces/msg/detail/can_status__rosidl_typesupport_introspection_c.h
[2.448s] -- Up-to-date: /home/ekyriakos/my_ws/src/install/turtle_interfaces/include/turtle_interfaces/msg/detail/res_status__type_support.c
[2.449s] -- Up-to-date: /home/ekyriakos/my_ws/src/install/turtle_interfaces/include/turtle_interfaces/msg/detail/gpu_status__rosidl_typesupport_introspection_c.h
[2.449s] -- Up-to-date: /home/ekyriakos/my_ws/src/install/turtle_interfaces/include/turtle_interfaces/msg/detail/control_info__rosidl_typesupport_introspection_c.h
[2.450s] -- Up-to-date: /home/ekyriakos/my_ws/src/install/turtle_interfaces/include/turtle_interfaces/msg/detail/ebs_supervisor_info__type_support.c
[2.450s] -- Up-to-date: /home/ekyriakos/my_ws/src/install/turtle_interfaces/include/turtle_interfaces/msg/detail/ebs_tank_pressure__rosidl_typesupport_introspection_c.h
[2.450s] -- Up-to-date: /home/ekyriakos/my_ws/src/install/turtle_interfaces/include/turtle_interfaces/msg/detail/bounding_boxes__type_support.c
[2.451s] -- Up-to-date: /home/ekyriakos/my_ws/src/install/turtle_interfaces/include/turtle_interfaces/msg/detail/vn_euler__rosidl_typesupport_introspection_c.h
[2.451s] -- Up-to-date: /home/ekyriakos/my_ws/src/install/turtle_interfaces/include/turtle_interfaces/msg/detail/actuator_cmd__type_support.c
[2.451s] -- Up-to-date: /home/ekyriakos/my_ws/src/install/turtle_interfaces/include/turtle_interfaces/msg/detail/camera_status__type_support.c
[2.452s] -- Up-to-date: /home/ekyriakos/my_ws/src/install/turtle_interfaces/include/turtle_interfaces/msg/detail/slam_statistics__rosidl_typesupport_introspection_c.h
[2.452s] -- Up-to-date: /home/ekyriakos/my_ws/src/install/turtle_interfaces/include/turtle_interfaces/msg/detail/ebs_service_brake__type_support.c
[2.452s] -- Up-to-date: /home/ekyriakos/my_ws/src/install/turtle_interfaces/include/turtle_interfaces/msg/detail/isabellen__rosidl_typesupport_introspection_c.h
[2.453s] -- Up-to-date: /home/ekyriakos/my_ws/src/install/turtle_interfaces/include/turtle_interfaces/msg/detail/bounding_boxes__rosidl_typesupport_introspection_c.h
[2.453s] -- Up-to-date: /home/ekyriakos/my_ws/src/install/turtle_interfaces/include/turtle_interfaces/msg/detail/vn_gps_velocity__rosidl_typesupport_introspection_c.h
[2.453s] -- Up-to-date: /home/ekyriakos/my_ws/src/install/turtle_interfaces/include/turtle_interfaces/msg/detail/mission_status__type_support.c
[2.453s] -- Up-to-date: /home/ekyriakos/my_ws/src/install/turtle_interfaces/include/turtle_interfaces/msg/detail/vn_gps_position__rosidl_typesupport_introspection_c.h
[2.455s] -- Up-to-date: /home/ekyriakos/my_ws/src/install/turtle_interfaces/include/turtle_interfaces/msg/detail/dash_buttons__rosidl_typesupport_introspection_c.h
[2.456s] -- Up-to-date: /home/ekyriakos/my_ws/src/install/turtle_interfaces/include/turtle_interfaces/msg/detail/dio_status__type_support.c
[2.456s] -- Up-to-date: /home/ekyriakos/my_ws/src/install/turtle_interfaces/include/turtle_interfaces/msg/detail/brake_light__rosidl_typesupport_introspection_c.h
[2.456s] -- Up-to-date: /home/ekyriakos/my_ws/src/install/turtle_interfaces/lib/libturtle_interfaces__rosidl_typesupport_introspection_c.so
[2.456s] -- Up-to-date: /home/ekyriakos/my_ws/src/install/turtle_interfaces/lib/libturtle_interfaces__rosidl_typesupport_c.so
[2.457s] -- Up-to-date: /home/ekyriakos/my_ws/src/install/turtle_interfaces/include/turtle_interfaces
[2.457s] -- Up-to-date: /home/ekyriakos/my_ws/src/install/turtle_interfaces/include/turtle_interfaces/msg
[2.457s] -- Up-to-date: /home/ekyriakos/my_ws/src/install/turtle_interfaces/include/turtle_interfaces/msg/dash_buttons.hpp
[2.458s] -- Up-to-date: /home/ekyriakos/my_ws/src/install/turtle_interfaces/include/turtle_interfaces/msg/vn_utc_time.hpp
[2.458s] -- Up-to-date: /home/ekyriakos/my_ws/src/install/turtle_interfaces/include/turtle_interfaces/msg/steering.hpp
[2.460s] -- Up-to-date: /home/ekyriakos/my_ws/src/install/turtle_interfaces/include/turtle_interfaces/msg/cooling_info.hpp
[2.461s] -- Up-to-date: /home/ekyriakos/my_ws/src/install/turtle_interfaces/include/turtle_interfaces/msg/tsal_safe_state.hpp
[2.463s] -- Up-to-date: /home/ekyriakos/my_ws/src/install/turtle_interfaces/include/turtle_interfaces/msg/vn_gps_position.hpp
[2.463s] -- Up-to-date: /home/ekyriakos/my_ws/src/install/turtle_interfaces/include/turtle_interfaces/msg/res_status.hpp
[2.464s] -- Up-to-date: /home/ekyriakos/my_ws/src/install/turtle_interfaces/include/turtle_interfaces/msg/bounding_boxes.hpp
[2.465s] -- Up-to-date: /home/ekyriakos/my_ws/src/install/turtle_interfaces/include/turtle_interfaces/msg/psu_monitor.hpp
[2.466s] -- Up-to-date: /home/ekyriakos/my_ws/src/install/turtle_interfaces/include/turtle_interfaces/msg/isabellen.hpp
[2.466s] -- Up-to-date: /home/ekyriakos/my_ws/src/install/turtle_interfaces/include/turtle_interfaces/msg/actuator_cmd.hpp
[2.466s] -- Up-to-date: /home/ekyriakos/my_ws/src/install/turtle_interfaces/include/turtle_interfaces/msg/cpu_status.hpp
[2.466s] -- Up-to-date: /home/ekyriakos/my_ws/src/install/turtle_interfaces/include/turtle_interfaces/msg/vn_quat.hpp
[2.466s] -- Up-to-date: /home/ekyriakos/my_ws/src/install/turtle_interfaces/include/turtle_interfaces/msg/brake_light.hpp
[2.467s] -- Up-to-date: /home/ekyriakos/my_ws/src/install/turtle_interfaces/include/turtle_interfaces/msg/can_status.hpp
[2.467s] -- Up-to-date: /home/ekyriakos/my_ws/src/install/turtle_interfaces/include/turtle_interfaces/msg/brake.hpp
[2.467s] -- Up-to-date: /home/ekyriakos/my_ws/src/install/turtle_interfaces/include/turtle_interfaces/msg/gpu_status.hpp
[2.467s] -- Up-to-date: /home/ekyriakos/my_ws/src/install/turtle_interfaces/include/turtle_interfaces/msg/ecu_control_systems.hpp
[2.467s] -- Up-to-date: /home/ekyriakos/my_ws/src/install/turtle_interfaces/include/turtle_interfaces/msg/inverter_commands.hpp
[2.467s] -- Up-to-date: /home/ekyriakos/my_ws/src/install/turtle_interfaces/include/turtle_interfaces/msg/mission.hpp
[2.468s] -- Up-to-date: /home/ekyriakos/my_ws/src/install/turtle_interfaces/include/turtle_interfaces/msg/dio_status.hpp
[2.468s] -- Up-to-date: /home/ekyriakos/my_ws/src/install/turtle_interfaces/include/turtle_interfaces/msg/detail
[2.468s] -- Up-to-date: /home/ekyriakos/my_ws/src/install/turtle_interfaces/include/turtle_interfaces/msg/detail/state_machine_state__traits.hpp
[2.468s] -- Up-to-date: /home/ekyriakos/my_ws/src/install/turtle_interfaces/include/turtle_interfaces/msg/detail/can_status__builder.hpp
[2.468s] -- Up-to-date: /home/ekyriakos/my_ws/src/install/turtle_interfaces/include/turtle_interfaces/msg/detail/bounding_boxes__builder.hpp
[2.468s] -- Up-to-date: /home/ekyriakos/my_ws/src/install/turtle_interfaces/include/turtle_interfaces/msg/detail/cpu_status__traits.hpp
[2.468s] -- Up-to-date: /home/ekyriakos/my_ws/src/install/turtle_interfaces/include/turtle_interfaces/msg/detail/ouster_imu__builder.hpp
[2.469s] -- Up-to-date: /home/ekyriakos/my_ws/src/install/turtle_interfaces/include/turtle_interfaces/msg/detail/mission_status__struct.hpp
[2.469s] -- Up-to-date: /home/ekyriakos/my_ws/src/install/turtle_interfaces/include/turtle_interfaces/msg/detail/camera_status__builder.hpp
[2.469s] -- Up-to-date: /home/ekyriakos/my_ws/src/install/turtle_interfaces/include/turtle_interfaces/msg/detail/vn_ins_status__struct.hpp
[2.469s] -- Up-to-date: /home/ekyriakos/my_ws/src/install/turtle_interfaces/include/turtle_interfaces/msg/detail/slam_info__traits.hpp
[2.469s] -- Up-to-date: /home/ekyriakos/my_ws/src/install/turtle_interfaces/include/turtle_interfaces/msg/detail/vn_imu__struct.hpp
[2.469s] -- Up-to-date: /home/ekyriakos/my_ws/src/install/turtle_interfaces/include/turtle_interfaces/msg/detail/mpc_info__struct.hpp
[2.470s] -- Up-to-date: /home/ekyriakos/my_ws/src/install/turtle_interfaces/include/turtle_interfaces/msg/detail/vn_gps_position__struct.hpp
[2.470s] -- Up-to-date: /home/ekyriakos/my_ws/src/install/turtle_interfaces/include/turtle_interfaces/msg/detail/brake__struct.hpp
[2.470s] -- Up-to-date: /home/ekyriakos/my_ws/src/install/turtle_interfaces/include/turtle_interfaces/msg/detail/vn_utc_time__struct.hpp
[2.470s] -- Up-to-date: /home/ekyriakos/my_ws/src/install/turtle_interfaces/include/turtle_interfaces/msg/detail/vn_euler__struct.hpp
[2.470s] -- Up-to-date: /home/ekyriakos/my_ws/src/install/turtle_interfaces/include/turtle_interfaces/msg/detail/brake_light__builder.hpp
[2.471s] -- Up-to-date: /home/ekyriakos/my_ws/src/install/turtle_interfaces/include/turtle_interfaces/msg/detail/ebs_service_brake__builder.hpp
[2.471s] -- Up-to-date: /home/ekyriakos/my_ws/src/install/turtle_interfaces/include/turtle_interfaces/msg/detail/isabellen__struct.hpp
[2.471s] -- Up-to-date: /home/ekyriakos/my_ws/src/install/turtle_interfaces/include/turtle_interfaces/msg/detail/dash_buttons__builder.hpp
[2.471s] -- Up-to-date: /home/ekyriakos/my_ws/src/install/turtle_interfaces/include/turtle_interfaces/msg/detail/apps__struct.hpp
[2.471s] -- Up-to-date: /home/ekyriakos/my_ws/src/install/turtle_interfaces/include/turtle_interfaces/msg/detail/slam_info__builder.hpp
[2.472s] -- Up-to-date: /home/ekyriakos/my_ws/src/install/turtle_interfaces/include/turtle_interfaces/msg/detail/dash_bools__struct.hpp
[2.472s] -- Up-to-date: /home/ekyriakos/my_ws/src/install/turtle_interfaces/include/turtle_interfaces/msg/detail/vn_gps_velocity__struct.hpp
[2.472s] -- Up-to-date: /home/ekyriakos/my_ws/src/install/turtle_interfaces/include/turtle_interfaces/msg/detail/vn_gps_velocity__builder.hpp
[2.472s] -- Up-to-date: /home/ekyriakos/my_ws/src/install/turtle_interfaces/include/turtle_interfaces/msg/detail/control_info__struct.hpp
[2.472s] -- Up-to-date: /home/ekyriakos/my_ws/src/install/turtle_interfaces/include/turtle_interfaces/msg/detail/mission__builder.hpp
[2.472s] -- Up-to-date: /home/ekyriakos/my_ws/src/install/turtle_interfaces/include/turtle_interfaces/msg/detail/actuator_cmd__traits.hpp
[2.473s] -- Up-to-date: /home/ekyriakos/my_ws/src/install/turtle_interfaces/include/turtle_interfaces/msg/detail/steering__traits.hpp
[2.473s] -- Up-to-date: /home/ekyriakos/my_ws/src/install/turtle_interfaces/include/turtle_interfaces/msg/detail/ebs_tank_pressure__traits.hpp
[2.473s] -- Up-to-date: /home/ekyriakos/my_ws/src/install/turtle_interfaces/include/turtle_interfaces/msg/detail/tsal_safe_state__builder.hpp
[2.473s] -- Up-to-date: /home/ekyriakos/my_ws/src/install/turtle_interfaces/include/turtle_interfaces/msg/detail/rpm__builder.hpp
[2.473s] -- Up-to-date: /home/ekyriakos/my_ws/src/install/turtle_interfaces/include/turtle_interfaces/msg/detail/ros_status__struct.hpp
[2.474s] -- Up-to-date: /home/ekyriakos/my_ws/src/install/turtle_interfaces/include/turtle_interfaces/msg/detail/inverter_info__struct.hpp
[2.474s] -- Up-to-date: /home/ekyriakos/my_ws/src/install/turtle_interfaces/include/turtle_interfaces/msg/detail/vn_quat__traits.hpp
[2.474s] -- Up-to-date: /home/ekyriakos/my_ws/src/install/turtle_interfaces/include/turtle_interfaces/msg/detail/psu_monitor__traits.hpp
[2.475s] -- Up-to-date: /home/ekyriakos/my_ws/src/install/turtle_interfaces/include/turtle_interfaces/msg/detail/psu_monitor__struct.hpp
[2.475s] -- Up-to-date: /home/ekyriakos/my_ws/src/install/turtle_interfaces/include/turtle_interfaces/msg/detail/mission__traits.hpp
[2.476s] -- Up-to-date: /home/ekyriakos/my_ws/src/install/turtle_interfaces/include/turtle_interfaces/msg/detail/vn_gps_position__builder.hpp
[2.476s] -- Up-to-date: /home/ekyriakos/my_ws/src/install/turtle_interfaces/include/turtle_interfaces/msg/detail/can_status__struct.hpp
[2.476s] -- Up-to-date: /home/ekyriakos/my_ws/src/install/turtle_interfaces/include/turtle_interfaces/msg/detail/mission__struct.hpp
[2.476s] -- Up-to-date: /home/ekyriakos/my_ws/src/install/turtle_interfaces/include/turtle_interfaces/msg/detail/control_info__builder.hpp
[2.477s] -- Up-to-date: /home/ekyriakos/my_ws/src/install/turtle_interfaces/include/turtle_interfaces/msg/detail/ouster_imu__traits.hpp
[2.477s] -- Up-to-date: /home/ekyriakos/my_ws/src/install/turtle_interfaces/include/turtle_interfaces/msg/detail/brake__builder.hpp
[2.477s] -- Up-to-date: /home/ekyriakos/my_ws/src/install/turtle_interfaces/include/turtle_interfaces/msg/detail/camera_cones_publish__traits.hpp
[2.477s] -- Up-to-date: /home/ekyriakos/my_ws/src/install/turtle_interfaces/include/turtle_interfaces/msg/detail/actuator_cmd__builder.hpp
[2.477s] -- Up-to-date: /home/ekyriakos/my_ws/src/install/turtle_interfaces/include/turtle_interfaces/msg/detail/ecu_control_systems__traits.hpp
[2.477s] -- Up-to-date: /home/ekyriakos/my_ws/src/install/turtle_interfaces/include/turtle_interfaces/msg/detail/vn_utc_time__traits.hpp
[2.478s] -- Up-to-date: /home/ekyriakos/my_ws/src/install/turtle_interfaces/include/turtle_interfaces/msg/detail/res_status__builder.hpp
[2.478s] -- Up-to-date: /home/ekyriakos/my_ws/src/install/turtle_interfaces/include/turtle_interfaces/msg/detail/vn_quat__struct.hpp
[2.478s] -- Up-to-date: /home/ekyriakos/my_ws/src/install/turtle_interfaces/include/turtle_interfaces/msg/detail/vn_euler__builder.hpp
[2.478s] -- Up-to-date: /home/ekyriakos/my_ws/src/install/turtle_interfaces/include/turtle_interfaces/msg/detail/dio_status__builder.hpp
[2.479s] -- Up-to-date: /home/ekyriakos/my_ws/src/install/turtle_interfaces/include/turtle_interfaces/msg/detail/dash_buttons__struct.hpp
[2.479s] -- Up-to-date: /home/ekyriakos/my_ws/src/install/turtle_interfaces/include/turtle_interfaces/msg/detail/gpu_status__struct.hpp
[2.479s] -- Up-to-date: /home/ekyriakos/my_ws/src/install/turtle_interfaces/include/turtle_interfaces/msg/detail/vn_gps_velocity__traits.hpp
[2.479s] -- Up-to-date: /home/ekyriakos/my_ws/src/install/turtle_interfaces/include/turtle_interfaces/msg/detail/dio_status__struct.hpp
[2.479s] -- Up-to-date: /home/ekyriakos/my_ws/src/install/turtle_interfaces/include/turtle_interfaces/msg/detail/apps__builder.hpp
[2.479s] -- Up-to-date: /home/ekyriakos/my_ws/src/install/turtle_interfaces/include/turtle_interfaces/msg/detail/brake__traits.hpp
[2.480s] -- Up-to-date: /home/ekyriakos/my_ws/src/install/turtle_interfaces/include/turtle_interfaces/msg/detail/can_status__traits.hpp
[2.480s] -- Up-to-date: /home/ekyriakos/my_ws/src/install/turtle_interfaces/include/turtle_interfaces/msg/detail/ebs_supervisor_info__builder.hpp
[2.480s] -- Up-to-date: /home/ekyriakos/my_ws/src/install/turtle_interfaces/include/turtle_interfaces/msg/detail/ecu_params__builder.hpp
[2.480s] -- Up-to-date: /home/ekyriakos/my_ws/src/install/turtle_interfaces/include/turtle_interfaces/msg/detail/vn_ins_status__traits.hpp
[2.480s] -- Up-to-date: /home/ekyriakos/my_ws/src/install/turtle_interfaces/include/turtle_interfaces/msg/detail/steering__struct.hpp
[2.480s] -- Up-to-date: /home/ekyriakos/my_ws/src/install/turtle_interfaces/include/turtle_interfaces/msg/detail/camera_cones_publish__builder.hpp
[2.481s] -- Up-to-date: /home/ekyriakos/my_ws/src/install/turtle_interfaces/include/turtle_interfaces/msg/detail/camera_status__traits.hpp
[2.481s] -- Up-to-date: /home/ekyriakos/my_ws/src/install/turtle_interfaces/include/turtle_interfaces/msg/detail/ebs_service_brake__struct.hpp
[2.481s] -- Up-to-date: /home/ekyriakos/my_ws/src/install/turtle_interfaces/include/turtle_interfaces/msg/detail/mpc_info__builder.hpp
[2.481s] -- Up-to-date: /home/ekyriakos/my_ws/src/install/turtle_interfaces/include/turtle_interfaces/msg/detail/cooling_info__builder.hpp
[2.481s] -- Up-to-date: /home/ekyriakos/my_ws/src/install/turtle_interfaces/include/turtle_interfaces/msg/detail/vn_quat__builder.hpp
[2.482s] -- Up-to-date: /home/ekyriakos/my_ws/src/install/turtle_interfaces/include/turtle_interfaces/msg/detail/ouster_imu__struct.hpp
[2.482s] -- Up-to-date: /home/ekyriakos/my_ws/src/install/turtle_interfaces/include/turtle_interfaces/msg/detail/slam_statistics__builder.hpp
[2.482s] -- Up-to-date: /home/ekyriakos/my_ws/src/install/turtle_interfaces/include/turtle_interfaces/msg/detail/camera_status__struct.hpp
[2.482s] -- Up-to-date: /home/ekyriakos/my_ws/src/install/turtle_interfaces/include/turtle_interfaces/msg/detail/vn_imu__traits.hpp
[2.482s] -- Up-to-date: /home/ekyriakos/my_ws/src/install/turtle_interfaces/include/turtle_interfaces/msg/detail/mpc_info__traits.hpp
[2.482s] -- Up-to-date: /home/ekyriakos/my_ws/src/install/turtle_interfaces/include/turtle_interfaces/msg/detail/vn_ins_status__builder.hpp
[2.483s] -- Up-to-date: /home/ekyriakos/my_ws/src/install/turtle_interfaces/include/turtle_interfaces/msg/detail/slam_statistics__struct.hpp
[2.483s] -- Up-to-date: /home/ekyriakos/my_ws/src/install/turtle_interfaces/include/turtle_interfaces/msg/detail/isabellen__builder.hpp
[2.483s] -- Up-to-date: /home/ekyriakos/my_ws/src/install/turtle_interfaces/include/turtle_interfaces/msg/detail/ros_status__traits.hpp
[2.483s] -- Up-to-date: /home/ekyriakos/my_ws/src/install/turtle_interfaces/include/turtle_interfaces/msg/detail/psu_monitor__builder.hpp
[2.484s] -- Up-to-date: /home/ekyriakos/my_ws/src/install/turtle_interfaces/include/turtle_interfaces/msg/detail/state_machine_state__builder.hpp
[2.484s] -- Up-to-date: /home/ekyriakos/my_ws/src/install/turtle_interfaces/include/turtle_interfaces/msg/detail/state_machine_state__struct.hpp
[2.484s] -- Up-to-date: /home/ekyriakos/my_ws/src/install/turtle_interfaces/include/turtle_interfaces/msg/detail/isabellen__traits.hpp
[2.484s] -- Up-to-date: /home/ekyriakos/my_ws/src/install/turtle_interfaces/include/turtle_interfaces/msg/detail/vn_utc_time__builder.hpp
[2.485s] -- Up-to-date: /home/ekyriakos/my_ws/src/install/turtle_interfaces/include/turtle_interfaces/msg/detail/vn_imu__builder.hpp
[2.485s] -- Up-to-date: /home/ekyriakos/my_ws/src/install/turtle_interfaces/include/turtle_interfaces/msg/detail/ecu_params__traits.hpp
[2.485s] -- Up-to-date: /home/ekyriakos/my_ws/src/install/turtle_interfaces/include/turtle_interfaces/msg/detail/rpm__traits.hpp
[2.486s] -- Up-to-date: /home/ekyriakos/my_ws/src/install/turtle_interfaces/include/turtle_interfaces/msg/detail/cooling_info__struct.hpp
[2.486s] -- Up-to-date: /home/ekyriakos/my_ws/src/install/turtle_interfaces/include/turtle_interfaces/msg/detail/ros_status__builder.hpp
[2.487s] -- Up-to-date: /home/ekyriakos/my_ws/src/install/turtle_interfaces/include/turtle_interfaces/msg/detail/res_status__struct.hpp
[2.487s] -- Up-to-date: /home/ekyriakos/my_ws/src/install/turtle_interfaces/include/turtle_interfaces/msg/detail/res_status__traits.hpp
[2.487s] -- Up-to-date: /home/ekyriakos/my_ws/src/install/turtle_interfaces/include/turtle_interfaces/msg/detail/inverter_commands__builder.hpp
[2.488s] -- Up-to-date: /home/ekyriakos/my_ws/src/install/turtle_interfaces/include/turtle_interfaces/msg/detail/dash_buttons__traits.hpp
[2.488s] -- Up-to-date: /home/ekyriakos/my_ws/src/install/turtle_interfaces/include/turtle_interfaces/msg/detail/ebs_supervisor_info__traits.hpp
[2.488s] -- Up-to-date: /home/ekyriakos/my_ws/src/install/turtle_interfaces/include/turtle_interfaces/msg/detail/steering__builder.hpp
[2.489s] -- Up-to-date: /home/ekyriakos/my_ws/src/install/turtle_interfaces/include/turtle_interfaces/msg/detail/inverter_commands__struct.hpp
[2.489s] -- Up-to-date: /home/ekyriakos/my_ws/src/install/turtle_interfaces/include/turtle_interfaces/msg/detail/inverter_info__builder.hpp
[2.489s] -- Up-to-date: /home/ekyriakos/my_ws/src/install/turtle_interfaces/include/turtle_interfaces/msg/detail/ecu_params__struct.hpp
[2.489s] -- Up-to-date: /home/ekyriakos/my_ws/src/install/turtle_interfaces/include/turtle_interfaces/msg/detail/control_info__traits.hpp
[2.490s] -- Up-to-date: /home/ekyriakos/my_ws/src/install/turtle_interfaces/include/turtle_interfaces/msg/detail/ebs_tank_pressure__builder.hpp
[2.490s] -- Up-to-date: /home/ekyriakos/my_ws/src/install/turtle_interfaces/include/turtle_interfaces/msg/detail/apps__traits.hpp
[2.490s] -- Up-to-date: /home/ekyriakos/my_ws/src/install/turtle_interfaces/include/turtle_interfaces/msg/detail/bounding_boxes__traits.hpp
[2.490s] -- Up-to-date: /home/ekyriakos/my_ws/src/install/turtle_interfaces/include/turtle_interfaces/msg/detail/brake_light__traits.hpp
[2.491s] -- Up-to-date: /home/ekyriakos/my_ws/src/install/turtle_interfaces/include/turtle_interfaces/msg/detail/cooling_info__traits.hpp
[2.491s] -- Up-to-date: /home/ekyriakos/my_ws/src/install/turtle_interfaces/include/turtle_interfaces/msg/detail/dash_bools__builder.hpp
[2.491s] -- Up-to-date: /home/ekyriakos/my_ws/src/install/turtle_interfaces/include/turtle_interfaces/msg/detail/vn_gps_position__traits.hpp
[2.491s] -- Up-to-date: /home/ekyriakos/my_ws/src/install/turtle_interfaces/include/turtle_interfaces/msg/detail/ebs_supervisor_info__struct.hpp
[2.492s] -- Up-to-date: /home/ekyriakos/my_ws/src/install/turtle_interfaces/include/turtle_interfaces/msg/detail/dio_status__traits.hpp
[2.492s] -- Up-to-date: /home/ekyriakos/my_ws/src/install/turtle_interfaces/include/turtle_interfaces/msg/detail/bounding_boxes__struct.hpp
[2.492s] -- Up-to-date: /home/ekyriakos/my_ws/src/install/turtle_interfaces/include/turtle_interfaces/msg/detail/mission_status__traits.hpp
[2.492s] -- Up-to-date: /home/ekyriakos/my_ws/src/install/turtle_interfaces/include/turtle_interfaces/msg/detail/slam_statistics__traits.hpp
[2.493s] -- Up-to-date: /home/ekyriakos/my_ws/src/install/turtle_interfaces/include/turtle_interfaces/msg/detail/tsal_safe_state__traits.hpp
[2.493s] -- Up-to-date: /home/ekyriakos/my_ws/src/install/turtle_interfaces/include/turtle_interfaces/msg/detail/ecu_control_systems__struct.hpp
[2.493s] -- Up-to-date: /home/ekyriakos/my_ws/src/install/turtle_interfaces/include/turtle_interfaces/msg/detail/ebs_tank_pressure__struct.hpp
[2.493s] -- Up-to-date: /home/ekyriakos/my_ws/src/install/turtle_interfaces/include/turtle_interfaces/msg/detail/gpu_status__traits.hpp
[2.493s] -- Up-to-date: /home/ekyriakos/my_ws/src/install/turtle_interfaces/include/turtle_interfaces/msg/detail/actuator_cmd__struct.hpp
[2.494s] -- Up-to-date: /home/ekyriakos/my_ws/src/install/turtle_interfaces/include/turtle_interfaces/msg/detail/cpu_status__builder.hpp
[2.494s] -- Up-to-date: /home/ekyriakos/my_ws/src/install/turtle_interfaces/include/turtle_interfaces/msg/detail/ebs_service_brake__traits.hpp
[2.494s] -- Up-to-date: /home/ekyriakos/my_ws/src/install/turtle_interfaces/include/turtle_interfaces/msg/detail/dash_bools__traits.hpp
[2.494s] -- Up-to-date: /home/ekyriakos/my_ws/src/install/turtle_interfaces/include/turtle_interfaces/msg/detail/vn_euler__traits.hpp
[2.494s] -- Up-to-date: /home/ekyriakos/my_ws/src/install/turtle_interfaces/include/turtle_interfaces/msg/detail/inverter_commands__traits.hpp
[2.494s] -- Up-to-date: /home/ekyriakos/my_ws/src/install/turtle_interfaces/include/turtle_interfaces/msg/detail/camera_cones_publish__struct.hpp
[2.495s] -- Up-to-date: /home/ekyriakos/my_ws/src/install/turtle_interfaces/include/turtle_interfaces/msg/detail/tsal_safe_state__struct.hpp
[2.495s] -- Up-to-date: /home/ekyriakos/my_ws/src/install/turtle_interfaces/include/turtle_interfaces/msg/detail/ecu_control_systems__builder.hpp
[2.495s] -- Up-to-date: /home/ekyriakos/my_ws/src/install/turtle_interfaces/include/turtle_interfaces/msg/detail/rpm__struct.hpp
[2.495s] -- Up-to-date: /home/ekyriakos/my_ws/src/install/turtle_interfaces/include/turtle_interfaces/msg/detail/cpu_status__struct.hpp
[2.495s] -- Up-to-date: /home/ekyriakos/my_ws/src/install/turtle_interfaces/include/turtle_interfaces/msg/detail/slam_info__struct.hpp
[2.496s] -- Up-to-date: /home/ekyriakos/my_ws/src/install/turtle_interfaces/include/turtle_interfaces/msg/detail/gpu_status__builder.hpp
[2.496s] -- Up-to-date: /home/ekyriakos/my_ws/src/install/turtle_interfaces/include/turtle_interfaces/msg/detail/brake_light__struct.hpp
[2.496s] -- Up-to-date: /home/ekyriakos/my_ws/src/install/turtle_interfaces/include/turtle_interfaces/msg/detail/inverter_info__traits.hpp
[2.496s] -- Up-to-date: /home/ekyriakos/my_ws/src/install/turtle_interfaces/include/turtle_interfaces/msg/detail/mission_status__builder.hpp
[2.496s] -- Up-to-date: /home/ekyriakos/my_ws/src/install/turtle_interfaces/include/turtle_interfaces/msg/ebs_supervisor_info.hpp
[2.496s] -- Up-to-date: /home/ekyriakos/my_ws/src/install/turtle_interfaces/include/turtle_interfaces/msg/camera_status.hpp
[2.496s] -- Up-to-date: /home/ekyriakos/my_ws/src/install/turtle_interfaces/include/turtle_interfaces/msg/slam_statistics.hpp
[2.497s] -- Up-to-date: /home/ekyriakos/my_ws/src/install/turtle_interfaces/include/turtle_interfaces/msg/ebs_tank_pressure.hpp
[2.497s] -- Up-to-date: /home/ekyriakos/my_ws/src/install/turtle_interfaces/include/turtle_interfaces/msg/slam_info.hpp
[2.497s] -- Up-to-date: /home/ekyriakos/my_ws/src/install/turtle_interfaces/include/turtle_interfaces/msg/mpc_info.hpp
[2.497s] -- Up-to-date: /home/ekyriakos/my_ws/src/install/turtle_interfaces/include/turtle_interfaces/msg/vn_ins_status.hpp
[2.497s] -- Up-to-date: /home/ekyriakos/my_ws/src/install/turtle_interfaces/include/turtle_interfaces/msg/apps.hpp
[2.497s] -- Up-to-date: /home/ekyriakos/my_ws/src/install/turtle_interfaces/include/turtle_interfaces/msg/ros_status.hpp
[2.498s] -- Up-to-date: /home/ekyriakos/my_ws/src/install/turtle_interfaces/include/turtle_interfaces/msg/vn_euler.hpp
[2.498s] -- Up-to-date: /home/ekyriakos/my_ws/src/install/turtle_interfaces/include/turtle_interfaces/msg/ouster_imu.hpp
[2.498s] -- Up-to-date: /home/ekyriakos/my_ws/src/install/turtle_interfaces/include/turtle_interfaces/msg/vn_gps_velocity.hpp
[2.498s] -- Up-to-date: /home/ekyriakos/my_ws/src/install/turtle_interfaces/include/turtle_interfaces/msg/mission_status.hpp
[2.498s] -- Up-to-date: /home/ekyriakos/my_ws/src/install/turtle_interfaces/include/turtle_interfaces/msg/camera_cones_publish.hpp
[2.498s] -- Up-to-date: /home/ekyriakos/my_ws/src/install/turtle_interfaces/include/turtle_interfaces/msg/inverter_info.hpp
[2.499s] -- Up-to-date: /home/ekyriakos/my_ws/src/install/turtle_interfaces/include/turtle_interfaces/msg/state_machine_state.hpp
[2.499s] -- Up-to-date: /home/ekyriakos/my_ws/src/install/turtle_interfaces/include/turtle_interfaces/msg/rpm.hpp
[2.499s] -- Up-to-date: /home/ekyriakos/my_ws/src/install/turtle_interfaces/include/turtle_interfaces/msg/dash_bools.hpp
[2.499s] -- Up-to-date: /home/ekyriakos/my_ws/src/install/turtle_interfaces/include/turtle_interfaces/msg/control_info.hpp
[2.499s] -- Up-to-date: /home/ekyriakos/my_ws/src/install/turtle_interfaces/include/turtle_interfaces/msg/ecu_params.hpp
[2.499s] -- Up-to-date: /home/ekyriakos/my_ws/src/install/turtle_interfaces/include/turtle_interfaces/msg/ebs_service_brake.hpp
[2.500s] -- Up-to-date: /home/ekyriakos/my_ws/src/install/turtle_interfaces/include/turtle_interfaces/msg/vn_imu.hpp
[2.500s] -- Up-to-date: /home/ekyriakos/my_ws/src/install/turtle_interfaces/include/turtle_interfaces
[2.500s] -- Up-to-date: /home/ekyriakos/my_ws/src/install/turtle_interfaces/include/turtle_interfaces/msg
[2.500s] -- Up-to-date: /home/ekyriakos/my_ws/src/install/turtle_interfaces/include/turtle_interfaces/msg/detail
[2.500s] -- Up-to-date: /home/ekyriakos/my_ws/src/install/turtle_interfaces/include/turtle_interfaces/msg/detail/slam_info__rosidl_typesupport_introspection_cpp.hpp
[2.500s] -- Up-to-date: /home/ekyriakos/my_ws/src/install/turtle_interfaces/include/turtle_interfaces/msg/detail/state_machine_state__rosidl_typesupport_introspection_cpp.hpp
[2.501s] -- Up-to-date: /home/ekyriakos/my_ws/src/install/turtle_interfaces/include/turtle_interfaces/msg/detail/ebs_supervisor_info__rosidl_typesupport_introspection_cpp.hpp
[2.501s] -- Up-to-date: /home/ekyriakos/my_ws/src/install/turtle_interfaces/include/turtle_interfaces/msg/detail/dash_bools__rosidl_typesupport_introspection_cpp.hpp
[2.501s] -- Up-to-date: /home/ekyriakos/my_ws/src/install/turtle_interfaces/include/turtle_interfaces/msg/detail/ouster_imu__type_support.cpp
[2.501s] -- Up-to-date: /home/ekyriakos/my_ws/src/install/turtle_interfaces/include/turtle_interfaces/msg/detail/ebs_service_brake__type_support.cpp
[2.501s] -- Up-to-date: /home/ekyriakos/my_ws/src/install/turtle_interfaces/include/turtle_interfaces/msg/detail/bounding_boxes__type_support.cpp
[2.501s] -- Up-to-date: /home/ekyriakos/my_ws/src/install/turtle_interfaces/include/turtle_interfaces/msg/detail/vn_euler__rosidl_typesupport_introspection_cpp.hpp
[2.501s] -- Up-to-date: /home/ekyriakos/my_ws/src/install/turtle_interfaces/include/turtle_interfaces/msg/detail/rpm__type_support.cpp
[2.502s] -- Up-to-date: /home/ekyriakos/my_ws/src/install/turtle_interfaces/include/turtle_interfaces/msg/detail/bounding_boxes__rosidl_typesupport_introspection_cpp.hpp
[2.502s] -- Up-to-date: /home/ekyriakos/my_ws/src/install/turtle_interfaces/include/turtle_interfaces/msg/detail/camera_status__type_support.cpp
[2.502s] -- Up-to-date: /home/ekyriakos/my_ws/src/install/turtle_interfaces/include/turtle_interfaces/msg/detail/ecu_control_systems__rosidl_typesupport_introspection_cpp.hpp
[2.502s] -- Up-to-date: /home/ekyriakos/my_ws/src/install/turtle_interfaces/include/turtle_interfaces/msg/detail/camera_cones_publish__rosidl_typesupport_introspection_cpp.hpp
[2.502s] -- Up-to-date: /home/ekyriakos/my_ws/src/install/turtle_interfaces/include/turtle_interfaces/msg/detail/psu_monitor__rosidl_typesupport_introspection_cpp.hpp
[2.502s] -- Up-to-date: /home/ekyriakos/my_ws/src/install/turtle_interfaces/include/turtle_interfaces/msg/detail/ebs_supervisor_info__type_support.cpp
[2.503s] -- Up-to-date: /home/ekyriakos/my_ws/src/install/turtle_interfaces/include/turtle_interfaces/msg/detail/ecu_control_systems__type_support.cpp
[2.503s] -- Up-to-date: /home/ekyriakos/my_ws/src/install/turtle_interfaces/include/turtle_interfaces/msg/detail/gpu_status__rosidl_typesupport_introspection_cpp.hpp
[2.503s] -- Up-to-date: /home/ekyriakos/my_ws/src/install/turtle_interfaces/include/turtle_interfaces/msg/detail/ouster_imu__rosidl_typesupport_introspection_cpp.hpp
[2.503s] -- Up-to-date: /home/ekyriakos/my_ws/src/install/turtle_interfaces/include/turtle_interfaces/msg/detail/psu_monitor__type_support.cpp
[2.503s] -- Up-to-date: /home/ekyriakos/my_ws/src/install/turtle_interfaces/include/turtle_interfaces/msg/detail/vn_gps_position__rosidl_typesupport_introspection_cpp.hpp
[2.504s] -- Up-to-date: /home/ekyriakos/my_ws/src/install/turtle_interfaces/include/turtle_interfaces/msg/detail/gpu_status__type_support.cpp
[2.505s] -- Up-to-date: /home/ekyriakos/my_ws/src/install/turtle_interfaces/include/turtle_interfaces/msg/detail/ecu_params__type_support.cpp
[2.505s] -- Up-to-date: /home/ekyriakos/my_ws/src/install/turtle_interfaces/include/turtle_interfaces/msg/detail/brake__type_support.cpp
[2.506s] -- Up-to-date: /home/ekyriakos/my_ws/src/install/turtle_interfaces/include/turtle_interfaces/msg/detail/dio_status__rosidl_typesupport_introspection_cpp.hpp
[2.506s] -- Up-to-date: /home/ekyriakos/my_ws/src/install/turtle_interfaces/include/turtle_interfaces/msg/detail/isabellen__type_support.cpp
[2.506s] -- Up-to-date: /home/ekyriakos/my_ws/src/install/turtle_interfaces/include/turtle_interfaces/msg/detail/dash_buttons__rosidl_typesupport_introspection_cpp.hpp
[2.507s] -- Up-to-date: /home/ekyriakos/my_ws/src/install/turtle_interfaces/include/turtle_interfaces/msg/detail/slam_statistics__rosidl_typesupport_introspection_cpp.hpp
[2.507s] -- Up-to-date: /home/ekyriakos/my_ws/src/install/turtle_interfaces/include/turtle_interfaces/msg/detail/vn_euler__type_support.cpp
[2.507s] -- Up-to-date: /home/ekyriakos/my_ws/src/install/turtle_interfaces/include/turtle_interfaces/msg/detail/control_info__type_support.cpp
[2.507s] -- Up-to-date: /home/ekyriakos/my_ws/src/install/turtle_interfaces/include/turtle_interfaces/msg/detail/isabellen__rosidl_typesupport_introspection_cpp.hpp
[2.507s] -- Up-to-date: /home/ekyriakos/my_ws/src/install/turtle_interfaces/include/turtle_interfaces/msg/detail/ecu_params__rosidl_typesupport_introspection_cpp.hpp
[2.508s] -- Up-to-date: /home/ekyriakos/my_ws/src/install/turtle_interfaces/include/turtle_interfaces/msg/detail/vn_gps_velocity__rosidl_typesupport_introspection_cpp.hpp
[2.508s] -- Up-to-date: /home/ekyriakos/my_ws/src/install/turtle_interfaces/include/turtle_interfaces/msg/detail/mpc_info__type_support.cpp
[2.509s] -- Up-to-date: /home/ekyriakos/my_ws/src/install/turtle_interfaces/include/turtle_interfaces/msg/detail/brake_light__type_support.cpp
[2.509s] -- Up-to-date: /home/ekyriakos/my_ws/src/install/turtle_interfaces/include/turtle_interfaces/msg/detail/slam_statistics__type_support.cpp
[2.509s] -- Up-to-date: /home/ekyriakos/my_ws/src/install/turtle_interfaces/include/turtle_interfaces/msg/detail/vn_gps_position__type_support.cpp
[2.509s] -- Up-to-date: /home/ekyriakos/my_ws/src/install/turtle_interfaces/include/turtle_interfaces/msg/detail/cpu_status__rosidl_typesupport_introspection_cpp.hpp
[2.509s] -- Up-to-date: /home/ekyriakos/my_ws/src/install/turtle_interfaces/include/turtle_interfaces/msg/detail/control_info__rosidl_typesupport_introspection_cpp.hpp
[2.510s] -- Up-to-date: /home/ekyriakos/my_ws/src/install/turtle_interfaces/include/turtle_interfaces/msg/detail/apps__rosidl_typesupport_introspection_cpp.hpp
[2.510s] -- Up-to-date: /home/ekyriakos/my_ws/src/install/turtle_interfaces/include/turtle_interfaces/msg/detail/ebs_service_brake__rosidl_typesupport_introspection_cpp.hpp
[2.510s] -- Up-to-date: /home/ekyriakos/my_ws/src/install/turtle_interfaces/include/turtle_interfaces/msg/detail/steering__type_support.cpp
[2.510s] -- Up-to-date: /home/ekyriakos/my_ws/src/install/turtle_interfaces/include/turtle_interfaces/msg/detail/vn_gps_velocity__type_support.cpp
[2.510s] -- Up-to-date: /home/ekyriakos/my_ws/src/install/turtle_interfaces/include/turtle_interfaces/msg/detail/vn_quat__rosidl_typesupport_introspection_cpp.hpp
[2.510s] -- Up-to-date: /home/ekyriakos/my_ws/src/install/turtle_interfaces/include/turtle_interfaces/msg/detail/ros_status__type_support.cpp
[2.510s] -- Up-to-date: /home/ekyriakos/my_ws/src/install/turtle_interfaces/include/turtle_interfaces/msg/detail/rpm__rosidl_typesupport_introspection_cpp.hpp
[2.511s] -- Up-to-date: /home/ekyriakos/my_ws/src/install/turtle_interfaces/include/turtle_interfaces/msg/detail/ebs_tank_pressure__rosidl_typesupport_introspection_cpp.hpp
[2.511s] -- Up-to-date: /home/ekyriakos/my_ws/src/install/turtle_interfaces/include/turtle_interfaces/msg/detail/vn_imu__type_support.cpp
[2.511s] -- Up-to-date: /home/ekyriakos/my_ws/src/install/turtle_interfaces/include/turtle_interfaces/msg/detail/camera_status__rosidl_typesupport_introspection_cpp.hpp
[2.511s] -- Up-to-date: /home/ekyriakos/my_ws/src/install/turtle_interfaces/include/turtle_interfaces/msg/detail/cpu_status__type_support.cpp
[2.511s] -- Up-to-date: /home/ekyriakos/my_ws/src/install/turtle_interfaces/include/turtle_interfaces/msg/detail/inverter_info__rosidl_typesupport_introspection_cpp.hpp
[2.511s] -- Up-to-date: /home/ekyriakos/my_ws/src/install/turtle_interfaces/include/turtle_interfaces/msg/detail/vn_ins_status__type_support.cpp
[2.512s] -- Up-to-date: /home/ekyriakos/my_ws/src/install/turtle_interfaces/include/turtle_interfaces/msg/detail/vn_ins_status__rosidl_typesupport_introspection_cpp.hpp
[2.512s] -- Up-to-date: /home/ekyriakos/my_ws/src/install/turtle_interfaces/include/turtle_interfaces/msg/detail/inverter_info__type_support.cpp
[2.512s] -- Up-to-date: /home/ekyriakos/my_ws/src/install/turtle_interfaces/include/turtle_interfaces/msg/detail/cooling_info__type_support.cpp
[2.512s] -- Up-to-date: /home/ekyriakos/my_ws/src/install/turtle_interfaces/include/turtle_interfaces/msg/detail/actuator_cmd__rosidl_typesupport_introspection_cpp.hpp
[2.512s] -- Up-to-date: /home/ekyriakos/my_ws/src/install/turtle_interfaces/include/turtle_interfaces/msg/detail/res_status__rosidl_typesupport_introspection_cpp.hpp
[2.512s] -- Up-to-date: /home/ekyriakos/my_ws/src/install/turtle_interfaces/include/turtle_interfaces/msg/detail/mission_status__type_support.cpp
[2.513s] -- Up-to-date: /home/ekyriakos/my_ws/src/install/turtle_interfaces/include/turtle_interfaces/msg/detail/vn_utc_time__type_support.cpp
[2.513s] -- Up-to-date: /home/ekyriakos/my_ws/src/install/turtle_interfaces/include/turtle_interfaces/msg/detail/vn_imu__rosidl_typesupport_introspection_cpp.hpp
[2.513s] -- Up-to-date: /home/ekyriakos/my_ws/src/install/turtle_interfaces/include/turtle_interfaces/msg/detail/vn_quat__type_support.cpp
[2.513s] -- Up-to-date: /home/ekyriakos/my_ws/src/install/turtle_interfaces/include/turtle_interfaces/msg/detail/can_status__type_support.cpp
[2.513s] -- Up-to-date: /home/ekyriakos/my_ws/src/install/turtle_interfaces/include/turtle_interfaces/msg/detail/brake_light__rosidl_typesupport_introspection_cpp.hpp
[2.513s] -- Up-to-date: /home/ekyriakos/my_ws/src/install/turtle_interfaces/include/turtle_interfaces/msg/detail/dio_status__type_support.cpp
[2.513s] -- Up-to-date: /home/ekyriakos/my_ws/src/install/turtle_interfaces/include/turtle_interfaces/msg/detail/camera_cones_publish__type_support.cpp
[2.514s] -- Up-to-date: /home/ekyriakos/my_ws/src/install/turtle_interfaces/include/turtle_interfaces/msg/detail/dash_buttons__type_support.cpp
[2.514s] -- Up-to-date: /home/ekyriakos/my_ws/src/install/turtle_interfaces/include/turtle_interfaces/msg/detail/can_status__rosidl_typesupport_introspection_cpp.hpp
[2.514s] -- Up-to-date: /home/ekyriakos/my_ws/src/install/turtle_interfaces/include/turtle_interfaces/msg/detail/ros_status__rosidl_typesupport_introspection_cpp.hpp
[2.514s] -- Up-to-date: /home/ekyriakos/my_ws/src/install/turtle_interfaces/include/turtle_interfaces/msg/detail/mpc_info__rosidl_typesupport_introspection_cpp.hpp
[2.515s] -- Up-to-date: /home/ekyriakos/my_ws/src/install/turtle_interfaces/include/turtle_interfaces/msg/detail/mission__rosidl_typesupport_introspection_cpp.hpp
[2.515s] -- Up-to-date: /home/ekyriakos/my_ws/src/install/turtle_interfaces/include/turtle_interfaces/msg/detail/tsal_safe_state__type_support.cpp
[2.515s] -- Up-to-date: /home/ekyriakos/my_ws/src/install/turtle_interfaces/include/turtle_interfaces/msg/detail/inverter_commands__type_support.cpp
[2.515s] -- Up-to-date: /home/ekyriakos/my_ws/src/install/turtle_interfaces/include/turtle_interfaces/msg/detail/vn_utc_time__rosidl_typesupport_introspection_cpp.hpp
[2.515s] -- Up-to-date: /home/ekyriakos/my_ws/src/install/turtle_interfaces/include/turtle_interfaces/msg/detail/tsal_safe_state__rosidl_typesupport_introspection_cpp.hpp
[2.515s] -- Up-to-date: /home/ekyriakos/my_ws/src/install/turtle_interfaces/include/turtle_interfaces/msg/detail/mission_status__rosidl_typesupport_introspection_cpp.hpp
[2.516s] -- Up-to-date: /home/ekyriakos/my_ws/src/install/turtle_interfaces/include/turtle_interfaces/msg/detail/apps__type_support.cpp
[2.516s] -- Up-to-date: /home/ekyriakos/my_ws/src/install/turtle_interfaces/include/turtle_interfaces/msg/detail/steering__rosidl_typesupport_introspection_cpp.hpp
[2.516s] -- Up-to-date: /home/ekyriakos/my_ws/src/install/turtle_interfaces/include/turtle_interfaces/msg/detail/actuator_cmd__type_support.cpp
[2.516s] -- Up-to-date: /home/ekyriakos/my_ws/src/install/turtle_interfaces/include/turtle_interfaces/msg/detail/slam_info__type_support.cpp
[2.517s] -- Up-to-date: /home/ekyriakos/my_ws/src/install/turtle_interfaces/include/turtle_interfaces/msg/detail/inverter_commands__rosidl_typesupport_introspection_cpp.hpp
[2.517s] -- Up-to-date: /home/ekyriakos/my_ws/src/install/turtle_interfaces/include/turtle_interfaces/msg/detail/dash_bools__type_support.cpp
[2.517s] -- Up-to-date: /home/ekyriakos/my_ws/src/install/turtle_interfaces/include/turtle_interfaces/msg/detail/mission__type_support.cpp
[2.517s] -- Up-to-date: /home/ekyriakos/my_ws/src/install/turtle_interfaces/include/turtle_interfaces/msg/detail/res_status__type_support.cpp
[2.517s] -- Up-to-date: /home/ekyriakos/my_ws/src/install/turtle_interfaces/include/turtle_interfaces/msg/detail/cooling_info__rosidl_typesupport_introspection_cpp.hpp
[2.518s] -- Up-to-date: /home/ekyriakos/my_ws/src/install/turtle_interfaces/include/turtle_interfaces/msg/detail/state_machine_state__type_support.cpp
[2.518s] -- Up-to-date: /home/ekyriakos/my_ws/src/install/turtle_interfaces/include/turtle_interfaces/msg/detail/brake__rosidl_typesupport_introspection_cpp.hpp
[2.518s] -- Up-to-date: /home/ekyriakos/my_ws/src/install/turtle_interfaces/include/turtle_interfaces/msg/detail/ebs_tank_pressure__type_support.cpp
[2.518s] -- Up-to-date: /home/ekyriakos/my_ws/src/install/turtle_interfaces/lib/libturtle_interfaces__rosidl_typesupport_introspection_cpp.so
[2.518s] -- Up-to-date: /home/ekyriakos/my_ws/src/install/turtle_interfaces/lib/libturtle_interfaces__rosidl_typesupport_cpp.so
[2.519s] -- Up-to-date: /home/ekyriakos/my_ws/src/install/turtle_interfaces/share/turtle_interfaces/environment/pythonpath.sh
[2.519s] -- Up-to-date: /home/ekyriakos/my_ws/src/install/turtle_interfaces/share/turtle_interfaces/environment/pythonpath.dsv
[2.519s] -- Up-to-date: /home/ekyriakos/my_ws/src/install/turtle_interfaces/lib/python3.8/site-packages/turtle_interfaces/__init__.py
[2.520s] Invoked command in '/home/ekyriakos/my_ws/src/build/turtle_interfaces' returned '-2': CMAKE_PREFIX_PATH=${CMAKE_PREFIX_PATH}:/opt/ros/galactic /usr/bin/cmake --install /home/ekyriakos/my_ws/src/build/turtle_interfaces
